[ 2017-12-30T14:25:54+08:00 ] ::1 /thinkphpbasesystem/
INFO: [ app_init ] --START--
INFO: Run Behavior\BuildLiteBehavior [ RunTime:0.000020s ]
INFO: [ app_init ] --END-- [ RunTime:0.001142s ]

[ 2017-12-30T14:25:57+08:00 ] ::1 /thinkphpbasesystem/index.php/Home/Index/checkLogin
INFO: [ app_init ] --START--
INFO: Run Behavior\BuildLiteBehavior [ RunTime:0.000020s ]
INFO: [ app_init ] --END-- [ RunTime:0.000498s ]
INFO: [ app_begin ] --START--
INFO: Run Behavior\ReadHtmlCacheBehavior [ RunTime:0.000821s ]
INFO: [ app_begin ] --END-- [ RunTime:0.000916s ]
SQL: SHOW COLUMNS FROM `user` [ RunTime:0.1573s ]
SQL: SELECT * FROM `user` WHERE ( username = 'admin' and password = '123456' )  [ RunTime:0.0094s ]
INFO: [ app_end ] --START--
INFO: Run Behavior\ShowPageTraceBehavior [ RunTime:0.000692s ]
INFO: [ app_end ] --END-- [ RunTime:0.000773s ]

[ 2017-12-30T14:25:59+08:00 ] ::1 /thinkphpbasesystem/index.php/Home/Index/checkLogin
INFO: [ app_init ] --START--
INFO: Run Behavior\BuildLiteBehavior [ RunTime:0.000022s ]
INFO: [ app_init ] --END-- [ RunTime:0.000629s ]
INFO: [ app_begin ] --START--
INFO: Run Behavior\ReadHtmlCacheBehavior [ RunTime:0.000475s ]
INFO: [ app_begin ] --END-- [ RunTime:0.000558s ]
SQL: SHOW COLUMNS FROM `user` [ RunTime:0.0010s ]
SQL: SELECT * FROM `user` WHERE ( username = 'admin' and password = '123456' )  [ RunTime:0.0002s ]
INFO: [ app_end ] --START--
INFO: Run Behavior\ShowPageTraceBehavior [ RunTime:0.000525s ]
INFO: [ app_end ] --END-- [ RunTime:0.000604s ]

[ 2017-12-30T14:26:01+08:00 ] ::1 /thinkphpbasesystem/index.php/Home/Index/checkLogin
INFO: [ app_init ] --START--
INFO: Run Behavior\BuildLiteBehavior [ RunTime:0.000020s ]
INFO: [ app_init ] --END-- [ RunTime:0.000435s ]
INFO: [ app_begin ] --START--
INFO: Run Behavior\ReadHtmlCacheBehavior [ RunTime:0.000434s ]
INFO: [ app_begin ] --END-- [ RunTime:0.000517s ]
SQL: SHOW COLUMNS FROM `user` [ RunTime:0.0009s ]
SQL: SELECT * FROM `user` WHERE ( username = 'admin' and password = '000' )  [ RunTime:0.0002s ]
SQL: select distinct p.* from userandrole ur 
                                        RIGHT JOIN roleandpower rp on ur.roleId = rp.roleId
                                        LEFT JOIN power p on rp.powerId = p.id
                                        where ur.userId = 1 
                                        order by parentid asc [ RunTime:0.0069s ]
INFO: [ app_end ] --START--
INFO: Run Behavior\ShowPageTraceBehavior [ RunTime:0.000509s ]
INFO: [ app_end ] --END-- [ RunTime:0.000593s ]

[ 2017-12-30T14:26:01+08:00 ] ::1 /thinkphpbasesystem/index.php/Home/Index/admin
INFO: [ app_init ] --START--
INFO: Run Behavior\BuildLiteBehavior [ RunTime:0.000023s ]
INFO: [ app_init ] --END-- [ RunTime:0.000615s ]

[ 2017-12-30T14:26:03+08:00 ] ::1 /thinkphpbasesystem/index.php/Home/Role/listPage
INFO: [ app_init ] --START--
INFO: Run Behavior\BuildLiteBehavior [ RunTime:0.000022s ]
INFO: [ app_init ] --END-- [ RunTime:0.000623s ]

[ 2017-12-30T14:26:03+08:00 ] ::1 /thinkphpbasesystem/index.php/Home/Role/getPageList?page=1&limit=10&rolename=
INFO: [ app_init ] --START--
INFO: Run Behavior\BuildLiteBehavior [ RunTime:0.000022s ]
INFO: [ app_init ] --END-- [ RunTime:0.000405s ]
INFO: [ app_begin ] --START--
INFO: Run Behavior\ReadHtmlCacheBehavior [ RunTime:0.000394s ]
INFO: [ app_begin ] --END-- [ RunTime:0.000478s ]
SQL: SHOW COLUMNS FROM `role` [ RunTime:0.0111s ]
SQL: SELECT COUNT(*) AS tp_count FROM `role` WHERE ( rolename like'%%' ) LIMIT 1   [ RunTime:0.0020s ]
SQL: select * from Role where rolename like '%%' order by id limit 0,10 [ RunTime:0.0016s ]
INFO: [ app_end ] --START--
INFO: Run Behavior\ShowPageTraceBehavior [ RunTime:0.000934s ]
INFO: [ app_end ] --END-- [ RunTime:0.001115s ]

[ 2017-12-30T14:26:06+08:00 ] ::1 /thinkphpbasesystem/index.php/Home/Power/listPage
INFO: [ app_init ] --START--
INFO: Run Behavior\BuildLiteBehavior [ RunTime:0.000024s ]
INFO: [ app_init ] --END-- [ RunTime:0.000555s ]

[ 2017-12-30T14:26:06+08:00 ] ::1 /thinkphpbasesystem/index.php/Home/Power/getPageList?page=1&limit=10&powername=
INFO: [ app_init ] --START--
INFO: Run Behavior\BuildLiteBehavior [ RunTime:0.000020s ]
INFO: [ app_init ] --END-- [ RunTime:0.000485s ]
INFO: [ app_begin ] --START--
INFO: Run Behavior\ReadHtmlCacheBehavior [ RunTime:0.000452s ]
INFO: [ app_begin ] --END-- [ RunTime:0.000533s ]
SQL: SHOW COLUMNS FROM `power` [ RunTime:0.0011s ]
SQL: SELECT COUNT(*) AS tp_count FROM `power` WHERE ( powername like'%%' ) LIMIT 1   [ RunTime:0.0002s ]
SQL: select p1.*,p2.powername parentname from power p1 left join power p2 on p1.parentid = p2.id where p1.powername like '%%' order by p1.id limit 0,10 [ RunTime:0.0007s ]
INFO: [ app_end ] --START--
INFO: Run Behavior\ShowPageTraceBehavior [ RunTime:0.000546s ]
INFO: [ app_end ] --END-- [ RunTime:0.000624s ]

[ 2017-12-30T14:49:31+08:00 ] ::1 /booksystem/
INFO: [ app_init ] --START--
INFO: Run Behavior\BuildLiteBehavior [ RunTime:0.000047s ]
INFO: [ app_init ] --END-- [ RunTime:0.000673s ]

[ 2017-12-30T14:49:41+08:00 ] ::1 /booksystem/index.php/Home/Index/checkLogin
INFO: [ app_init ] --START--
INFO: Run Behavior\BuildLiteBehavior [ RunTime:0.000021s ]
INFO: [ app_init ] --END-- [ RunTime:0.000616s ]
INFO: [ app_begin ] --START--
INFO: Run Behavior\ReadHtmlCacheBehavior [ RunTime:0.000509s ]
INFO: [ app_begin ] --END-- [ RunTime:0.000592s ]
SQL: SHOW COLUMNS FROM `user` [ RunTime:0.0012s ]
SQL: SELECT * FROM `user` WHERE ( username = 'admin' and password = '000' )  [ RunTime:0.0004s ]
SQL: select distinct p.* from userandrole ur 
                                        RIGHT JOIN roleandpower rp on ur.roleId = rp.roleId
                                        LEFT JOIN power p on rp.powerId = p.id
                                        where ur.userId = 1 
                                        order by parentid asc [ RunTime:0.0023s ]
INFO: [ app_end ] --START--
INFO: Run Behavior\ShowPageTraceBehavior [ RunTime:0.000624s ]
INFO: [ app_end ] --END-- [ RunTime:0.000719s ]

[ 2017-12-30T14:49:41+08:00 ] ::1 /booksystem/index.php/Home/Index/admin
INFO: [ app_init ] --START--
INFO: Run Behavior\BuildLiteBehavior [ RunTime:0.000032s ]
INFO: [ app_init ] --END-- [ RunTime:0.000686s ]

[ 2017-12-30T14:49:43+08:00 ] ::1 /booksystem/index.php/Home/Role/listPage
INFO: [ app_init ] --START--
INFO: Run Behavior\BuildLiteBehavior [ RunTime:0.000020s ]
INFO: [ app_init ] --END-- [ RunTime:0.000571s ]

[ 2017-12-30T14:49:43+08:00 ] ::1 /booksystem/index.php/Home/Role/getPageList?page=1&limit=10&rolename=
INFO: [ app_init ] --START--
INFO: Run Behavior\BuildLiteBehavior [ RunTime:0.000044s ]
INFO: [ app_init ] --END-- [ RunTime:0.000724s ]
INFO: [ app_begin ] --START--
INFO: Run Behavior\ReadHtmlCacheBehavior [ RunTime:0.000606s ]
INFO: [ app_begin ] --END-- [ RunTime:0.000740s ]
SQL: SHOW COLUMNS FROM `role` [ RunTime:0.0030s ]
SQL: SELECT COUNT(*) AS tp_count FROM `role` WHERE ( rolename like'%%' ) LIMIT 1   [ RunTime:0.0004s ]
SQL: select * from Role where rolename like '%%' order by id limit 0,10 [ RunTime:0.0003s ]
INFO: [ app_end ] --START--
INFO: Run Behavior\ShowPageTraceBehavior [ RunTime:0.000553s ]
INFO: [ app_end ] --END-- [ RunTime:0.000636s ]

[ 2017-12-30T15:05:31+08:00 ] ::1 /booksystem/index.php/Home/Power/listPage
INFO: [ app_init ] --START--
INFO: Run Behavior\BuildLiteBehavior [ RunTime:0.000025s ]
INFO: [ app_init ] --END-- [ RunTime:0.000823s ]

[ 2017-12-30T15:05:32+08:00 ] ::1 /booksystem/index.php/Home/Power/getPageList?page=1&limit=10&powername=
INFO: [ app_init ] --START--
INFO: Run Behavior\BuildLiteBehavior [ RunTime:0.000032s ]
INFO: [ app_init ] --END-- [ RunTime:0.000490s ]
INFO: [ app_begin ] --START--
INFO: Run Behavior\ReadHtmlCacheBehavior [ RunTime:0.000441s ]
INFO: [ app_begin ] --END-- [ RunTime:0.000521s ]
SQL: SHOW COLUMNS FROM `power` [ RunTime:0.0011s ]
SQL: SELECT COUNT(*) AS tp_count FROM `power` WHERE ( powername like'%%' ) LIMIT 1   [ RunTime:0.0003s ]
SQL: select p1.*,p2.powername parentname from power p1 left join power p2 on p1.parentid = p2.id where p1.powername like '%%' order by p1.id limit 0,10 [ RunTime:0.0008s ]
INFO: [ app_end ] --START--
INFO: Run Behavior\ShowPageTraceBehavior [ RunTime:0.000552s ]
INFO: [ app_end ] --END-- [ RunTime:0.000632s ]

[ 2017-12-30T15:05:32+08:00 ] ::1 /booksystem/index.php/Home/User/listPage
INFO: [ app_init ] --START--
INFO: Run Behavior\BuildLiteBehavior [ RunTime:0.000023s ]
INFO: [ app_init ] --END-- [ RunTime:0.000494s ]

[ 2017-12-30T15:05:32+08:00 ] ::1 /booksystem/index.php/Home/User/getPageList?page=1&limit=10&truename=
INFO: [ app_init ] --START--
INFO: Run Behavior\BuildLiteBehavior [ RunTime:0.000025s ]
INFO: [ app_init ] --END-- [ RunTime:0.001023s ]
INFO: [ app_begin ] --START--
INFO: Run Behavior\ReadHtmlCacheBehavior [ RunTime:0.000810s ]
INFO: [ app_begin ] --END-- [ RunTime:0.000977s ]
SQL: SHOW COLUMNS FROM `user` [ RunTime:0.0011s ]
SQL: SELECT COUNT(*) AS tp_count FROM `user` WHERE ( truename like'%%' ) LIMIT 1   [ RunTime:0.0002s ]
SQL: select * from User where trueName like '%%' order by id limit 0,10 [ RunTime:0.0002s ]
INFO: [ app_end ] --START--
INFO: Run Behavior\ShowPageTraceBehavior [ RunTime:0.000502s ]
INFO: [ app_end ] --END-- [ RunTime:0.000582s ]

[ 2017-12-30T15:05:33+08:00 ] ::1 /booksystem/index.php/Home/Power/listPage
INFO: [ app_init ] --START--
INFO: Run Behavior\BuildLiteBehavior [ RunTime:0.000020s ]
INFO: [ app_init ] --END-- [ RunTime:0.000472s ]

[ 2017-12-30T15:05:33+08:00 ] ::1 /booksystem/index.php/Home/Power/getPageList?page=1&limit=10&powername=
INFO: [ app_init ] --START--
INFO: Run Behavior\BuildLiteBehavior [ RunTime:0.000020s ]
INFO: [ app_init ] --END-- [ RunTime:0.000460s ]
INFO: [ app_begin ] --START--
INFO: Run Behavior\ReadHtmlCacheBehavior [ RunTime:0.000598s ]
INFO: [ app_begin ] --END-- [ RunTime:0.000753s ]
SQL: SHOW COLUMNS FROM `power` [ RunTime:0.0009s ]
SQL: SELECT COUNT(*) AS tp_count FROM `power` WHERE ( powername like'%%' ) LIMIT 1   [ RunTime:0.0003s ]
SQL: select p1.*,p2.powername parentname from power p1 left join power p2 on p1.parentid = p2.id where p1.powername like '%%' order by p1.id limit 0,10 [ RunTime:0.0011s ]
INFO: [ app_end ] --START--
INFO: Run Behavior\ShowPageTraceBehavior [ RunTime:0.000596s ]
INFO: [ app_end ] --END-- [ RunTime:0.000695s ]

[ 2017-12-30T15:05:34+08:00 ] ::1 /booksystem/index.php/Home/Role/listPage
INFO: [ app_init ] --START--
INFO: Run Behavior\BuildLiteBehavior [ RunTime:0.000024s ]
INFO: [ app_init ] --END-- [ RunTime:0.000666s ]

[ 2017-12-30T15:05:34+08:00 ] ::1 /booksystem/index.php/Home/Role/getPageList?page=1&limit=10&rolename=
INFO: [ app_init ] --START--
INFO: Run Behavior\BuildLiteBehavior [ RunTime:0.000023s ]
INFO: [ app_init ] --END-- [ RunTime:0.000412s ]
INFO: [ app_begin ] --START--
INFO: Run Behavior\ReadHtmlCacheBehavior [ RunTime:0.002297s ]
INFO: [ app_begin ] --END-- [ RunTime:0.002889s ]
SQL: SHOW COLUMNS FROM `role` [ RunTime:0.0029s ]
SQL: SELECT COUNT(*) AS tp_count FROM `role` WHERE ( rolename like'%%' ) LIMIT 1   [ RunTime:0.0004s ]
SQL: select * from Role where rolename like '%%' order by id limit 0,10 [ RunTime:0.0005s ]
INFO: [ app_end ] --START--
INFO: Run Behavior\ShowPageTraceBehavior [ RunTime:0.000699s ]
INFO: [ app_end ] --END-- [ RunTime:0.000809s ]

[ 2017-12-30T15:05:34+08:00 ] ::1 /booksystem/index.php/Home/Power/listPage
INFO: [ app_init ] --START--
INFO: Run Behavior\BuildLiteBehavior [ RunTime:0.000036s ]
INFO: [ app_init ] --END-- [ RunTime:0.000837s ]

[ 2017-12-30T15:05:34+08:00 ] ::1 /booksystem/index.php/Home/Power/getPageList?page=1&limit=10&powername=
INFO: [ app_init ] --START--
INFO: Run Behavior\BuildLiteBehavior [ RunTime:0.000030s ]
INFO: [ app_init ] --END-- [ RunTime:0.000779s ]
INFO: [ app_begin ] --START--
INFO: Run Behavior\ReadHtmlCacheBehavior [ RunTime:0.000869s ]
INFO: [ app_begin ] --END-- [ RunTime:0.001002s ]
SQL: SHOW COLUMNS FROM `power` [ RunTime:0.0043s ]
SQL: SELECT COUNT(*) AS tp_count FROM `power` WHERE ( powername like'%%' ) LIMIT 1   [ RunTime:0.0002s ]
SQL: select p1.*,p2.powername parentname from power p1 left join power p2 on p1.parentid = p2.id where p1.powername like '%%' order by p1.id limit 0,10 [ RunTime:0.0007s ]
INFO: [ app_end ] --START--
INFO: Run Behavior\ShowPageTraceBehavior [ RunTime:0.000471s ]
INFO: [ app_end ] --END-- [ RunTime:0.000548s ]

[ 2017-12-30T15:05:34+08:00 ] ::1 /booksystem/index.php/Home/User/listPage
INFO: [ app_init ] --START--
INFO: Run Behavior\BuildLiteBehavior [ RunTime:0.000045s ]
INFO: [ app_init ] --END-- [ RunTime:0.001155s ]

[ 2017-12-30T15:05:35+08:00 ] ::1 /booksystem/index.php/Home/User/getPageList?page=1&limit=10&truename=
INFO: [ app_init ] --START--
INFO: Run Behavior\BuildLiteBehavior [ RunTime:0.000023s ]
INFO: [ app_init ] --END-- [ RunTime:0.000646s ]
INFO: [ app_begin ] --START--
INFO: Run Behavior\ReadHtmlCacheBehavior [ RunTime:0.000392s ]
INFO: [ app_begin ] --END-- [ RunTime:0.000476s ]
SQL: SHOW COLUMNS FROM `user` [ RunTime:0.0010s ]
SQL: SELECT COUNT(*) AS tp_count FROM `user` WHERE ( truename like'%%' ) LIMIT 1   [ RunTime:0.0002s ]
SQL: select * from User where trueName like '%%' order by id limit 0,10 [ RunTime:0.0001s ]
INFO: [ app_end ] --START--
INFO: Run Behavior\ShowPageTraceBehavior [ RunTime:0.000463s ]
INFO: [ app_end ] --END-- [ RunTime:0.000544s ]

[ 2017-12-30T15:05:35+08:00 ] ::1 /booksystem/index.php/Home/Power/listPage
INFO: [ app_init ] --START--
INFO: Run Behavior\BuildLiteBehavior [ RunTime:0.000041s ]
INFO: [ app_init ] --END-- [ RunTime:0.000663s ]

[ 2017-12-30T15:05:35+08:00 ] ::1 /booksystem/index.php/Home/Power/getPageList?page=1&limit=10&powername=
INFO: [ app_init ] --START--
INFO: Run Behavior\BuildLiteBehavior [ RunTime:0.000056s ]
INFO: [ app_init ] --END-- [ RunTime:0.000821s ]
INFO: [ app_begin ] --START--
INFO: Run Behavior\ReadHtmlCacheBehavior [ RunTime:0.000553s ]
INFO: [ app_begin ] --END-- [ RunTime:0.000641s ]
SQL: SHOW COLUMNS FROM `power` [ RunTime:0.0014s ]
SQL: SELECT COUNT(*) AS tp_count FROM `power` WHERE ( powername like'%%' ) LIMIT 1   [ RunTime:0.0003s ]
SQL: select p1.*,p2.powername parentname from power p1 left join power p2 on p1.parentid = p2.id where p1.powername like '%%' order by p1.id limit 0,10 [ RunTime:0.0027s ]
INFO: [ app_end ] --START--
INFO: Run Behavior\ShowPageTraceBehavior [ RunTime:0.000836s ]
INFO: [ app_end ] --END-- [ RunTime:0.001028s ]

[ 2017-12-30T15:05:35+08:00 ] ::1 /booksystem/index.php/Home/Role/listPage
INFO: [ app_init ] --START--
INFO: Run Behavior\BuildLiteBehavior [ RunTime:0.000023s ]
INFO: [ app_init ] --END-- [ RunTime:0.000461s ]

[ 2017-12-30T15:05:35+08:00 ] ::1 /booksystem/index.php/Home/Role/getPageList?page=1&limit=10&rolename=
INFO: [ app_init ] --START--
INFO: Run Behavior\BuildLiteBehavior [ RunTime:0.000024s ]
INFO: [ app_init ] --END-- [ RunTime:0.000615s ]
INFO: [ app_begin ] --START--
INFO: Run Behavior\ReadHtmlCacheBehavior [ RunTime:0.000724s ]
INFO: [ app_begin ] --END-- [ RunTime:0.000862s ]
SQL: SHOW COLUMNS FROM `role` [ RunTime:0.0011s ]
SQL: SELECT COUNT(*) AS tp_count FROM `role` WHERE ( rolename like'%%' ) LIMIT 1   [ RunTime:0.0002s ]
SQL: select * from Role where rolename like '%%' order by id limit 0,10 [ RunTime:0.0002s ]
INFO: [ app_end ] --START--
INFO: Run Behavior\ShowPageTraceBehavior [ RunTime:0.001402s ]
INFO: [ app_end ] --END-- [ RunTime:0.001557s ]

[ 2017-12-30T15:05:36+08:00 ] ::1 /booksystem/index.php/Home/Power/listPage
INFO: [ app_init ] --START--
INFO: Run Behavior\BuildLiteBehavior [ RunTime:0.000021s ]
INFO: [ app_init ] --END-- [ RunTime:0.000405s ]

[ 2017-12-30T15:05:36+08:00 ] ::1 /booksystem/index.php/Home/Power/getPageList?page=1&limit=10&powername=
INFO: [ app_init ] --START--
INFO: Run Behavior\BuildLiteBehavior [ RunTime:0.000023s ]
INFO: [ app_init ] --END-- [ RunTime:0.000616s ]
INFO: [ app_begin ] --START--
INFO: Run Behavior\ReadHtmlCacheBehavior [ RunTime:0.000469s ]
INFO: [ app_begin ] --END-- [ RunTime:0.000555s ]
SQL: SHOW COLUMNS FROM `power` [ RunTime:0.0010s ]
SQL: SELECT COUNT(*) AS tp_count FROM `power` WHERE ( powername like'%%' ) LIMIT 1   [ RunTime:0.0002s ]
SQL: select p1.*,p2.powername parentname from power p1 left join power p2 on p1.parentid = p2.id where p1.powername like '%%' order by p1.id limit 0,10 [ RunTime:0.0007s ]
INFO: [ app_end ] --START--
INFO: Run Behavior\ShowPageTraceBehavior [ RunTime:0.000512s ]
INFO: [ app_end ] --END-- [ RunTime:0.000591s ]

[ 2017-12-30T15:05:36+08:00 ] ::1 /booksystem/index.php/Home/User/listPage
INFO: [ app_init ] --START--
INFO: Run Behavior\BuildLiteBehavior [ RunTime:0.000022s ]
INFO: [ app_init ] --END-- [ RunTime:0.000471s ]

[ 2017-12-30T15:05:37+08:00 ] ::1 /booksystem/index.php/Home/User/getPageList?page=1&limit=10&truename=
INFO: [ app_init ] --START--
INFO: Run Behavior\BuildLiteBehavior [ RunTime:0.000063s ]
INFO: [ app_init ] --END-- [ RunTime:0.000498s ]
INFO: [ app_begin ] --START--
INFO: Run Behavior\ReadHtmlCacheBehavior [ RunTime:0.000428s ]
INFO: [ app_begin ] --END-- [ RunTime:0.000509s ]
SQL: SHOW COLUMNS FROM `user` [ RunTime:0.0027s ]
SQL: SELECT COUNT(*) AS tp_count FROM `user` WHERE ( truename like'%%' ) LIMIT 1   [ RunTime:0.0008s ]
SQL: select * from User where trueName like '%%' order by id limit 0,10 [ RunTime:0.0003s ]
INFO: [ app_end ] --START--
INFO: Run Behavior\ShowPageTraceBehavior [ RunTime:0.000554s ]
INFO: [ app_end ] --END-- [ RunTime:0.000635s ]

[ 2017-12-30T15:05:37+08:00 ] ::1 /booksystem/index.php/Home/Power/listPage
INFO: [ app_init ] --START--
INFO: Run Behavior\BuildLiteBehavior [ RunTime:0.000075s ]
INFO: [ app_init ] --END-- [ RunTime:0.000689s ]

[ 2017-12-30T15:05:37+08:00 ] ::1 /booksystem/index.php/Home/Power/getPageList?page=1&limit=10&powername=
INFO: [ app_init ] --START--
INFO: Run Behavior\BuildLiteBehavior [ RunTime:0.000045s ]
INFO: [ app_init ] --END-- [ RunTime:0.000890s ]
INFO: [ app_begin ] --START--
INFO: Run Behavior\ReadHtmlCacheBehavior [ RunTime:0.001769s ]
INFO: [ app_begin ] --END-- [ RunTime:0.002196s ]
SQL: SHOW COLUMNS FROM `power` [ RunTime:0.0012s ]
SQL: SELECT COUNT(*) AS tp_count FROM `power` WHERE ( powername like'%%' ) LIMIT 1   [ RunTime:0.0004s ]
SQL: select p1.*,p2.powername parentname from power p1 left join power p2 on p1.parentid = p2.id where p1.powername like '%%' order by p1.id limit 0,10 [ RunTime:0.0007s ]
INFO: [ app_end ] --START--
INFO: Run Behavior\ShowPageTraceBehavior [ RunTime:0.000501s ]
INFO: [ app_end ] --END-- [ RunTime:0.000582s ]

[ 2017-12-30T15:05:37+08:00 ] ::1 /booksystem/index.php/Home/Role/listPage
INFO: [ app_init ] --START--
INFO: Run Behavior\BuildLiteBehavior [ RunTime:0.000024s ]
INFO: [ app_init ] --END-- [ RunTime:0.000791s ]

[ 2017-12-30T15:05:38+08:00 ] ::1 /booksystem/index.php/Home/Role/getPageList?page=1&limit=10&rolename=
INFO: [ app_init ] --START--
INFO: Run Behavior\BuildLiteBehavior [ RunTime:0.000025s ]
INFO: [ app_init ] --END-- [ RunTime:0.001228s ]
INFO: [ app_begin ] --START--
INFO: Run Behavior\ReadHtmlCacheBehavior [ RunTime:0.000410s ]
INFO: [ app_begin ] --END-- [ RunTime:0.000522s ]
SQL: SHOW COLUMNS FROM `role` [ RunTime:0.0010s ]
SQL: SELECT COUNT(*) AS tp_count FROM `role` WHERE ( rolename like'%%' ) LIMIT 1   [ RunTime:0.0002s ]
SQL: select * from Role where rolename like '%%' order by id limit 0,10 [ RunTime:0.0002s ]
INFO: [ app_end ] --START--
INFO: Run Behavior\ShowPageTraceBehavior [ RunTime:0.000480s ]
INFO: [ app_end ] --END-- [ RunTime:0.000580s ]

[ 2017-12-30T15:05:38+08:00 ] ::1 /booksystem/index.php/Home/Power/listPage
INFO: [ app_init ] --START--
INFO: Run Behavior\BuildLiteBehavior [ RunTime:0.000021s ]
INFO: [ app_init ] --END-- [ RunTime:0.000453s ]

[ 2017-12-30T15:05:38+08:00 ] ::1 /booksystem/index.php/Home/Power/getPageList?page=1&limit=10&powername=
INFO: [ app_init ] --START--
INFO: Run Behavior\BuildLiteBehavior [ RunTime:0.000021s ]
INFO: [ app_init ] --END-- [ RunTime:0.000392s ]
INFO: [ app_begin ] --START--
INFO: Run Behavior\ReadHtmlCacheBehavior [ RunTime:0.000377s ]
INFO: [ app_begin ] --END-- [ RunTime:0.000456s ]
SQL: SHOW COLUMNS FROM `power` [ RunTime:0.0041s ]
SQL: SELECT COUNT(*) AS tp_count FROM `power` WHERE ( powername like'%%' ) LIMIT 1   [ RunTime:0.0006s ]
SQL: select p1.*,p2.powername parentname from power p1 left join power p2 on p1.parentid = p2.id where p1.powername like '%%' order by p1.id limit 0,10 [ RunTime:0.0013s ]
INFO: [ app_end ] --START--
INFO: Run Behavior\ShowPageTraceBehavior [ RunTime:0.000599s ]
INFO: [ app_end ] --END-- [ RunTime:0.000756s ]

[ 2017-12-30T15:05:38+08:00 ] ::1 /booksystem/index.php/Home/User/listPage
INFO: [ app_init ] --START--
INFO: Run Behavior\BuildLiteBehavior [ RunTime:0.000045s ]
INFO: [ app_init ] --END-- [ RunTime:0.001109s ]

[ 2017-12-30T15:05:38+08:00 ] ::1 /booksystem/index.php/Home/User/getPageList?page=1&limit=10&truename=
INFO: [ app_init ] --START--
INFO: Run Behavior\BuildLiteBehavior [ RunTime:0.000021s ]
INFO: [ app_init ] --END-- [ RunTime:0.000482s ]
INFO: [ app_begin ] --START--
INFO: Run Behavior\ReadHtmlCacheBehavior [ RunTime:0.001567s ]
INFO: [ app_begin ] --END-- [ RunTime:0.001886s ]
SQL: SHOW COLUMNS FROM `user` [ RunTime:0.0010s ]
SQL: SELECT COUNT(*) AS tp_count FROM `user` WHERE ( truename like'%%' ) LIMIT 1   [ RunTime:0.0002s ]
SQL: select * from User where trueName like '%%' order by id limit 0,10 [ RunTime:0.0002s ]
INFO: [ app_end ] --START--
INFO: Run Behavior\ShowPageTraceBehavior [ RunTime:0.000731s ]
INFO: [ app_end ] --END-- [ RunTime:0.000825s ]

[ 2017-12-30T15:05:39+08:00 ] ::1 /booksystem/index.php/Home/Power/listPage
INFO: [ app_init ] --START--
INFO: Run Behavior\BuildLiteBehavior [ RunTime:0.000026s ]
INFO: [ app_init ] --END-- [ RunTime:0.000866s ]

[ 2017-12-30T15:05:39+08:00 ] ::1 /booksystem/index.php/Home/Power/getPageList?page=1&limit=10&powername=
INFO: [ app_init ] --START--
INFO: Run Behavior\BuildLiteBehavior [ RunTime:0.000021s ]
INFO: [ app_init ] --END-- [ RunTime:0.000475s ]
INFO: [ app_begin ] --START--
INFO: Run Behavior\ReadHtmlCacheBehavior [ RunTime:0.000488s ]
INFO: [ app_begin ] --END-- [ RunTime:0.000567s ]
SQL: SHOW COLUMNS FROM `power` [ RunTime:0.0006s ]
SQL: SELECT COUNT(*) AS tp_count FROM `power` WHERE ( powername like'%%' ) LIMIT 1   [ RunTime:0.0004s ]
SQL: select p1.*,p2.powername parentname from power p1 left join power p2 on p1.parentid = p2.id where p1.powername like '%%' order by p1.id limit 0,10 [ RunTime:0.0017s ]
INFO: [ app_end ] --START--
INFO: Run Behavior\ShowPageTraceBehavior [ RunTime:0.000581s ]
INFO: [ app_end ] --END-- [ RunTime:0.000661s ]

[ 2017-12-30T15:05:39+08:00 ] ::1 /booksystem/index.php/Home/Role/listPage
INFO: [ app_init ] --START--
INFO: Run Behavior\BuildLiteBehavior [ RunTime:0.000038s ]
INFO: [ app_init ] --END-- [ RunTime:0.000582s ]

[ 2017-12-30T15:05:39+08:00 ] ::1 /booksystem/index.php/Home/Role/getPageList?page=1&limit=10&rolename=
INFO: [ app_init ] --START--
INFO: Run Behavior\BuildLiteBehavior [ RunTime:0.000231s ]
INFO: [ app_init ] --END-- [ RunTime:0.003354s ]
INFO: [ app_begin ] --START--
INFO: Run Behavior\ReadHtmlCacheBehavior [ RunTime:0.000859s ]
INFO: [ app_begin ] --END-- [ RunTime:0.001074s ]
SQL: SHOW COLUMNS FROM `role` [ RunTime:0.0004s ]
SQL: SELECT COUNT(*) AS tp_count FROM `role` WHERE ( rolename like'%%' ) LIMIT 1   [ RunTime:0.0002s ]
SQL: select * from Role where rolename like '%%' order by id limit 0,10 [ RunTime:0.0002s ]
INFO: [ app_end ] --START--
INFO: Run Behavior\ShowPageTraceBehavior [ RunTime:0.000536s ]
INFO: [ app_end ] --END-- [ RunTime:0.000613s ]

[ 2017-12-30T15:05:40+08:00 ] ::1 /booksystem/index.php/Home/Power/listPage
INFO: [ app_init ] --START--
INFO: Run Behavior\BuildLiteBehavior [ RunTime:0.000021s ]
INFO: [ app_init ] --END-- [ RunTime:0.000477s ]

[ 2017-12-30T15:05:40+08:00 ] ::1 /booksystem/index.php/Home/Power/getPageList?page=1&limit=10&powername=
INFO: [ app_init ] --START--
INFO: Run Behavior\BuildLiteBehavior [ RunTime:0.000020s ]
INFO: [ app_init ] --END-- [ RunTime:0.000436s ]
INFO: [ app_begin ] --START--
INFO: Run Behavior\ReadHtmlCacheBehavior [ RunTime:0.000403s ]
INFO: [ app_begin ] --END-- [ RunTime:0.000483s ]
SQL: SHOW COLUMNS FROM `power` [ RunTime:0.0013s ]
SQL: SELECT COUNT(*) AS tp_count FROM `power` WHERE ( powername like'%%' ) LIMIT 1   [ RunTime:0.0007s ]
SQL: select p1.*,p2.powername parentname from power p1 left join power p2 on p1.parentid = p2.id where p1.powername like '%%' order by p1.id limit 0,10 [ RunTime:0.0006s ]
INFO: [ app_end ] --START--
INFO: Run Behavior\ShowPageTraceBehavior [ RunTime:0.000577s ]
INFO: [ app_end ] --END-- [ RunTime:0.000658s ]

[ 2017-12-30T15:05:40+08:00 ] ::1 /booksystem/index.php/Home/User/listPage
INFO: [ app_init ] --START--
INFO: Run Behavior\BuildLiteBehavior [ RunTime:0.000048s ]
INFO: [ app_init ] --END-- [ RunTime:0.000793s ]

[ 2017-12-30T15:05:40+08:00 ] ::1 /booksystem/index.php/Home/User/getPageList?page=1&limit=10&truename=
INFO: [ app_init ] --START--
INFO: Run Behavior\BuildLiteBehavior [ RunTime:0.000034s ]
INFO: [ app_init ] --END-- [ RunTime:0.000741s ]
INFO: [ app_begin ] --START--
INFO: Run Behavior\ReadHtmlCacheBehavior [ RunTime:0.000825s ]
INFO: [ app_begin ] --END-- [ RunTime:0.000979s ]
SQL: SHOW COLUMNS FROM `user` [ RunTime:0.0005s ]
SQL: SELECT COUNT(*) AS tp_count FROM `user` WHERE ( truename like'%%' ) LIMIT 1   [ RunTime:0.0003s ]
SQL: select * from User where trueName like '%%' order by id limit 0,10 [ RunTime:0.0002s ]
INFO: [ app_end ] --START--
INFO: Run Behavior\ShowPageTraceBehavior [ RunTime:0.000543s ]
INFO: [ app_end ] --END-- [ RunTime:0.000622s ]

[ 2017-12-30T15:09:53+08:00 ] ::1 /booksystem/index.php/Home/Index/admin
INFO: [ app_init ] --START--
INFO: Run Behavior\BuildLiteBehavior [ RunTime:0.000022s ]
INFO: [ app_init ] --END-- [ RunTime:0.000572s ]

[ 2017-12-30T15:09:55+08:00 ] ::1 /booksystem/index.php/Home/Role/listPage
INFO: [ app_init ] --START--
INFO: Run Behavior\BuildLiteBehavior [ RunTime:0.000047s ]
INFO: [ app_init ] --END-- [ RunTime:0.000580s ]

[ 2017-12-30T15:09:55+08:00 ] ::1 /booksystem/index.php/Home/Role/getPageList?page=1&limit=10&rolename=
INFO: [ app_init ] --START--
INFO: Run Behavior\BuildLiteBehavior [ RunTime:0.000057s ]
INFO: [ app_init ] --END-- [ RunTime:0.001458s ]
INFO: [ app_begin ] --START--
INFO: Run Behavior\ReadHtmlCacheBehavior [ RunTime:0.001141s ]
INFO: [ app_begin ] --END-- [ RunTime:0.001445s ]
SQL: SHOW COLUMNS FROM `role` [ RunTime:0.0009s ]
SQL: SELECT COUNT(*) AS tp_count FROM `role` WHERE ( rolename like'%%' ) LIMIT 1   [ RunTime:0.0003s ]
SQL: select * from Role where rolename like '%%' order by id limit 0,10 [ RunTime:0.0002s ]
INFO: [ app_end ] --START--
INFO: Run Behavior\ShowPageTraceBehavior [ RunTime:0.000508s ]
INFO: [ app_end ] --END-- [ RunTime:0.000585s ]

[ 2017-12-30T15:09:58+08:00 ] ::1 /booksystem/index.php/Home/Power/listPage
INFO: [ app_init ] --START--
INFO: Run Behavior\BuildLiteBehavior [ RunTime:0.000022s ]
INFO: [ app_init ] --END-- [ RunTime:0.000622s ]

[ 2017-12-30T15:09:58+08:00 ] ::1 /booksystem/index.php/Home/Power/getPageList?page=1&limit=10&powername=
INFO: [ app_init ] --START--
INFO: Run Behavior\BuildLiteBehavior [ RunTime:0.000021s ]
INFO: [ app_init ] --END-- [ RunTime:0.000465s ]
INFO: [ app_begin ] --START--
INFO: Run Behavior\ReadHtmlCacheBehavior [ RunTime:0.000436s ]
INFO: [ app_begin ] --END-- [ RunTime:0.000515s ]
SQL: SHOW COLUMNS FROM `power` [ RunTime:0.0013s ]
SQL: SELECT COUNT(*) AS tp_count FROM `power` WHERE ( powername like'%%' ) LIMIT 1   [ RunTime:0.0006s ]
SQL: select p1.*,p2.powername parentname from power p1 left join power p2 on p1.parentid = p2.id where p1.powername like '%%' order by p1.id limit 0,10 [ RunTime:0.0009s ]
INFO: [ app_end ] --START--
INFO: Run Behavior\ShowPageTraceBehavior [ RunTime:0.000535s ]
INFO: [ app_end ] --END-- [ RunTime:0.000614s ]

[ 2017-12-30T15:10:23+08:00 ] ::1 /booksystem/index.php/Home/Power/del
INFO: [ app_init ] --START--
INFO: Run Behavior\BuildLiteBehavior [ RunTime:0.000027s ]
INFO: [ app_init ] --END-- [ RunTime:0.000488s ]
INFO: [ app_begin ] --START--
INFO: Run Behavior\ReadHtmlCacheBehavior [ RunTime:0.000491s ]
INFO: [ app_begin ] --END-- [ RunTime:0.000573s ]
SQL: SHOW COLUMNS FROM `power` [ RunTime:0.0009s ]
SQL: DELETE FROM `power` WHERE `id` IN ('9','12') [ RunTime:0.0375s ]
DEBUG: $res:2
INFO: [ app_end ] --START--
INFO: Run Behavior\ShowPageTraceBehavior [ RunTime:0.000602s ]
INFO: [ app_end ] --END-- [ RunTime:0.000684s ]

[ 2017-12-30T15:10:23+08:00 ] ::1 /booksystem/index.php/Home/Power/listPage
INFO: [ app_init ] --START--
INFO: Run Behavior\BuildLiteBehavior [ RunTime:0.000022s ]
INFO: [ app_init ] --END-- [ RunTime:0.000636s ]

[ 2017-12-30T15:10:24+08:00 ] ::1 /booksystem/index.php/Home/Power/getPageList?page=1&limit=10&powername=
INFO: [ app_init ] --START--
INFO: Run Behavior\BuildLiteBehavior [ RunTime:0.000020s ]
INFO: [ app_init ] --END-- [ RunTime:0.000387s ]
INFO: [ app_begin ] --START--
INFO: Run Behavior\ReadHtmlCacheBehavior [ RunTime:0.000527s ]
INFO: [ app_begin ] --END-- [ RunTime:0.000610s ]
SQL: SHOW COLUMNS FROM `power` [ RunTime:0.0009s ]
SQL: SELECT COUNT(*) AS tp_count FROM `power` WHERE ( powername like'%%' ) LIMIT 1   [ RunTime:0.0003s ]
SQL: select p1.*,p2.powername parentname from power p1 left join power p2 on p1.parentid = p2.id where p1.powername like '%%' order by p1.id limit 0,10 [ RunTime:0.0007s ]
INFO: [ app_end ] --START--
INFO: Run Behavior\ShowPageTraceBehavior [ RunTime:0.000688s ]
INFO: [ app_end ] --END-- [ RunTime:0.000767s ]

[ 2017-12-30T15:10:29+08:00 ] ::1 /booksystem/index.php/Home/Power/del
INFO: [ app_init ] --START--
INFO: Run Behavior\BuildLiteBehavior [ RunTime:0.000020s ]
INFO: [ app_init ] --END-- [ RunTime:0.000453s ]
INFO: [ app_begin ] --START--
INFO: Run Behavior\ReadHtmlCacheBehavior [ RunTime:0.000486s ]
INFO: [ app_begin ] --END-- [ RunTime:0.000568s ]
SQL: SHOW COLUMNS FROM `power` [ RunTime:0.0009s ]
SQL: DELETE FROM `power` WHERE `id` = 8 [ RunTime:0.0243s ]
DEBUG: $res:1
INFO: [ app_end ] --START--
INFO: Run Behavior\ShowPageTraceBehavior [ RunTime:0.000634s ]
INFO: [ app_end ] --END-- [ RunTime:0.000713s ]

[ 2017-12-30T15:10:29+08:00 ] ::1 /booksystem/index.php/Home/Power/listPage
INFO: [ app_init ] --START--
INFO: Run Behavior\BuildLiteBehavior [ RunTime:0.000020s ]
INFO: [ app_init ] --END-- [ RunTime:0.000437s ]

[ 2017-12-30T15:10:29+08:00 ] ::1 /booksystem/index.php/Home/Power/getPageList?page=1&limit=10&powername=
INFO: [ app_init ] --START--
INFO: Run Behavior\BuildLiteBehavior [ RunTime:0.000028s ]
INFO: [ app_init ] --END-- [ RunTime:0.000616s ]
INFO: [ app_begin ] --START--
INFO: Run Behavior\ReadHtmlCacheBehavior [ RunTime:0.000561s ]
INFO: [ app_begin ] --END-- [ RunTime:0.000652s ]
SQL: SHOW COLUMNS FROM `power` [ RunTime:0.0009s ]
SQL: SELECT COUNT(*) AS tp_count FROM `power` WHERE ( powername like'%%' ) LIMIT 1   [ RunTime:0.0003s ]
SQL: select p1.*,p2.powername parentname from power p1 left join power p2 on p1.parentid = p2.id where p1.powername like '%%' order by p1.id limit 0,10 [ RunTime:0.0015s ]
INFO: [ app_end ] --START--
INFO: Run Behavior\ShowPageTraceBehavior [ RunTime:0.000586s ]
INFO: [ app_end ] --END-- [ RunTime:0.000753s ]

[ 2017-12-30T15:10:32+08:00 ] ::1 /booksystem/index.php/Home/User/listPage
INFO: [ app_init ] --START--
INFO: Run Behavior\BuildLiteBehavior [ RunTime:0.000024s ]
INFO: [ app_init ] --END-- [ RunTime:0.000661s ]

[ 2017-12-30T15:10:32+08:00 ] ::1 /booksystem/index.php/Home/User/getPageList?page=1&limit=10&truename=
INFO: [ app_init ] --START--
INFO: Run Behavior\BuildLiteBehavior [ RunTime:0.000031s ]
INFO: [ app_init ] --END-- [ RunTime:0.000927s ]
INFO: [ app_begin ] --START--
INFO: Run Behavior\ReadHtmlCacheBehavior [ RunTime:0.001056s ]
INFO: [ app_begin ] --END-- [ RunTime:0.001245s ]
SQL: SHOW COLUMNS FROM `user` [ RunTime:0.0009s ]
SQL: SELECT COUNT(*) AS tp_count FROM `user` WHERE ( truename like'%%' ) LIMIT 1   [ RunTime:0.0003s ]
SQL: select * from User where trueName like '%%' order by id limit 0,10 [ RunTime:0.0002s ]
INFO: [ app_end ] --START--
INFO: Run Behavior\ShowPageTraceBehavior [ RunTime:0.000596s ]
INFO: [ app_end ] --END-- [ RunTime:0.000673s ]

[ 2017-12-30T15:10:35+08:00 ] ::1 /booksystem/index.php/Home/Role/listPage
INFO: [ app_init ] --START--
INFO: Run Behavior\BuildLiteBehavior [ RunTime:0.000039s ]
INFO: [ app_init ] --END-- [ RunTime:0.000677s ]

[ 2017-12-30T15:10:35+08:00 ] ::1 /booksystem/index.php/Home/Role/getPageList?page=1&limit=10&rolename=
INFO: [ app_init ] --START--
INFO: Run Behavior\BuildLiteBehavior [ RunTime:0.000066s ]
INFO: [ app_init ] --END-- [ RunTime:0.000806s ]
INFO: [ app_begin ] --START--
INFO: Run Behavior\ReadHtmlCacheBehavior [ RunTime:0.000779s ]
INFO: [ app_begin ] --END-- [ RunTime:0.000964s ]
SQL: SHOW COLUMNS FROM `role` [ RunTime:0.0040s ]
SQL: SELECT COUNT(*) AS tp_count FROM `role` WHERE ( rolename like'%%' ) LIMIT 1   [ RunTime:0.0002s ]
SQL: select * from Role where rolename like '%%' order by id limit 0,10 [ RunTime:0.0002s ]
INFO: [ app_end ] --START--
INFO: Run Behavior\ShowPageTraceBehavior [ RunTime:0.000547s ]
INFO: [ app_end ] --END-- [ RunTime:0.000624s ]

[ 2017-12-30T15:19:19+08:00 ] ::1 /booksystem/index.php/Home/Power/listPage
INFO: [ app_init ] --START--
INFO: Run Behavior\BuildLiteBehavior [ RunTime:0.000020s ]
INFO: [ app_init ] --END-- [ RunTime:0.000612s ]

[ 2017-12-30T15:19:19+08:00 ] ::1 /booksystem/index.php/Home/Power/getPageList?page=1&limit=10&powername=
INFO: [ app_init ] --START--
INFO: Run Behavior\BuildLiteBehavior [ RunTime:0.000023s ]
INFO: [ app_init ] --END-- [ RunTime:0.000545s ]
INFO: [ app_begin ] --START--
INFO: Run Behavior\ReadHtmlCacheBehavior [ RunTime:0.002357s ]
INFO: [ app_begin ] --END-- [ RunTime:0.003438s ]
SQL: SHOW COLUMNS FROM `power` [ RunTime:0.0010s ]
SQL: SELECT COUNT(*) AS tp_count FROM `power` WHERE ( powername like'%%' ) LIMIT 1   [ RunTime:0.0004s ]
SQL: select p1.*,p2.powername parentname from power p1 left join power p2 on p1.parentid = p2.id where p1.powername like '%%' order by p1.id limit 0,10 [ RunTime:0.0021s ]
INFO: [ app_end ] --START--
INFO: Run Behavior\ShowPageTraceBehavior [ RunTime:0.000827s ]
INFO: [ app_end ] --END-- [ RunTime:0.000978s ]

[ 2017-12-30T15:19:26+08:00 ] ::1 /booksystem/index.php/Home/Power/toAdd
INFO: [ app_init ] --START--
INFO: Run Behavior\BuildLiteBehavior [ RunTime:0.000036s ]
INFO: [ app_init ] --END-- [ RunTime:0.000589s ]

[ 2017-12-30T15:20:40+08:00 ] ::1 /booksystem/index.php/Home/Power/add
INFO: [ app_init ] --START--
INFO: Run Behavior\BuildLiteBehavior [ RunTime:0.000019s ]
INFO: [ app_init ] --END-- [ RunTime:0.000476s ]
INFO: [ app_begin ] --START--
INFO: Run Behavior\ReadHtmlCacheBehavior [ RunTime:0.000432s ]
INFO: [ app_begin ] --END-- [ RunTime:0.000513s ]
SQL: SHOW COLUMNS FROM `power` [ RunTime:0.0010s ]
SQL: INSERT INTO `power` (`powerName`,`powerUrl`,`icon`,`parentId`) VALUES ('图书管理','','','0') [ RunTime:0.0216s ]
INFO: [ app_end ] --START--
INFO: Run Behavior\ShowPageTraceBehavior [ RunTime:0.000731s ]
INFO: [ app_end ] --END-- [ RunTime:0.000880s ]

[ 2017-12-30T15:20:42+08:00 ] ::1 /booksystem/index.php/Home/Power/listPage
INFO: [ app_init ] --START--
INFO: Run Behavior\BuildLiteBehavior [ RunTime:0.000046s ]
INFO: [ app_init ] --END-- [ RunTime:0.000752s ]

[ 2017-12-30T15:20:42+08:00 ] ::1 /booksystem/index.php/Home/Power/getPageList?page=1&limit=10&powername=
INFO: [ app_init ] --START--
INFO: Run Behavior\BuildLiteBehavior [ RunTime:0.000021s ]
INFO: [ app_init ] --END-- [ RunTime:0.000447s ]
INFO: [ app_begin ] --START--
INFO: Run Behavior\ReadHtmlCacheBehavior [ RunTime:0.000573s ]
INFO: [ app_begin ] --END-- [ RunTime:0.000706s ]
SQL: SHOW COLUMNS FROM `power` [ RunTime:0.0009s ]
SQL: SELECT COUNT(*) AS tp_count FROM `power` WHERE ( powername like'%%' ) LIMIT 1   [ RunTime:0.0003s ]
SQL: select p1.*,p2.powername parentname from power p1 left join power p2 on p1.parentid = p2.id where p1.powername like '%%' order by p1.id limit 0,10 [ RunTime:0.0022s ]
INFO: [ app_end ] --START--
INFO: Run Behavior\ShowPageTraceBehavior [ RunTime:0.000676s ]
INFO: [ app_end ] --END-- [ RunTime:0.000774s ]

[ 2017-12-30T15:20:44+08:00 ] ::1 /booksystem/index.php/Home/Power/toAdd
INFO: [ app_init ] --START--
INFO: Run Behavior\BuildLiteBehavior [ RunTime:0.000020s ]
INFO: [ app_init ] --END-- [ RunTime:0.000447s ]

[ 2017-12-30T15:21:47+08:00 ] ::1 /booksystem/index.php/Home/Power/add
INFO: [ app_init ] --START--
INFO: Run Behavior\BuildLiteBehavior [ RunTime:0.000020s ]
INFO: [ app_init ] --END-- [ RunTime:0.000469s ]
INFO: [ app_begin ] --START--
INFO: Run Behavior\ReadHtmlCacheBehavior [ RunTime:0.000545s ]
INFO: [ app_begin ] --END-- [ RunTime:0.000628s ]
SQL: SHOW COLUMNS FROM `power` [ RunTime:0.0005s ]
SQL: INSERT INTO `power` (`powerName`,`powerUrl`,`icon`,`parentId`) VALUES ('图书管理','/Home/Book/listPage','','13') [ RunTime:0.0282s ]
INFO: [ app_end ] --START--
INFO: Run Behavior\ShowPageTraceBehavior [ RunTime:0.000675s ]
INFO: [ app_end ] --END-- [ RunTime:0.000772s ]

[ 2017-12-30T15:21:48+08:00 ] ::1 /booksystem/index.php/Home/Power/listPage
INFO: [ app_init ] --START--
INFO: Run Behavior\BuildLiteBehavior [ RunTime:0.000055s ]
INFO: [ app_init ] --END-- [ RunTime:0.000683s ]

[ 2017-12-30T15:21:48+08:00 ] ::1 /booksystem/index.php/Home/Power/getPageList?page=1&limit=10&powername=
INFO: [ app_init ] --START--
INFO: Run Behavior\BuildLiteBehavior [ RunTime:0.000025s ]
INFO: [ app_init ] --END-- [ RunTime:0.000616s ]
INFO: [ app_begin ] --START--
INFO: Run Behavior\ReadHtmlCacheBehavior [ RunTime:0.001080s ]
INFO: [ app_begin ] --END-- [ RunTime:0.001325s ]
SQL: SHOW COLUMNS FROM `power` [ RunTime:0.0005s ]
SQL: SELECT COUNT(*) AS tp_count FROM `power` WHERE ( powername like'%%' ) LIMIT 1   [ RunTime:0.0004s ]
SQL: select p1.*,p2.powername parentname from power p1 left join power p2 on p1.parentid = p2.id where p1.powername like '%%' order by p1.id limit 0,10 [ RunTime:0.0009s ]
INFO: [ app_end ] --START--
INFO: Run Behavior\ShowPageTraceBehavior [ RunTime:0.000603s ]
INFO: [ app_end ] --END-- [ RunTime:0.000685s ]

[ 2017-12-30T15:22:51+08:00 ] ::1 /booksystem/index.php/Home/Power/listPage
INFO: [ app_init ] --START--
INFO: Run Behavior\BuildLiteBehavior [ RunTime:0.000022s ]
INFO: [ app_init ] --END-- [ RunTime:0.001108s ]

[ 2017-12-30T15:22:51+08:00 ] ::1 /booksystem/index.php/Home/Power/getPageList?page=1&limit=10&powername=
INFO: [ app_init ] --START--
INFO: Run Behavior\BuildLiteBehavior [ RunTime:0.000044s ]
INFO: [ app_init ] --END-- [ RunTime:0.000757s ]
INFO: [ app_begin ] --START--
INFO: Run Behavior\ReadHtmlCacheBehavior [ RunTime:0.000709s ]
INFO: [ app_begin ] --END-- [ RunTime:0.000870s ]
SQL: SHOW COLUMNS FROM `power` [ RunTime:0.0010s ]
SQL: SELECT COUNT(*) AS tp_count FROM `power` WHERE ( powername like'%%' ) LIMIT 1   [ RunTime:0.0003s ]
SQL: select p1.*,p2.powername parentname from power p1 left join power p2 on p1.parentid = p2.id where p1.powername like '%%' order by p1.id limit 0,10 [ RunTime:0.0007s ]
INFO: [ app_end ] --START--
INFO: Run Behavior\ShowPageTraceBehavior [ RunTime:0.000526s ]
INFO: [ app_end ] --END-- [ RunTime:0.000606s ]

[ 2017-12-30T15:22:55+08:00 ] ::1 /booksystem/index.php/Home/Role/listPage
INFO: [ app_init ] --START--
INFO: Run Behavior\BuildLiteBehavior [ RunTime:0.000024s ]
INFO: [ app_init ] --END-- [ RunTime:0.000551s ]

[ 2017-12-30T15:22:55+08:00 ] ::1 /booksystem/index.php/Home/Role/getPageList?page=1&limit=10&rolename=
INFO: [ app_init ] --START--
INFO: Run Behavior\BuildLiteBehavior [ RunTime:0.000022s ]
INFO: [ app_init ] --END-- [ RunTime:0.000835s ]
INFO: [ app_begin ] --START--
INFO: Run Behavior\ReadHtmlCacheBehavior [ RunTime:0.000442s ]
INFO: [ app_begin ] --END-- [ RunTime:0.000522s ]
SQL: SHOW COLUMNS FROM `role` [ RunTime:0.0010s ]
SQL: SELECT COUNT(*) AS tp_count FROM `role` WHERE ( rolename like'%%' ) LIMIT 1   [ RunTime:0.0005s ]
SQL: select * from Role where rolename like '%%' order by id limit 0,10 [ RunTime:0.0007s ]
INFO: [ app_end ] --START--
INFO: Run Behavior\ShowPageTraceBehavior [ RunTime:0.000804s ]
INFO: [ app_end ] --END-- [ RunTime:0.000971s ]

[ 2017-12-30T15:22:58+08:00 ] ::1 /booksystem/index.php/Home/Role/powerTable?roleId=1
INFO: [ app_init ] --START--
INFO: Run Behavior\BuildLiteBehavior [ RunTime:0.000021s ]
INFO: [ app_init ] --END-- [ RunTime:0.000739s ]

[ 2017-12-30T15:22:58+08:00 ] ::1 /booksystem/index.php/Home/Role/powerTreeList?roleId=1
INFO: [ app_init ] --START--
INFO: Run Behavior\BuildLiteBehavior [ RunTime:0.000022s ]
INFO: [ app_init ] --END-- [ RunTime:0.000454s ]
INFO: [ app_begin ] --START--
INFO: Run Behavior\ReadHtmlCacheBehavior [ RunTime:0.000540s ]
INFO: [ app_begin ] --END-- [ RunTime:0.000642s ]
SQL: select rp.roleId,p.*,case when p.parentId=0 then p.id ELSE CONCAT(p.parentId,'-',p.id) end treeCode from power p LEFT JOIN roleandpower rp on p.id = rp.powerId and rp.roleId = 1 ORDER BY treeCode [ RunTime:0.0198s ]
INFO: [ app_end ] --START--
INFO: Run Behavior\ShowPageTraceBehavior [ RunTime:0.000529s ]
INFO: [ app_end ] --END-- [ RunTime:0.000612s ]

[ 2017-12-30T15:23:00+08:00 ] ::1 /booksystem/index.php/Home/Role/changePower
INFO: [ app_init ] --START--
INFO: Run Behavior\BuildLiteBehavior [ RunTime:0.000019s ]
INFO: [ app_init ] --END-- [ RunTime:0.000420s ]
INFO: [ app_begin ] --START--
INFO: Run Behavior\ReadHtmlCacheBehavior [ RunTime:0.000472s ]
INFO: [ app_begin ] --END-- [ RunTime:0.000552s ]
SQL: SHOW COLUMNS FROM `roleandpower` [ RunTime:0.0009s ]
SQL: DELETE FROM `roleandpower` WHERE ( roleId = 1 ) [ RunTime:0.0255s ]
SQL: INSERT INTO `roleandpower` (`roleId`,`powerId`) VALUES ('1','1') [ RunTime:0.0496s ]
SQL: INSERT INTO `roleandpower` (`roleId`,`powerId`) VALUES ('1','2') [ RunTime:0.0499s ]
SQL: INSERT INTO `roleandpower` (`roleId`,`powerId`) VALUES ('1','3') [ RunTime:0.0297s ]
SQL: INSERT INTO `roleandpower` (`roleId`,`powerId`) VALUES ('1','4') [ RunTime:0.0257s ]
SQL: INSERT INTO `roleandpower` (`roleId`,`powerId`) VALUES ('1','13') [ RunTime:0.0247s ]
SQL: INSERT INTO `roleandpower` (`roleId`,`powerId`) VALUES ('1','14') [ RunTime:0.0247s ]
INFO: [ app_end ] --START--
INFO: Run Behavior\ShowPageTraceBehavior [ RunTime:0.000540s ]
INFO: [ app_end ] --END-- [ RunTime:0.000623s ]

[ 2017-12-30T15:23:03+08:00 ] ::1 /booksystem/index.php/Home/Index/index
INFO: [ app_init ] --START--
INFO: Run Behavior\BuildLiteBehavior [ RunTime:0.000023s ]
INFO: [ app_init ] --END-- [ RunTime:0.000544s ]

[ 2017-12-30T15:23:07+08:00 ] ::1 /booksystem/index.php/Home/Index/checkLogin
INFO: [ app_init ] --START--
INFO: Run Behavior\BuildLiteBehavior [ RunTime:0.000023s ]
INFO: [ app_init ] --END-- [ RunTime:0.000421s ]
INFO: [ app_begin ] --START--
INFO: Run Behavior\ReadHtmlCacheBehavior [ RunTime:0.000453s ]
INFO: [ app_begin ] --END-- [ RunTime:0.000533s ]
SQL: SHOW COLUMNS FROM `user` [ RunTime:0.0009s ]
SQL: SELECT * FROM `user` WHERE ( username = 'admin' and password = '000' )  [ RunTime:0.0003s ]
SQL: select distinct p.* from userandrole ur 
                                        RIGHT JOIN roleandpower rp on ur.roleId = rp.roleId
                                        LEFT JOIN power p on rp.powerId = p.id
                                        where ur.userId = 1 
                                        order by parentid asc [ RunTime:0.0019s ]
INFO: [ app_end ] --START--
INFO: Run Behavior\ShowPageTraceBehavior [ RunTime:0.000568s ]
INFO: [ app_end ] --END-- [ RunTime:0.000647s ]

[ 2017-12-30T15:23:07+08:00 ] ::1 /booksystem/index.php/Home/Index/admin
INFO: [ app_init ] --START--
INFO: Run Behavior\BuildLiteBehavior [ RunTime:0.000022s ]
INFO: [ app_init ] --END-- [ RunTime:0.000729s ]

[ 2017-12-30T15:23:10+08:00 ] ::1 /booksystem/index.php/Home/Book/listPage
INFO: [ app_init ] --START--
INFO: Run Behavior\BuildLiteBehavior [ RunTime:0.000083s ]
INFO: [ app_init ] --END-- [ RunTime:0.000789s ]
ERR: 无法加载控制器:Book

[ 2017-12-30T15:23:13+08:00 ] ::1 /booksystem/index.php/Home/Book/listPage
INFO: [ app_init ] --START--
INFO: Run Behavior\BuildLiteBehavior [ RunTime:0.000039s ]
INFO: [ app_init ] --END-- [ RunTime:0.000673s ]
ERR: 无法加载控制器:Book

[ 2017-12-30T15:27:28+08:00 ] ::1 /booksystem/index.php/Home/Index/admin
INFO: [ app_init ] --START--
INFO: Run Behavior\BuildLiteBehavior [ RunTime:0.000026s ]
INFO: [ app_init ] --END-- [ RunTime:0.000868s ]

[ 2017-12-30T15:27:30+08:00 ] ::1 /booksystem/index.php/Home/Book/listPage
INFO: [ app_init ] --START--
INFO: Run Behavior\BuildLiteBehavior [ RunTime:0.000068s ]
INFO: [ app_init ] --END-- [ RunTime:0.000857s ]

[ 2017-12-30T15:27:31+08:00 ] ::1 /booksystem/index.php/Home/Book/getPageList?page=1&limit=10&truename=
INFO: [ app_init ] --START--
INFO: Run Behavior\BuildLiteBehavior [ RunTime:0.000019s ]
INFO: [ app_init ] --END-- [ RunTime:0.000492s ]
INFO: [ app_begin ] --START--
INFO: Run Behavior\ReadHtmlCacheBehavior [ RunTime:0.000442s ]
INFO: [ app_begin ] --END-- [ RunTime:0.000522s ]
ERR: 1146:Table 'booksystem.book' doesn't exist
 [ SQL语句 ] : SHOW COLUMNS FROM `book`
ERR: 1146:Table 'booksystem.book' doesn't exist
 [ SQL语句 ] : SHOW COLUMNS FROM `book`

[ 2017-12-30T15:34:31+08:00 ] ::1 /booksystem/index.php/Home/Index/admin
INFO: [ app_init ] --START--
INFO: Run Behavior\BuildLiteBehavior [ RunTime:0.000021s ]
INFO: [ app_init ] --END-- [ RunTime:0.000493s ]

[ 2017-12-30T15:34:33+08:00 ] ::1 /booksystem/index.php/Home/Book/listPage
INFO: [ app_init ] --START--
INFO: Run Behavior\BuildLiteBehavior [ RunTime:0.000032s ]
INFO: [ app_init ] --END-- [ RunTime:0.000672s ]

[ 2017-12-30T15:34:33+08:00 ] ::1 /booksystem/index.php/Home/Book/getPageList?page=1&limit=10&truename=
INFO: [ app_init ] --START--
INFO: Run Behavior\BuildLiteBehavior [ RunTime:0.000028s ]
INFO: [ app_init ] --END-- [ RunTime:0.000546s ]
INFO: [ app_begin ] --START--
INFO: Run Behavior\ReadHtmlCacheBehavior [ RunTime:0.000434s ]
INFO: [ app_begin ] --END-- [ RunTime:0.000513s ]
SQL: SHOW COLUMNS FROM `book` [ RunTime:0.0009s ]
NOTIC: [8] Undefined variable: bookname D:\wamp\Apache24\www\BookSystem\Application\Home\Controller\BookController.class.php 第 23 行.
SQL: SELECT COUNT(*) AS tp_count FROM `book` WHERE ( bookname like'%%' ) LIMIT 1   [ RunTime:0.0002s ]
NOTIC: [8] Undefined variable: bookname D:\wamp\Apache24\www\BookSystem\Application\Home\Controller\BookController.class.php 第 27 行.
ERR: 1054:Unknown column 'trueName' in 'where clause'
 [ SQL语句 ] : select * from Book where trueName like '%%' order by id limit 0,10
ERR: 1054:Unknown column 'trueName' in 'where clause'
 [ SQL语句 ] : select * from Book where trueName like '%%' order by id limit 0,10

[ 2017-12-30T15:35:36+08:00 ] ::1 /booksystem/index.php/Home/Index/admin
INFO: [ app_init ] --START--
INFO: Run Behavior\BuildLiteBehavior [ RunTime:0.000021s ]
INFO: [ app_init ] --END-- [ RunTime:0.000500s ]

[ 2017-12-30T15:35:38+08:00 ] ::1 /booksystem/index.php/Home/Book/listPage
INFO: [ app_init ] --START--
INFO: Run Behavior\BuildLiteBehavior [ RunTime:0.000021s ]
INFO: [ app_init ] --END-- [ RunTime:0.000547s ]

[ 2017-12-30T15:35:38+08:00 ] ::1 /booksystem/index.php/Home/Book/getPageList?page=1&limit=10&truename=
INFO: [ app_init ] --START--
INFO: Run Behavior\BuildLiteBehavior [ RunTime:0.000027s ]
INFO: [ app_init ] --END-- [ RunTime:0.000565s ]
INFO: [ app_begin ] --START--
INFO: Run Behavior\ReadHtmlCacheBehavior [ RunTime:0.001854s ]
INFO: [ app_begin ] --END-- [ RunTime:0.002364s ]
SQL: SHOW COLUMNS FROM `book` [ RunTime:0.0009s ]
NOTIC: [8] Undefined variable: bookname D:\wamp\Apache24\www\BookSystem\Application\Home\Controller\BookController.class.php 第 23 行.
SQL: SELECT COUNT(*) AS tp_count FROM `book` WHERE ( bookname like'%%' ) LIMIT 1   [ RunTime:0.0003s ]
NOTIC: [8] Undefined variable: bookname D:\wamp\Apache24\www\BookSystem\Application\Home\Controller\BookController.class.php 第 27 行.
SQL: select * from Book where bookname like '%%' order by id limit 0,10 [ RunTime:0.0002s ]
INFO: [ app_end ] --START--
INFO: Run Behavior\ShowPageTraceBehavior [ RunTime:0.000485s ]
INFO: [ app_end ] --END-- [ RunTime:0.000561s ]

[ 2017-12-30T15:36:38+08:00 ] ::1 /booksystem/index.php/Home/Index/admin
INFO: [ app_init ] --START--
INFO: Run Behavior\BuildLiteBehavior [ RunTime:0.000020s ]
INFO: [ app_init ] --END-- [ RunTime:0.000578s ]

[ 2017-12-30T15:36:40+08:00 ] ::1 /booksystem/index.php/Home/Book/listPage
INFO: [ app_init ] --START--
INFO: Run Behavior\BuildLiteBehavior [ RunTime:0.000039s ]
INFO: [ app_init ] --END-- [ RunTime:0.000552s ]

[ 2017-12-30T15:36:40+08:00 ] ::1 /booksystem/index.php/Home/Book/getPageList?page=1&limit=10&truename=
INFO: [ app_init ] --START--
INFO: Run Behavior\BuildLiteBehavior [ RunTime:0.000021s ]
INFO: [ app_init ] --END-- [ RunTime:0.000554s ]
INFO: [ app_begin ] --START--
INFO: Run Behavior\ReadHtmlCacheBehavior [ RunTime:0.000492s ]
INFO: [ app_begin ] --END-- [ RunTime:0.000578s ]
SQL: SHOW COLUMNS FROM `book` [ RunTime:0.0010s ]
NOTIC: [8] Undefined variable: bookname D:\wamp\Apache24\www\BookSystem\Application\Home\Controller\BookController.class.php 第 23 行.
SQL: SELECT COUNT(*) AS tp_count FROM `book` WHERE ( bookname like'%%' ) LIMIT 1   [ RunTime:0.0002s ]
NOTIC: [8] Undefined variable: bookname D:\wamp\Apache24\www\BookSystem\Application\Home\Controller\BookController.class.php 第 27 行.
SQL: select * from Book where bookname like '%%' order by id limit 0,10 [ RunTime:0.0002s ]
INFO: [ app_end ] --START--
INFO: Run Behavior\ShowPageTraceBehavior [ RunTime:0.001086s ]
INFO: [ app_end ] --END-- [ RunTime:0.001178s ]

[ 2017-12-30T15:36:53+08:00 ] ::1 /booksystem/index.php/Home/Index/admin
INFO: [ app_init ] --START--
INFO: Run Behavior\BuildLiteBehavior [ RunTime:0.000041s ]
INFO: [ app_init ] --END-- [ RunTime:0.000862s ]

[ 2017-12-30T15:36:55+08:00 ] ::1 /booksystem/index.php/Home/Book/listPage
INFO: [ app_init ] --START--
INFO: Run Behavior\BuildLiteBehavior [ RunTime:0.000023s ]
INFO: [ app_init ] --END-- [ RunTime:0.000528s ]

[ 2017-12-30T15:36:55+08:00 ] ::1 /booksystem/index.php/Home/Book/getPageList?page=1&limit=10&truename=
INFO: [ app_init ] --START--
INFO: Run Behavior\BuildLiteBehavior [ RunTime:0.000040s ]
INFO: [ app_init ] --END-- [ RunTime:0.000691s ]
INFO: [ app_begin ] --START--
INFO: Run Behavior\ReadHtmlCacheBehavior [ RunTime:0.000920s ]
INFO: [ app_begin ] --END-- [ RunTime:0.001039s ]
SQL: SHOW COLUMNS FROM `book` [ RunTime:0.0010s ]
NOTIC: [8] Undefined variable: bookname D:\wamp\Apache24\www\BookSystem\Application\Home\Controller\BookController.class.php 第 23 行.
SQL: SELECT COUNT(*) AS tp_count FROM `book` WHERE ( bookname like'%%' ) LIMIT 1   [ RunTime:0.0002s ]
NOTIC: [8] Undefined variable: bookname D:\wamp\Apache24\www\BookSystem\Application\Home\Controller\BookController.class.php 第 27 行.
SQL: select * from Book where bookname like '%%' order by id limit 0,10 [ RunTime:0.0002s ]
INFO: [ app_end ] --START--
INFO: Run Behavior\ShowPageTraceBehavior [ RunTime:0.000491s ]
INFO: [ app_end ] --END-- [ RunTime:0.000583s ]

[ 2017-12-30T16:17:33+08:00 ] ::1 /booksystem/index.php/Home/Book/listPage
INFO: [ app_init ] --START--
INFO: Run Behavior\BuildLiteBehavior [ RunTime:0.000034s ]
INFO: [ app_init ] --END-- [ RunTime:0.000781s ]

[ 2017-12-30T16:17:33+08:00 ] ::1 /booksystem/index.php/Home/Book/getPageList?page=1&limit=10&truename=
INFO: [ app_init ] --START--
INFO: Run Behavior\BuildLiteBehavior [ RunTime:0.000057s ]
INFO: [ app_init ] --END-- [ RunTime:0.001159s ]
INFO: [ app_begin ] --START--
INFO: Run Behavior\ReadHtmlCacheBehavior [ RunTime:0.000593s ]
INFO: [ app_begin ] --END-- [ RunTime:0.000704s ]
SQL: SHOW COLUMNS FROM `book` [ RunTime:0.0025s ]
NOTIC: [8] Undefined variable: bookname D:\wamp\Apache24\www\BookSystem\Application\Home\Controller\BookController.class.php 第 23 行.
SQL: SELECT COUNT(*) AS tp_count FROM `book` WHERE ( bookname like'%%' ) LIMIT 1   [ RunTime:0.0006s ]
NOTIC: [8] Undefined variable: bookname D:\wamp\Apache24\www\BookSystem\Application\Home\Controller\BookController.class.php 第 27 行.
SQL: select * from Book where bookname like '%%' order by id limit 0,10 [ RunTime:0.0003s ]
INFO: [ app_end ] --START--
INFO: Run Behavior\ShowPageTraceBehavior [ RunTime:0.000592s ]
INFO: [ app_end ] --END-- [ RunTime:0.000672s ]

[ 2017-12-30T16:19:31+08:00 ] ::1 /booksystem/index.php/Home/Book/toAdd
INFO: [ app_init ] --START--
INFO: Run Behavior\BuildLiteBehavior [ RunTime:0.000023s ]
INFO: [ app_init ] --END-- [ RunTime:0.001126s ]

[ 2017-12-30T16:19:41+08:00 ] ::1 /booksystem/index.php/Home/Power/listPage
INFO: [ app_init ] --START--
INFO: Run Behavior\BuildLiteBehavior [ RunTime:0.000021s ]
INFO: [ app_init ] --END-- [ RunTime:0.000485s ]

[ 2017-12-30T16:19:41+08:00 ] ::1 /booksystem/index.php/Home/Power/getPageList?page=1&limit=10&powername=
INFO: [ app_init ] --START--
INFO: Run Behavior\BuildLiteBehavior [ RunTime:0.000024s ]
INFO: [ app_init ] --END-- [ RunTime:0.000866s ]
INFO: [ app_begin ] --START--
INFO: Run Behavior\ReadHtmlCacheBehavior [ RunTime:0.000909s ]
INFO: [ app_begin ] --END-- [ RunTime:0.001088s ]
SQL: SHOW COLUMNS FROM `power` [ RunTime:0.0007s ]
SQL: SELECT COUNT(*) AS tp_count FROM `power` WHERE ( powername like'%%' ) LIMIT 1   [ RunTime:0.0005s ]
SQL: select p1.*,p2.powername parentname from power p1 left join power p2 on p1.parentid = p2.id where p1.powername like '%%' order by p1.id limit 0,10 [ RunTime:0.0015s ]
INFO: [ app_end ] --START--
INFO: Run Behavior\ShowPageTraceBehavior [ RunTime:0.000821s ]
INFO: [ app_end ] --END-- [ RunTime:0.000962s ]

[ 2017-12-30T16:19:49+08:00 ] ::1 /booksystem/index.php/Home/User/listPage
INFO: [ app_init ] --START--
INFO: Run Behavior\BuildLiteBehavior [ RunTime:0.000023s ]
INFO: [ app_init ] --END-- [ RunTime:0.000698s ]

[ 2017-12-30T16:19:50+08:00 ] ::1 /booksystem/index.php/Home/User/getPageList?page=1&limit=10&truename=
INFO: [ app_init ] --START--
INFO: Run Behavior\BuildLiteBehavior [ RunTime:0.000040s ]
INFO: [ app_init ] --END-- [ RunTime:0.000591s ]
INFO: [ app_begin ] --START--
INFO: Run Behavior\ReadHtmlCacheBehavior [ RunTime:0.000424s ]
INFO: [ app_begin ] --END-- [ RunTime:0.000505s ]
SQL: SHOW COLUMNS FROM `user` [ RunTime:0.0012s ]
SQL: SELECT COUNT(*) AS tp_count FROM `user` WHERE ( truename like'%%' ) LIMIT 1   [ RunTime:0.0002s ]
SQL: select * from User where trueName like '%%' order by id limit 0,10 [ RunTime:0.0002s ]
INFO: [ app_end ] --START--
INFO: Run Behavior\ShowPageTraceBehavior [ RunTime:0.000522s ]
INFO: [ app_end ] --END-- [ RunTime:0.000598s ]

[ 2017-12-30T16:19:50+08:00 ] ::1 /booksystem/index.php/Home/Role/listPage
INFO: [ app_init ] --START--
INFO: Run Behavior\BuildLiteBehavior [ RunTime:0.000022s ]
INFO: [ app_init ] --END-- [ RunTime:0.000433s ]

[ 2017-12-30T16:19:50+08:00 ] ::1 /booksystem/index.php/Home/Role/getPageList?page=1&limit=10&rolename=
INFO: [ app_init ] --START--
INFO: Run Behavior\BuildLiteBehavior [ RunTime:0.000075s ]
INFO: [ app_init ] --END-- [ RunTime:0.001908s ]
INFO: [ app_begin ] --START--
INFO: Run Behavior\ReadHtmlCacheBehavior [ RunTime:0.000549s ]
INFO: [ app_begin ] --END-- [ RunTime:0.000671s ]
SQL: SHOW COLUMNS FROM `role` [ RunTime:0.0011s ]
SQL: SELECT COUNT(*) AS tp_count FROM `role` WHERE ( rolename like'%%' ) LIMIT 1   [ RunTime:0.0002s ]
SQL: select * from Role where rolename like '%%' order by id limit 0,10 [ RunTime:0.0001s ]
INFO: [ app_end ] --START--
INFO: Run Behavior\ShowPageTraceBehavior [ RunTime:0.001035s ]
INFO: [ app_end ] --END-- [ RunTime:0.001250s ]

[ 2017-12-30T16:19:51+08:00 ] ::1 /booksystem/index.php/Home/User/listPage
INFO: [ app_init ] --START--
INFO: Run Behavior\BuildLiteBehavior [ RunTime:0.000027s ]
INFO: [ app_init ] --END-- [ RunTime:0.000627s ]

[ 2017-12-30T16:19:51+08:00 ] ::1 /booksystem/index.php/Home/User/getPageList?page=1&limit=10&truename=
INFO: [ app_init ] --START--
INFO: Run Behavior\BuildLiteBehavior [ RunTime:0.000020s ]
INFO: [ app_init ] --END-- [ RunTime:0.000409s ]
INFO: [ app_begin ] --START--
INFO: Run Behavior\ReadHtmlCacheBehavior [ RunTime:0.000414s ]
INFO: [ app_begin ] --END-- [ RunTime:0.000492s ]
SQL: SHOW COLUMNS FROM `user` [ RunTime:0.0006s ]
SQL: SELECT COUNT(*) AS tp_count FROM `user` WHERE ( truename like'%%' ) LIMIT 1   [ RunTime:0.0003s ]
SQL: select * from User where trueName like '%%' order by id limit 0,10 [ RunTime:0.0002s ]
INFO: [ app_end ] --START--
INFO: Run Behavior\ShowPageTraceBehavior [ RunTime:0.000463s ]
INFO: [ app_end ] --END-- [ RunTime:0.000539s ]

[ 2017-12-30T16:19:52+08:00 ] ::1 /booksystem/index.php/Home/Power/listPage
INFO: [ app_init ] --START--
INFO: Run Behavior\BuildLiteBehavior [ RunTime:0.000045s ]
INFO: [ app_init ] --END-- [ RunTime:0.001154s ]

[ 2017-12-30T16:19:52+08:00 ] ::1 /booksystem/index.php/Home/Power/getPageList?page=1&limit=10&powername=
INFO: [ app_init ] --START--
INFO: Run Behavior\BuildLiteBehavior [ RunTime:0.000099s ]
INFO: [ app_init ] --END-- [ RunTime:0.001671s ]
INFO: [ app_begin ] --START--
INFO: Run Behavior\ReadHtmlCacheBehavior [ RunTime:0.000660s ]
INFO: [ app_begin ] --END-- [ RunTime:0.000788s ]
SQL: SHOW COLUMNS FROM `power` [ RunTime:0.0006s ]
SQL: SELECT COUNT(*) AS tp_count FROM `power` WHERE ( powername like'%%' ) LIMIT 1   [ RunTime:0.0002s ]
SQL: select p1.*,p2.powername parentname from power p1 left join power p2 on p1.parentid = p2.id where p1.powername like '%%' order by p1.id limit 0,10 [ RunTime:0.0003s ]
INFO: [ app_end ] --START--
INFO: Run Behavior\ShowPageTraceBehavior [ RunTime:0.000490s ]
INFO: [ app_end ] --END-- [ RunTime:0.000568s ]

[ 2017-12-30T16:19:52+08:00 ] ::1 /booksystem/index.php/Home/User/listPage
INFO: [ app_init ] --START--
INFO: Run Behavior\BuildLiteBehavior [ RunTime:0.000024s ]
INFO: [ app_init ] --END-- [ RunTime:0.000467s ]

[ 2017-12-30T16:19:53+08:00 ] ::1 /booksystem/index.php/Home/User/getPageList?page=1&limit=10&truename=
INFO: [ app_init ] --START--
INFO: Run Behavior\BuildLiteBehavior [ RunTime:0.000022s ]
INFO: [ app_init ] --END-- [ RunTime:0.000552s ]
INFO: [ app_begin ] --START--
INFO: Run Behavior\ReadHtmlCacheBehavior [ RunTime:0.000475s ]
INFO: [ app_begin ] --END-- [ RunTime:0.000555s ]
SQL: SHOW COLUMNS FROM `user` [ RunTime:0.0006s ]
SQL: SELECT COUNT(*) AS tp_count FROM `user` WHERE ( truename like'%%' ) LIMIT 1   [ RunTime:0.0002s ]
SQL: select * from User where trueName like '%%' order by id limit 0,10 [ RunTime:0.0001s ]
INFO: [ app_end ] --START--
INFO: Run Behavior\ShowPageTraceBehavior [ RunTime:0.000690s ]
INFO: [ app_end ] --END-- [ RunTime:0.000770s ]

[ 2017-12-30T16:19:53+08:00 ] ::1 /booksystem/index.php/Home/User/listPage
INFO: [ app_init ] --START--
INFO: Run Behavior\BuildLiteBehavior [ RunTime:0.000094s ]
INFO: [ app_init ] --END-- [ RunTime:0.001658s ]

[ 2017-12-30T16:19:53+08:00 ] ::1 /booksystem/index.php/Home/User/getPageList?page=1&limit=10&truename=
INFO: [ app_init ] --START--
INFO: Run Behavior\BuildLiteBehavior [ RunTime:0.000044s ]
INFO: [ app_init ] --END-- [ RunTime:0.000826s ]
INFO: [ app_begin ] --START--
INFO: Run Behavior\ReadHtmlCacheBehavior [ RunTime:0.000928s ]
INFO: [ app_begin ] --END-- [ RunTime:0.001177s ]
SQL: SHOW COLUMNS FROM `user` [ RunTime:0.0017s ]
SQL: SELECT COUNT(*) AS tp_count FROM `user` WHERE ( truename like'%%' ) LIMIT 1   [ RunTime:0.0003s ]
SQL: select * from User where trueName like '%%' order by id limit 0,10 [ RunTime:0.0002s ]
INFO: [ app_end ] --START--
INFO: Run Behavior\ShowPageTraceBehavior [ RunTime:0.000528s ]
INFO: [ app_end ] --END-- [ RunTime:0.000608s ]

[ 2017-12-30T16:30:10+08:00 ] ::1 /booksystem/index.php/Home/Book/listPage
INFO: [ app_init ] --START--
INFO: Run Behavior\BuildLiteBehavior [ RunTime:0.000137s ]
INFO: [ app_init ] --END-- [ RunTime:0.002882s ]

[ 2017-12-30T16:30:10+08:00 ] ::1 /booksystem/index.php/Home/Book/getPageList?page=1&limit=10&truename=
INFO: [ app_init ] --START--
INFO: Run Behavior\BuildLiteBehavior [ RunTime:0.000021s ]
INFO: [ app_init ] --END-- [ RunTime:0.000392s ]
INFO: [ app_begin ] --START--
INFO: Run Behavior\ReadHtmlCacheBehavior [ RunTime:0.000387s ]
INFO: [ app_begin ] --END-- [ RunTime:0.000471s ]
SQL: SHOW COLUMNS FROM `book` [ RunTime:0.0011s ]
NOTIC: [8] Undefined variable: bookname D:\wamp\Apache24\www\BookSystem\Application\Home\Controller\BookController.class.php 第 23 行.
SQL: SELECT COUNT(*) AS tp_count FROM `book` WHERE ( bookname like'%%' ) LIMIT 1   [ RunTime:0.0002s ]
NOTIC: [8] Undefined variable: bookname D:\wamp\Apache24\www\BookSystem\Application\Home\Controller\BookController.class.php 第 27 行.
SQL: select * from Book where bookname like '%%' order by id limit 0,10 [ RunTime:0.0002s ]
INFO: [ app_end ] --START--
INFO: Run Behavior\ShowPageTraceBehavior [ RunTime:0.000585s ]
INFO: [ app_end ] --END-- [ RunTime:0.000664s ]

