[ 2018-01-04T09:59:36+08:00 ] ::1 /booksystem/index.php/Home/Index/checkLogin
INFO: [ app_begin ] --START--
INFO: Run Behavior\ReadHtmlCacheBehavior [ RunTime:0.000875s ]
INFO: [ app_begin ] --END-- [ RunTime:0.001591s ]
ERR: SQLSTATE[HY000] [2002] ”…”⁄ƒø±Íº∆À„ª˙ª˝º´æ‹æ¯£¨Œﬁ∑®¡¨Ω”°£


[ 2018-01-04T10:00:25+08:00 ] ::1 /booksystem/index.php/Home/Index/checkLogin
INFO: [ app_begin ] --START--
INFO: Run Behavior\ReadHtmlCacheBehavior [ RunTime:0.000851s ]
INFO: [ app_begin ] --END-- [ RunTime:0.001507s ]
SQL: SHOW COLUMNS FROM `user` [ RunTime:0.0133s ]
SQL: SELECT * FROM `user` WHERE ( username = 'admin' and password = '000' )  [ RunTime:0.0004s ]
SQL: select distinct p.* from userandrole ur 
                                        RIGHT JOIN roleandpower rp on ur.roleId = rp.roleId
                                        LEFT JOIN power p on rp.powerId = p.id
                                        where ur.userId = 1 
                                        order by parentid asc [ RunTime:0.0018s ]
INFO: [ app_end ] --START--
INFO: Run Behavior\ShowPageTraceBehavior [ RunTime:0.000704s ]
INFO: [ app_end ] --END-- [ RunTime:0.000784s ]

[ 2018-01-04T10:00:28+08:00 ] ::1 /booksystem/index.php/Home/Book/getPageList?page=1&limit=10
INFO: [ app_begin ] --START--
INFO: Run Behavior\ReadHtmlCacheBehavior [ RunTime:0.000637s ]
INFO: [ app_begin ] --END-- [ RunTime:0.001166s ]
SQL: SHOW COLUMNS FROM `book` [ RunTime:0.0012s ]
NOTIC: [8] Undefined variable: bookname D:\wamp\Apache24\www\BookSystem\Application\Home\Controller\BookController.class.php Á¨¨ 23 Ë°å.
SQL: SELECT COUNT(*) AS tp_count FROM `book` WHERE ( bookname like'%%' ) LIMIT 1   [ RunTime:0.0004s ]
NOTIC: [8] Undefined variable: bookname D:\wamp\Apache24\www\BookSystem\Application\Home\Controller\BookController.class.php Á¨¨ 27 Ë°å.
SQL: select * from Book where bookname like '%%' order by id limit 0,10 [ RunTime:0.0004s ]
INFO: [ app_end ] --START--
INFO: Run Behavior\ShowPageTraceBehavior [ RunTime:0.000795s ]
INFO: [ app_end ] --END-- [ RunTime:0.000901s ]

[ 2018-01-04T10:00:33+08:00 ] ::1 /booksystem/index.php/Home/Book/getPageList?page=1&limit=10
INFO: [ app_begin ] --START--
INFO: Run Behavior\ReadHtmlCacheBehavior [ RunTime:0.000520s ]
INFO: [ app_begin ] --END-- [ RunTime:0.000883s ]
SQL: SHOW COLUMNS FROM `book` [ RunTime:0.0009s ]
NOTIC: [8] Undefined variable: bookname D:\wamp\Apache24\www\BookSystem\Application\Home\Controller\BookController.class.php Á¨¨ 23 Ë°å.
SQL: SELECT COUNT(*) AS tp_count FROM `book` WHERE ( bookname like'%%' ) LIMIT 1   [ RunTime:0.0003s ]
NOTIC: [8] Undefined variable: bookname D:\wamp\Apache24\www\BookSystem\Application\Home\Controller\BookController.class.php Á¨¨ 27 Ë°å.
SQL: select * from Book where bookname like '%%' order by id limit 0,10 [ RunTime:0.0002s ]
INFO: [ app_end ] --START--
INFO: Run Behavior\ShowPageTraceBehavior [ RunTime:0.000644s ]
INFO: [ app_end ] --END-- [ RunTime:0.000725s ]

[ 2018-01-04T10:01:31+08:00 ] ::1 /booksystem/index.php/Home/Book/getPageList?page=1&limit=10
INFO: [ app_begin ] --START--
INFO: Run Behavior\ReadHtmlCacheBehavior [ RunTime:0.000608s ]
INFO: [ app_begin ] --END-- [ RunTime:0.001023s ]
SQL: SHOW COLUMNS FROM `book` [ RunTime:0.0023s ]
NOTIC: [8] Undefined variable: bookname D:\wamp\Apache24\www\BookSystem\Application\Home\Controller\BookController.class.php Á¨¨ 23 Ë°å.
SQL: SELECT COUNT(*) AS tp_count FROM `book` WHERE ( bookname like'%%' ) LIMIT 1   [ RunTime:0.0004s ]
NOTIC: [8] Undefined variable: bookname D:\wamp\Apache24\www\BookSystem\Application\Home\Controller\BookController.class.php Á¨¨ 27 Ë°å.
SQL: select * from Book where bookname like '%%' order by id limit 0,10 [ RunTime:0.0005s ]
INFO: [ app_end ] --START--
INFO: Run Behavior\ShowPageTraceBehavior [ RunTime:0.000782s ]
INFO: [ app_end ] --END-- [ RunTime:0.000908s ]

[ 2018-01-04T10:02:34+08:00 ] ::1 /booksystem/index.php/Home/Book/getPageList?page=1&limit=10
INFO: [ app_begin ] --START--
INFO: Run Behavior\ReadHtmlCacheBehavior [ RunTime:0.000880s ]
INFO: [ app_begin ] --END-- [ RunTime:0.002242s ]
SQL: SHOW COLUMNS FROM `book` [ RunTime:0.0009s ]
NOTIC: [8] Undefined variable: bookname D:\wamp\Apache24\www\BookSystem\Application\Home\Controller\BookController.class.php Á¨¨ 23 Ë°å.
SQL: SELECT COUNT(*) AS tp_count FROM `book` WHERE ( bookname like'%%' ) LIMIT 1   [ RunTime:0.0010s ]
NOTIC: [8] Undefined variable: bookname D:\wamp\Apache24\www\BookSystem\Application\Home\Controller\BookController.class.php Á¨¨ 27 Ë°å.
SQL: select * from Book where bookname like '%%' order by id limit 0,10 [ RunTime:0.0005s ]
INFO: [ app_end ] --START--
INFO: Run Behavior\ShowPageTraceBehavior [ RunTime:0.000967s ]
INFO: [ app_end ] --END-- [ RunTime:0.001127s ]

[ 2018-01-04T10:09:16+08:00 ] ::1 /booksystem/index.php/Home/Book/getPageList?page=1&limit=10
INFO: [ app_begin ] --START--
INFO: Run Behavior\ReadHtmlCacheBehavior [ RunTime:0.000577s ]
INFO: [ app_begin ] --END-- [ RunTime:0.000998s ]
SQL: SHOW COLUMNS FROM `book` [ RunTime:0.0011s ]
NOTIC: [8] Undefined variable: bookname D:\wamp\Apache24\www\BookSystem\Application\Home\Controller\BookController.class.php Á¨¨ 23 Ë°å.
SQL: SELECT COUNT(*) AS tp_count FROM `book` WHERE ( bookname like'%%' ) LIMIT 1   [ RunTime:0.0003s ]
NOTIC: [8] Undefined variable: bookname D:\wamp\Apache24\www\BookSystem\Application\Home\Controller\BookController.class.php Á¨¨ 27 Ë°å.
SQL: select * from Book where bookname like '%%' order by id limit 0,10 [ RunTime:0.0002s ]
INFO: [ app_end ] --START--
INFO: Run Behavior\ShowPageTraceBehavior [ RunTime:0.000642s ]
INFO: [ app_end ] --END-- [ RunTime:0.000720s ]

[ 2018-01-04T10:09:18+08:00 ] ::1 /booksystem/index.php/Home/Book/getPageList?page=1&limit=10
INFO: [ app_begin ] --START--
INFO: Run Behavior\ReadHtmlCacheBehavior [ RunTime:0.000625s ]
INFO: [ app_begin ] --END-- [ RunTime:0.001115s ]
SQL: SHOW COLUMNS FROM `book` [ RunTime:0.0012s ]
NOTIC: [8] Undefined variable: bookname D:\wamp\Apache24\www\BookSystem\Application\Home\Controller\BookController.class.php Á¨¨ 23 Ë°å.
SQL: SELECT COUNT(*) AS tp_count FROM `book` WHERE ( bookname like'%%' ) LIMIT 1   [ RunTime:0.0002s ]
NOTIC: [8] Undefined variable: bookname D:\wamp\Apache24\www\BookSystem\Application\Home\Controller\BookController.class.php Á¨¨ 27 Ë°å.
SQL: select * from Book where bookname like '%%' order by id limit 0,10 [ RunTime:0.0012s ]
INFO: [ app_end ] --START--
INFO: Run Behavior\ShowPageTraceBehavior [ RunTime:0.000898s ]
INFO: [ app_end ] --END-- [ RunTime:0.001048s ]

[ 2018-01-04T10:09:20+08:00 ] ::1 /booksystem/index.php/Home/Book/getPageList?page=1&limit=10
INFO: [ app_begin ] --START--
INFO: Run Behavior\ReadHtmlCacheBehavior [ RunTime:0.000603s ]
INFO: [ app_begin ] --END-- [ RunTime:0.001010s ]
SQL: SHOW COLUMNS FROM `book` [ RunTime:0.0008s ]
NOTIC: [8] Undefined variable: bookname D:\wamp\Apache24\www\BookSystem\Application\Home\Controller\BookController.class.php Á¨¨ 23 Ë°å.
SQL: SELECT COUNT(*) AS tp_count FROM `book` WHERE ( bookname like'%%' ) LIMIT 1   [ RunTime:0.0002s ]
NOTIC: [8] Undefined variable: bookname D:\wamp\Apache24\www\BookSystem\Application\Home\Controller\BookController.class.php Á¨¨ 27 Ë°å.
SQL: select * from Book where bookname like '%%' order by id limit 0,10 [ RunTime:0.0002s ]
INFO: [ app_end ] --START--
INFO: Run Behavior\ShowPageTraceBehavior [ RunTime:0.000605s ]
INFO: [ app_end ] --END-- [ RunTime:0.000683s ]

[ 2018-01-04T10:11:57+08:00 ] ::1 /booksystem/index.php/Home/Power/getPageList?page=1&limit=10&powername=
INFO: [ app_begin ] --START--
INFO: Run Behavior\ReadHtmlCacheBehavior [ RunTime:0.000568s ]
INFO: [ app_begin ] --END-- [ RunTime:0.000995s ]
SQL: SHOW COLUMNS FROM `power` [ RunTime:0.0010s ]
SQL: SELECT COUNT(*) AS tp_count FROM `power` WHERE ( powername like'%%' ) LIMIT 1   [ RunTime:0.0003s ]
SQL: select p1.*,p2.powername parentname from power p1 left join power p2 on p1.parentid = p2.id where p1.powername like '%%' order by p1.id limit 0,10 [ RunTime:0.0008s ]
INFO: [ app_end ] --START--
INFO: Run Behavior\ShowPageTraceBehavior [ RunTime:0.000635s ]
INFO: [ app_end ] --END-- [ RunTime:0.000715s ]

[ 2018-01-04T10:12:42+08:00 ] ::1 /booksystem/index.php/Home/Power/add
INFO: [ app_begin ] --START--
INFO: Run Behavior\ReadHtmlCacheBehavior [ RunTime:0.000553s ]
INFO: [ app_begin ] --END-- [ RunTime:0.001027s ]
SQL: SHOW COLUMNS FROM `power` [ RunTime:0.0009s ]
SQL: INSERT INTO `power` (`powerName`,`powerUrl`,`icon`,`parentId`) VALUES ('Âõæ‰π¶ÂàÜÁ±ªÁÆ°ÁêÜ','/Home/BookType/listPage','','1') [ RunTime:0.0213s ]
INFO: [ app_end ] --START--
INFO: Run Behavior\ShowPageTraceBehavior [ RunTime:0.000615s ]
INFO: [ app_end ] --END-- [ RunTime:0.000709s ]

[ 2018-01-04T10:12:44+08:00 ] ::1 /booksystem/index.php/Home/User/getPageList?page=1&limit=10&truename=
INFO: [ app_begin ] --START--
INFO: Run Behavior\ReadHtmlCacheBehavior [ RunTime:0.000467s ]
INFO: [ app_begin ] --END-- [ RunTime:0.000829s ]
SQL: SHOW COLUMNS FROM `user` [ RunTime:0.0010s ]
SQL: SELECT COUNT(*) AS tp_count FROM `user` WHERE ( truename like'%%' ) LIMIT 1   [ RunTime:0.0002s ]
SQL: select * from User where trueName like '%%' order by id limit 0,10 [ RunTime:0.0002s ]
INFO: [ app_end ] --START--
INFO: Run Behavior\ShowPageTraceBehavior [ RunTime:0.000549s ]
INFO: [ app_end ] --END-- [ RunTime:0.000627s ]

[ 2018-01-04T10:12:52+08:00 ] ::1 /booksystem/index.php/Home/Role/getPageList?page=1&limit=10&rolename=
INFO: [ app_begin ] --START--
INFO: Run Behavior\ReadHtmlCacheBehavior [ RunTime:0.000493s ]
INFO: [ app_begin ] --END-- [ RunTime:0.000878s ]
SQL: SHOW COLUMNS FROM `role` [ RunTime:0.0008s ]
SQL: SELECT COUNT(*) AS tp_count FROM `role` WHERE ( rolename like'%%' ) LIMIT 1   [ RunTime:0.0003s ]
SQL: select * from Role where rolename like '%%' order by id limit 0,10 [ RunTime:0.0003s ]
INFO: [ app_end ] --START--
INFO: Run Behavior\ShowPageTraceBehavior [ RunTime:0.000631s ]
INFO: [ app_end ] --END-- [ RunTime:0.000715s ]

[ 2018-01-04T10:12:53+08:00 ] ::1 /booksystem/index.php/Home/Role/powerTreeList?roleId=1
INFO: [ app_begin ] --START--
INFO: Run Behavior\ReadHtmlCacheBehavior [ RunTime:0.000563s ]
INFO: [ app_begin ] --END-- [ RunTime:0.001082s ]
SQL: select rp.roleId,p.*,case when p.parentId=0 then p.id ELSE CONCAT(p.parentId,'-',p.id) end treeCode from power p LEFT JOIN roleandpower rp on p.id = rp.powerId and rp.roleId = 1 ORDER BY treeCode [ RunTime:0.0013s ]
INFO: [ app_end ] --START--
INFO: Run Behavior\ShowPageTraceBehavior [ RunTime:0.000589s ]
INFO: [ app_end ] --END-- [ RunTime:0.000668s ]

[ 2018-01-04T10:12:56+08:00 ] ::1 /booksystem/index.php/Home/Role/changePower
INFO: [ app_begin ] --START--
INFO: Run Behavior\ReadHtmlCacheBehavior [ RunTime:0.000509s ]
INFO: [ app_begin ] --END-- [ RunTime:0.000912s ]
SQL: SHOW COLUMNS FROM `roleandpower` [ RunTime:0.0009s ]
SQL: DELETE FROM `roleandpower` WHERE ( roleId = 1 ) [ RunTime:0.0413s ]
SQL: INSERT INTO `roleandpower` (`roleId`,`powerId`) VALUES ('1','1') [ RunTime:0.0497s ]
SQL: INSERT INTO `roleandpower` (`roleId`,`powerId`) VALUES ('1','15') [ RunTime:0.0495s ]
SQL: INSERT INTO `roleandpower` (`roleId`,`powerId`) VALUES ('1','2') [ RunTime:0.0247s ]
SQL: INSERT INTO `roleandpower` (`roleId`,`powerId`) VALUES ('1','3') [ RunTime:0.0247s ]
SQL: INSERT INTO `roleandpower` (`roleId`,`powerId`) VALUES ('1','4') [ RunTime:0.0247s ]
SQL: INSERT INTO `roleandpower` (`roleId`,`powerId`) VALUES ('1','13') [ RunTime:0.0248s ]
SQL: INSERT INTO `roleandpower` (`roleId`,`powerId`) VALUES ('1','14') [ RunTime:0.0247s ]
INFO: [ app_end ] --START--
INFO: Run Behavior\ShowPageTraceBehavior [ RunTime:0.000632s ]
INFO: [ app_end ] --END-- [ RunTime:0.000713s ]

[ 2018-01-04T10:13:01+08:00 ] ::1 /booksystem/index.php/Home/Index/checkLogin
INFO: [ app_begin ] --START--
INFO: Run Behavior\ReadHtmlCacheBehavior [ RunTime:0.000552s ]
INFO: [ app_begin ] --END-- [ RunTime:0.001038s ]
SQL: SHOW COLUMNS FROM `user` [ RunTime:0.0009s ]
SQL: SELECT * FROM `user` WHERE ( username = 'admin' and password = '000' )  [ RunTime:0.0002s ]
SQL: select distinct p.* from userandrole ur 
                                        RIGHT JOIN roleandpower rp on ur.roleId = rp.roleId
                                        LEFT JOIN power p on rp.powerId = p.id
                                        where ur.userId = 1 
                                        order by parentid asc [ RunTime:0.0014s ]
INFO: [ app_end ] --START--
INFO: Run Behavior\ShowPageTraceBehavior [ RunTime:0.000600s ]
INFO: [ app_end ] --END-- [ RunTime:0.000684s ]

[ 2018-01-04T10:13:04+08:00 ] ::1 /booksystem/index.php/Home/bookType/getPageList?page=1&limit=10
INFO: [ app_begin ] --START--
INFO: Run Behavior\ReadHtmlCacheBehavior [ RunTime:0.000704s ]
INFO: [ app_begin ] --END-- [ RunTime:0.001235s ]
ERR: 1146:Table 'booksystem.book_type' doesn't exist
 [ SQLËØ≠Âè• ] : SHOW COLUMNS FROM `book_type`
ERR: 1146:Table 'booksystem.book_type' doesn't exist
 [ SQLËØ≠Âè• ] : SHOW COLUMNS FROM `book_type`

[ 2018-01-04T10:13:29+08:00 ] ::1 /booksystem/index.php/Home/bookType/getPageList?page=1&limit=10
INFO: [ app_begin ] --START--
INFO: Run Behavior\ReadHtmlCacheBehavior [ RunTime:0.001277s ]
INFO: [ app_begin ] --END-- [ RunTime:0.002056s ]
ERR: 1146:Table 'booksystem.book_type' doesn't exist
 [ SQLËØ≠Âè• ] : SHOW COLUMNS FROM `book_type`
ERR: 1146:Table 'booksystem.book_type' doesn't exist
 [ SQLËØ≠Âè• ] : SHOW COLUMNS FROM `book_type`

[ 2018-01-04T10:14:28+08:00 ] ::1 /booksystem/index.php/Home/bookType/getPageList?page=1&limit=10
INFO: [ app_begin ] --START--
INFO: Run Behavior\ReadHtmlCacheBehavior [ RunTime:0.000593s ]
INFO: [ app_begin ] --END-- [ RunTime:0.001290s ]
ERR: 1146:Table 'booksystem.book_type' doesn't exist
 [ SQLËØ≠Âè• ] : SHOW COLUMNS FROM `book_type`
ERR: 1146:Table 'booksystem.book_type' doesn't exist
 [ SQLËØ≠Âè• ] : SHOW COLUMNS FROM `book_type`

[ 2018-01-04T10:16:24+08:00 ] ::1 /booksystem/index.php/Home/BookType/getPageList?page=1&limit=10&bookTypeName=
INFO: [ app_begin ] --START--
INFO: Run Behavior\ReadHtmlCacheBehavior [ RunTime:0.000952s ]
INFO: [ app_begin ] --END-- [ RunTime:0.001455s ]
ERR: 1146:Table 'booksystem.book_type' doesn't exist
 [ SQLËØ≠Âè• ] : SHOW COLUMNS FROM `book_type`
ERR: 1146:Table 'booksystem.book_type' doesn't exist
 [ SQLËØ≠Âè• ] : SHOW COLUMNS FROM `book_type`

[ 2018-01-04T10:17:44+08:00 ] ::1 /booksystem/index.php/Home/BookType/getPageList?page=1&limit=10&bookTypeName=
INFO: [ app_begin ] --START--
INFO: Run Behavior\ReadHtmlCacheBehavior [ RunTime:0.000635s ]
INFO: [ app_begin ] --END-- [ RunTime:0.001114s ]
SQL: SHOW COLUMNS FROM `booktype` [ RunTime:0.0011s ]
SQL: SELECT COUNT(*) AS tp_count FROM `booktype` WHERE ( bookTypeName like'%%' ) LIMIT 1   [ RunTime:0.0004s ]
SQL: select * from bookType where BookTypename like '%%' order by id limit 0,10 [ RunTime:0.0002s ]
INFO: [ app_end ] --START--
INFO: Run Behavior\ShowPageTraceBehavior [ RunTime:0.000696s ]
INFO: [ app_end ] --END-- [ RunTime:0.000778s ]

[ 2018-01-04T10:18:29+08:00 ] ::1 /booksystem/index.php/Home/bookType/getPageList?page=1&limit=10
INFO: [ app_begin ] --START--
INFO: Run Behavior\ReadHtmlCacheBehavior [ RunTime:0.000625s ]
INFO: [ app_begin ] --END-- [ RunTime:0.001050s ]
SQL: SHOW COLUMNS FROM `booktype` [ RunTime:0.0016s ]
NOTIC: [8] Undefined variable: bookTypename D:\wamp\Apache24\www\BookSystem\Application\Home\Controller\BookTypeController.class.php Á¨¨ 23 Ë°å.
SQL: SELECT COUNT(*) AS tp_count FROM `booktype` WHERE ( bookTypeName like'%%' ) LIMIT 1   [ RunTime:0.0005s ]
NOTIC: [8] Undefined variable: bookTypename D:\wamp\Apache24\www\BookSystem\Application\Home\Controller\BookTypeController.class.php Á¨¨ 27 Ë°å.
SQL: select * from bookType where BookTypename like '%%' order by id limit 0,10 [ RunTime:0.0002s ]
INFO: [ app_end ] --START--
INFO: Run Behavior\ShowPageTraceBehavior [ RunTime:0.000751s ]
INFO: [ app_end ] --END-- [ RunTime:0.000829s ]

[ 2018-01-04T10:20:09+08:00 ] ::1 /booksystem/index.php/Home/BookType/getPageList?page=1&limit=10&bookTypeName=
INFO: [ app_begin ] --START--
INFO: Run Behavior\ReadHtmlCacheBehavior [ RunTime:0.000931s ]
INFO: [ app_begin ] --END-- [ RunTime:0.001598s ]
SQL: SHOW COLUMNS FROM `booktype` [ RunTime:0.0009s ]
SQL: SELECT COUNT(*) AS tp_count FROM `booktype` WHERE ( bookTypeName like'%%' ) LIMIT 1   [ RunTime:0.0002s ]
NOTIC: [8] Undefined variable: bookTypename D:\wamp\Apache24\www\BookSystem\Application\Home\Controller\BookTypeController.class.php Á¨¨ 27 Ë°å.
SQL: select * from bookType where BookTypename like '%%' order by id limit 0,10 [ RunTime:0.0003s ]
INFO: [ app_end ] --START--
INFO: Run Behavior\ShowPageTraceBehavior [ RunTime:0.000814s ]
INFO: [ app_end ] --END-- [ RunTime:0.000899s ]

[ 2018-01-04T10:20:16+08:00 ] ::1 /booksystem/index.php/Home/bookType/getPageList?page=1&limit=10
INFO: [ app_begin ] --START--
INFO: Run Behavior\ReadHtmlCacheBehavior [ RunTime:0.000647s ]
INFO: [ app_begin ] --END-- [ RunTime:0.001102s ]
SQL: SHOW COLUMNS FROM `booktype` [ RunTime:0.0013s ]
NOTIC: [8] Undefined variable: bookTypeName D:\wamp\Apache24\www\BookSystem\Application\Home\Controller\BookTypeController.class.php Á¨¨ 23 Ë°å.
SQL: SELECT COUNT(*) AS tp_count FROM `booktype` WHERE ( bookTypeName like'%%' ) LIMIT 1   [ RunTime:0.0005s ]
NOTIC: [8] Undefined variable: bookTypename D:\wamp\Apache24\www\BookSystem\Application\Home\Controller\BookTypeController.class.php Á¨¨ 27 Ë°å.
SQL: select * from bookType where BookTypename like '%%' order by id limit 0,10 [ RunTime:0.0002s ]
INFO: [ app_end ] --START--
INFO: Run Behavior\ShowPageTraceBehavior [ RunTime:0.000698s ]
INFO: [ app_end ] --END-- [ RunTime:0.000780s ]

[ 2018-01-04T10:20:17+08:00 ] ::1 /booksystem/index.php/Home/bookType/getPageList?page=1&limit=10
INFO: [ app_begin ] --START--
INFO: Run Behavior\ReadHtmlCacheBehavior [ RunTime:0.000739s ]
INFO: [ app_begin ] --END-- [ RunTime:0.001498s ]
SQL: SHOW COLUMNS FROM `booktype` [ RunTime:0.0010s ]
NOTIC: [8] Undefined variable: bookTypeName D:\wamp\Apache24\www\BookSystem\Application\Home\Controller\BookTypeController.class.php Á¨¨ 23 Ë°å.
SQL: SELECT COUNT(*) AS tp_count FROM `booktype` WHERE ( bookTypeName like'%%' ) LIMIT 1   [ RunTime:0.0007s ]
NOTIC: [8] Undefined variable: bookTypename D:\wamp\Apache24\www\BookSystem\Application\Home\Controller\BookTypeController.class.php Á¨¨ 27 Ë°å.
SQL: select * from bookType where BookTypename like '%%' order by id limit 0,10 [ RunTime:0.0003s ]
INFO: [ app_end ] --START--
INFO: Run Behavior\ShowPageTraceBehavior [ RunTime:0.000689s ]
INFO: [ app_end ] --END-- [ RunTime:0.000768s ]

[ 2018-01-04T10:21:45+08:00 ] ::1 /booksystem/index.php/Home/BookType/getPageList?page=1&limit=10&bookTypeName=
INFO: [ app_begin ] --START--
INFO: Run Behavior\ReadHtmlCacheBehavior [ RunTime:0.003441s ]
INFO: [ app_begin ] --END-- [ RunTime:0.004673s ]
SQL: SHOW COLUMNS FROM `booktype` [ RunTime:0.0010s ]
SQL: SELECT COUNT(*) AS tp_count FROM `booktype` WHERE ( bookTypeName like'%%' ) LIMIT 1   [ RunTime:0.0002s ]
SQL: select * from bookType where BookTypename like '%%' order by id limit 0,10 [ RunTime:0.0002s ]
INFO: [ app_end ] --START--
INFO: Run Behavior\ShowPageTraceBehavior [ RunTime:0.000693s ]
INFO: [ app_end ] --END-- [ RunTime:0.000771s ]

[ 2018-01-04T10:21:50+08:00 ] ::1 /booksystem/index.php/Home/bookType/getPageList?page=1&limit=10&bookTypeName=%E7%8E%84%E5%B9%BB
INFO: [ app_begin ] --START--
INFO: Run Behavior\ReadHtmlCacheBehavior [ RunTime:0.000592s ]
INFO: [ app_begin ] --END-- [ RunTime:0.001007s ]
SQL: SHOW COLUMNS FROM `booktype` [ RunTime:0.0009s ]
SQL: SELECT COUNT(*) AS tp_count FROM `booktype` WHERE ( bookTypeName like'%ÁéÑÂπª%' ) LIMIT 1   [ RunTime:0.0003s ]
SQL: select * from bookType where BookTypename like '%ÁéÑÂπª%' order by id limit 0,10 [ RunTime:0.0002s ]
INFO: [ app_end ] --START--
INFO: Run Behavior\ShowPageTraceBehavior [ RunTime:0.000697s ]
INFO: [ app_end ] --END-- [ RunTime:0.000775s ]

[ 2018-01-04T10:21:52+08:00 ] ::1 /booksystem/index.php/Home/BookType/getPageList?page=1&limit=10&bookTypeName=
INFO: [ app_begin ] --START--
INFO: Run Behavior\ReadHtmlCacheBehavior [ RunTime:0.001500s ]
INFO: [ app_begin ] --END-- [ RunTime:0.002941s ]
SQL: SHOW COLUMNS FROM `booktype` [ RunTime:0.0008s ]
SQL: SELECT COUNT(*) AS tp_count FROM `booktype` WHERE ( bookTypeName like'%%' ) LIMIT 1   [ RunTime:0.0002s ]
SQL: select * from bookType where BookTypename like '%%' order by id limit 0,10 [ RunTime:0.0001s ]
INFO: [ app_end ] --START--
INFO: Run Behavior\ShowPageTraceBehavior [ RunTime:0.000659s ]
INFO: [ app_end ] --END-- [ RunTime:0.000738s ]

[ 2018-01-04T10:26:07+08:00 ] ::1 /booksystem/index.php/Home/BookType/getPageList?page=1&limit=10&bookTypeName=
INFO: [ app_begin ] --START--
INFO: Run Behavior\ReadHtmlCacheBehavior [ RunTime:0.000595s ]
INFO: [ app_begin ] --END-- [ RunTime:0.001005s ]
SQL: SHOW COLUMNS FROM `booktype` [ RunTime:0.0005s ]
SQL: SELECT COUNT(*) AS tp_count FROM `booktype` WHERE ( bookTypeName like'%%' ) LIMIT 1   [ RunTime:0.0002s ]
SQL: select * from bookType where BookTypename like '%%' order by id limit 0,10 [ RunTime:0.0001s ]
INFO: [ app_end ] --START--
INFO: Run Behavior\ShowPageTraceBehavior [ RunTime:0.000716s ]
INFO: [ app_end ] --END-- [ RunTime:0.000813s ]

[ 2018-01-04T10:26:09+08:00 ] ::1 /booksystem/index.php/Home/Role/getPageList?page=1&limit=10&rolename=
INFO: [ app_begin ] --START--
INFO: Run Behavior\ReadHtmlCacheBehavior [ RunTime:0.001562s ]
INFO: [ app_begin ] --END-- [ RunTime:0.002068s ]
SQL: SHOW COLUMNS FROM `role` [ RunTime:0.0009s ]
SQL: SELECT COUNT(*) AS tp_count FROM `role` WHERE ( rolename like'%%' ) LIMIT 1   [ RunTime:0.0003s ]
SQL: select * from Role where rolename like '%%' order by id limit 0,10 [ RunTime:0.0004s ]
INFO: [ app_end ] --START--
INFO: Run Behavior\ShowPageTraceBehavior [ RunTime:0.001808s ]
INFO: [ app_end ] --END-- [ RunTime:0.001985s ]

[ 2018-01-04T10:26:28+08:00 ] ::1 /booksystem/index.php/Home/BookType/getPageList?page=1&limit=10&bookTypeName=
INFO: [ app_begin ] --START--
INFO: Run Behavior\ReadHtmlCacheBehavior [ RunTime:0.000650s ]
INFO: [ app_begin ] --END-- [ RunTime:0.001110s ]
SQL: SHOW COLUMNS FROM `booktype` [ RunTime:0.0006s ]
SQL: SELECT COUNT(*) AS tp_count FROM `booktype` WHERE ( bookTypeName like'%%' ) LIMIT 1   [ RunTime:0.0004s ]
SQL: select * from bookType where BookTypename like '%%' order by id limit 0,10 [ RunTime:0.0004s ]
INFO: [ app_end ] --START--
INFO: Run Behavior\ShowPageTraceBehavior [ RunTime:0.000896s ]
INFO: [ app_end ] --END-- [ RunTime:0.000987s ]

[ 2018-01-04T10:26:32+08:00 ] ::1 /booksystem/index.php/Home/bookType/toAdd
ERR: 1146:Table 'booksystem.book_typetype' doesn't exist
 [ SQLËØ≠Âè• ] : SHOW COLUMNS FROM `book_typetype`

[ 2018-01-04T10:28:51+08:00 ] ::1 /booksystem/index.php/Home/BookType/getPageList?page=1&limit=10&bookTypeName=
INFO: [ app_begin ] --START--
INFO: Run Behavior\ReadHtmlCacheBehavior [ RunTime:0.000603s ]
INFO: [ app_begin ] --END-- [ RunTime:0.001063s ]
SQL: SHOW COLUMNS FROM `booktype` [ RunTime:0.0004s ]
SQL: SELECT COUNT(*) AS tp_count FROM `booktype` WHERE ( bookTypeName like'%%' ) LIMIT 1   [ RunTime:0.0002s ]
SQL: select * from bookType where BookTypename like '%%' order by id limit 0,10 [ RunTime:0.0002s ]
INFO: [ app_end ] --START--
INFO: Run Behavior\ShowPageTraceBehavior [ RunTime:0.000586s ]
INFO: [ app_end ] --END-- [ RunTime:0.000667s ]

[ 2018-01-04T10:29:31+08:00 ] ::1 /booksystem/index.php/Home/BookType/getPageList?page=1&limit=10&bookTypeName=
INFO: [ app_begin ] --START--
INFO: Run Behavior\ReadHtmlCacheBehavior [ RunTime:0.000619s ]
INFO: [ app_begin ] --END-- [ RunTime:0.001049s ]
SQL: SHOW COLUMNS FROM `booktype` [ RunTime:0.0015s ]
SQL: SELECT COUNT(*) AS tp_count FROM `booktype` WHERE ( bookTypeName like'%%' ) LIMIT 1   [ RunTime:0.0002s ]
SQL: select * from bookType where BookTypename like '%%' order by id limit 0,10 [ RunTime:0.0002s ]
INFO: [ app_end ] --START--
INFO: Run Behavior\ShowPageTraceBehavior [ RunTime:0.000856s ]
INFO: [ app_end ] --END-- [ RunTime:0.000971s ]

[ 2018-01-04T10:30:33+08:00 ] ::1 /booksystem/index.php/Home/BookType/getPageList?page=1&limit=10&bookTypeName=
INFO: [ app_begin ] --START--
INFO: Run Behavior\ReadHtmlCacheBehavior [ RunTime:0.000922s ]
INFO: [ app_begin ] --END-- [ RunTime:0.001687s ]
SQL: SHOW COLUMNS FROM `booktype` [ RunTime:0.0004s ]
SQL: SELECT COUNT(*) AS tp_count FROM `booktype` WHERE ( bookTypeName like'%%' ) LIMIT 1   [ RunTime:0.0003s ]
SQL: select * from bookType where BookTypename like '%%' order by id limit 0,10 [ RunTime:0.0002s ]
INFO: [ app_end ] --START--
INFO: Run Behavior\ShowPageTraceBehavior [ RunTime:0.000671s ]
INFO: [ app_end ] --END-- [ RunTime:0.000767s ]

[ 2018-01-04T10:30:48+08:00 ] ::1 /booksystem/index.php/Home/BookType/getPageList?page=1&limit=10&bookTypeName=
INFO: [ app_begin ] --START--
INFO: Run Behavior\ReadHtmlCacheBehavior [ RunTime:0.000935s ]
INFO: [ app_begin ] --END-- [ RunTime:0.001828s ]
SQL: SHOW COLUMNS FROM `booktype` [ RunTime:0.0009s ]
SQL: SELECT COUNT(*) AS tp_count FROM `booktype` WHERE ( bookTypeName like'%%' ) LIMIT 1   [ RunTime:0.0002s ]
SQL: select * from bookType where BookTypename like '%%' order by id limit 0,10 [ RunTime:0.0002s ]
INFO: [ app_end ] --START--
INFO: Run Behavior\ShowPageTraceBehavior [ RunTime:0.000660s ]
INFO: [ app_end ] --END-- [ RunTime:0.000752s ]

[ 2018-01-04T10:36:09+08:00 ] ::1 /booksystem/index.php/Home/BookType/getPageList?page=1&limit=10&bookTypeName=
INFO: [ app_begin ] --START--
INFO: Run Behavior\ReadHtmlCacheBehavior [ RunTime:0.000669s ]
INFO: [ app_begin ] --END-- [ RunTime:0.001171s ]
SQL: SHOW COLUMNS FROM `booktype` [ RunTime:0.0005s ]
SQL: SELECT COUNT(*) AS tp_count FROM `booktype` WHERE ( bookTypeName like'%%' ) LIMIT 1   [ RunTime:0.0003s ]
SQL: select * from bookType where BookTypename like '%%' order by id limit 0,10 [ RunTime:0.0003s ]
INFO: [ app_end ] --START--
INFO: Run Behavior\ShowPageTraceBehavior [ RunTime:0.000736s ]
INFO: [ app_end ] --END-- [ RunTime:0.000820s ]

[ 2018-01-04T10:36:20+08:00 ] ::1 /booksystem/index.php/Home/BookType/add
INFO: [ app_begin ] --START--
INFO: Run Behavior\ReadHtmlCacheBehavior [ RunTime:0.000642s ]
INFO: [ app_begin ] --END-- [ RunTime:0.001094s ]
ERR: 1146:Table 'booksystem.book_type' doesn't exist
 [ SQLËØ≠Âè• ] : SHOW COLUMNS FROM `book_type`
ERR: 1146:Table 'booksystem.book_type' doesn't exist
 [ SQLËØ≠Âè• ] : SHOW COLUMNS FROM `book_type`

[ 2018-01-04T10:37:45+08:00 ] ::1 /booksystem/index.php/Home/BookType/getPageList?page=1&limit=10&bookTypeName=
INFO: [ app_begin ] --START--
INFO: Run Behavior\ReadHtmlCacheBehavior [ RunTime:0.000610s ]
INFO: [ app_begin ] --END-- [ RunTime:0.001092s ]
SQL: SHOW COLUMNS FROM `booktype` [ RunTime:0.0005s ]
SQL: SELECT COUNT(*) AS tp_count FROM `booktype` WHERE ( bookTypeName like'%%' ) LIMIT 1   [ RunTime:0.0002s ]
SQL: select * from bookType where BookTypename like '%%' order by id limit 0,10 [ RunTime:0.0002s ]
INFO: [ app_end ] --START--
INFO: Run Behavior\ShowPageTraceBehavior [ RunTime:0.000687s ]
INFO: [ app_end ] --END-- [ RunTime:0.000771s ]

[ 2018-01-04T10:37:50+08:00 ] ::1 /booksystem/index.php/Home/BookType/add
INFO: [ app_begin ] --START--
INFO: Run Behavior\ReadHtmlCacheBehavior [ RunTime:0.000612s ]
INFO: [ app_begin ] --END-- [ RunTime:0.001069s ]
SQL: SHOW COLUMNS FROM `booktype` [ RunTime:0.0004s ]
SQL: SELECT * FROM `booktype` WHERE ( bookTypeName = "ÁõóÂ¢ì" )  [ RunTime:0.0002s ]
INFO: [ app_end ] --START--
INFO: Run Behavior\ShowPageTraceBehavior [ RunTime:0.000714s ]
INFO: [ app_end ] --END-- [ RunTime:0.000796s ]

[ 2018-01-04T10:37:50+08:00 ] ::1 /booksystem/index.php/Home/BookType/getPageList?page=1&limit=10&bookTypeName=
INFO: [ app_begin ] --START--
INFO: Run Behavior\ReadHtmlCacheBehavior [ RunTime:0.001665s ]
INFO: [ app_begin ] --END-- [ RunTime:0.002956s ]
SQL: SHOW COLUMNS FROM `booktype` [ RunTime:0.0005s ]
SQL: SELECT COUNT(*) AS tp_count FROM `booktype` WHERE ( bookTypeName like'%%' ) LIMIT 1   [ RunTime:0.0002s ]
SQL: select * from bookType where BookTypename like '%%' order by id limit 0,10 [ RunTime:0.0002s ]
INFO: [ app_end ] --START--
INFO: Run Behavior\ShowPageTraceBehavior [ RunTime:0.000641s ]
INFO: [ app_end ] --END-- [ RunTime:0.000724s ]

[ 2018-01-04T10:37:52+08:00 ] ::1 /booksystem/index.php/Home/BookType/getPageList?page=1&limit=10&bookTypeName=
INFO: [ app_begin ] --START--
INFO: Run Behavior\ReadHtmlCacheBehavior [ RunTime:0.000506s ]
INFO: [ app_begin ] --END-- [ RunTime:0.000884s ]
SQL: SHOW COLUMNS FROM `booktype` [ RunTime:0.0008s ]
SQL: SELECT COUNT(*) AS tp_count FROM `booktype` WHERE ( bookTypeName like'%%' ) LIMIT 1   [ RunTime:0.0007s ]
SQL: select * from bookType where BookTypename like '%%' order by id limit 0,10 [ RunTime:0.0003s ]
INFO: [ app_end ] --START--
INFO: Run Behavior\ShowPageTraceBehavior [ RunTime:0.000917s ]
INFO: [ app_end ] --END-- [ RunTime:0.001013s ]

[ 2018-01-04T10:39:11+08:00 ] ::1 /booksystem/index.php/Home/BookType/getPageList?page=1&limit=10&bookTypeName=
INFO: [ app_begin ] --START--
INFO: Run Behavior\ReadHtmlCacheBehavior [ RunTime:0.000899s ]
INFO: [ app_begin ] --END-- [ RunTime:0.001501s ]
SQL: SHOW COLUMNS FROM `booktype` [ RunTime:0.0006s ]
SQL: SELECT COUNT(*) AS tp_count FROM `booktype` WHERE ( bookTypeName like'%%' ) LIMIT 1   [ RunTime:0.0003s ]
SQL: select * from bookType where BookTypename like '%%' order by id limit 0,10 [ RunTime:0.0003s ]
INFO: [ app_end ] --START--
INFO: Run Behavior\ShowPageTraceBehavior [ RunTime:0.000687s ]
INFO: [ app_end ] --END-- [ RunTime:0.000773s ]

[ 2018-01-04T10:39:16+08:00 ] ::1 /booksystem/index.php/Home/BookType/add
INFO: [ app_begin ] --START--
INFO: Run Behavior\ReadHtmlCacheBehavior [ RunTime:0.000591s ]
INFO: [ app_begin ] --END-- [ RunTime:0.001017s ]
SQL: SHOW COLUMNS FROM `booktype` [ RunTime:0.0005s ]
SQL: SELECT * FROM `booktype` WHERE ( bookTypeName = "ÁõóÂ¢ì" )  [ RunTime:0.0002s ]
SQL: INSERT INTO `booktype` (`bookTypeName`) VALUES ('ÁõóÂ¢ì') [ RunTime:0.0228s ]
INFO: [ app_end ] --START--
INFO: Run Behavior\ShowPageTraceBehavior [ RunTime:0.000967s ]
INFO: [ app_end ] --END-- [ RunTime:0.001061s ]

[ 2018-01-04T10:39:16+08:00 ] ::1 /booksystem/index.php/Home/BookType/getPageList?page=1&limit=10&bookTypeName=
INFO: [ app_begin ] --START--
INFO: Run Behavior\ReadHtmlCacheBehavior [ RunTime:0.000662s ]
INFO: [ app_begin ] --END-- [ RunTime:0.001209s ]
SQL: SHOW COLUMNS FROM `booktype` [ RunTime:0.0008s ]
SQL: SELECT COUNT(*) AS tp_count FROM `booktype` WHERE ( bookTypeName like'%%' ) LIMIT 1   [ RunTime:0.0002s ]
SQL: select * from bookType where BookTypename like '%%' order by id limit 0,10 [ RunTime:0.0002s ]
INFO: [ app_end ] --START--
INFO: Run Behavior\ShowPageTraceBehavior [ RunTime:0.000702s ]
INFO: [ app_end ] --END-- [ RunTime:0.000790s ]

[ 2018-01-04T10:39:18+08:00 ] ::1 /booksystem/index.php/Home/BookType/getPageList?page=1&limit=10&bookTypeName=
INFO: [ app_begin ] --START--
INFO: Run Behavior\ReadHtmlCacheBehavior [ RunTime:0.001569s ]
INFO: [ app_begin ] --END-- [ RunTime:0.002700s ]
SQL: SHOW COLUMNS FROM `booktype` [ RunTime:0.0005s ]
SQL: SELECT COUNT(*) AS tp_count FROM `booktype` WHERE ( bookTypeName like'%%' ) LIMIT 1   [ RunTime:0.0002s ]
SQL: select * from bookType where BookTypename like '%%' order by id limit 0,10 [ RunTime:0.0003s ]
INFO: [ app_end ] --START--
INFO: Run Behavior\ShowPageTraceBehavior [ RunTime:0.000697s ]
INFO: [ app_end ] --END-- [ RunTime:0.000786s ]

[ 2018-01-04T10:40:58+08:00 ] ::1 /booksystem/index.php/Home/BookType/getPageList?page=1&limit=10&bookTypeName=
INFO: [ app_begin ] --START--
INFO: Run Behavior\ReadHtmlCacheBehavior [ RunTime:0.000552s ]
INFO: [ app_begin ] --END-- [ RunTime:0.000957s ]
SQL: SHOW COLUMNS FROM `booktype` [ RunTime:0.0006s ]
SQL: SELECT COUNT(*) AS tp_count FROM `booktype` WHERE ( bookTypeName like'%%' ) LIMIT 1   [ RunTime:0.0004s ]
SQL: select * from bookType where BookTypename like '%%' order by id limit 0,10 [ RunTime:0.0004s ]
INFO: [ app_end ] --START--
INFO: Run Behavior\ShowPageTraceBehavior [ RunTime:0.000722s ]
INFO: [ app_end ] --END-- [ RunTime:0.000833s ]

[ 2018-01-04T10:41:36+08:00 ] ::1 /booksystem/index.php/Home/BookType/getPageList?page=1&limit=10&bookTypeName=
INFO: [ app_begin ] --START--
INFO: Run Behavior\ReadHtmlCacheBehavior [ RunTime:0.000594s ]
INFO: [ app_begin ] --END-- [ RunTime:0.001161s ]
SQL: SHOW COLUMNS FROM `booktype` [ RunTime:0.0009s ]
SQL: SELECT COUNT(*) AS tp_count FROM `booktype` WHERE ( bookTypeName like'%%' ) LIMIT 1   [ RunTime:0.0006s ]
SQL: select * from bookType where BookTypename like '%%' order by id limit 0,10 [ RunTime:0.0003s ]
INFO: [ app_end ] --START--
INFO: Run Behavior\ShowPageTraceBehavior [ RunTime:0.000785s ]
INFO: [ app_end ] --END-- [ RunTime:0.000870s ]

[ 2018-01-04T10:41:42+08:00 ] ::1 /booksystem/index.php/Home/BookType/add
INFO: [ app_begin ] --START--
INFO: Run Behavior\ReadHtmlCacheBehavior [ RunTime:0.000610s ]
INFO: [ app_begin ] --END-- [ RunTime:0.001054s ]
SQL: SHOW COLUMNS FROM `booktype` [ RunTime:0.0004s ]
SQL: SELECT * FROM `booktype` WHERE ( bookTypeName = "aaa" )  [ RunTime:0.0002s ]
SQL: INSERT INTO `booktype` (`bookTypeName`) VALUES ('aaa') [ RunTime:0.0409s ]
INFO: [ app_end ] --START--
INFO: Run Behavior\ShowPageTraceBehavior [ RunTime:0.000748s ]
INFO: [ app_end ] --END-- [ RunTime:0.000853s ]

[ 2018-01-04T10:41:42+08:00 ] ::1 /booksystem/index.php/Home/BookType/getPageList?page=1&limit=10&bookTypeName=
INFO: [ app_begin ] --START--
INFO: Run Behavior\ReadHtmlCacheBehavior [ RunTime:0.000804s ]
INFO: [ app_begin ] --END-- [ RunTime:0.001300s ]
SQL: SHOW COLUMNS FROM `booktype` [ RunTime:0.0004s ]
SQL: SELECT COUNT(*) AS tp_count FROM `booktype` WHERE ( bookTypeName like'%%' ) LIMIT 1   [ RunTime:0.0002s ]
SQL: select * from bookType where BookTypename like '%%' order by id limit 0,10 [ RunTime:0.0002s ]
INFO: [ app_end ] --START--
INFO: Run Behavior\ShowPageTraceBehavior [ RunTime:0.000693s ]
INFO: [ app_end ] --END-- [ RunTime:0.000775s ]

[ 2018-01-04T10:41:45+08:00 ] ::1 /booksystem/index.php/Home/bookType/del
INFO: [ app_begin ] --START--
INFO: Run Behavior\ReadHtmlCacheBehavior [ RunTime:0.000617s ]
INFO: [ app_begin ] --END-- [ RunTime:0.001231s ]
ERR: 1146:Table 'booksystem.book_type' doesn't exist
 [ SQLËØ≠Âè• ] : SHOW COLUMNS FROM `book_type`
ERR: 1146:Table 'booksystem.book_type' doesn't exist
 [ SQLËØ≠Âè• ] : SHOW COLUMNS FROM `book_type`

[ 2018-01-04T10:41:47+08:00 ] ::1 /booksystem/index.php/Home/bookType/del
INFO: [ app_begin ] --START--
INFO: Run Behavior\ReadHtmlCacheBehavior [ RunTime:0.000631s ]
INFO: [ app_begin ] --END-- [ RunTime:0.001075s ]
ERR: 1146:Table 'booksystem.book_type' doesn't exist
 [ SQLËØ≠Âè• ] : SHOW COLUMNS FROM `book_type`
ERR: 1146:Table 'booksystem.book_type' doesn't exist
 [ SQLËØ≠Âè• ] : SHOW COLUMNS FROM `book_type`

[ 2018-01-04T10:42:33+08:00 ] ::1 /booksystem/index.php/Home/BookType/getPageList?page=1&limit=10&bookTypeName=
INFO: [ app_begin ] --START--
INFO: Run Behavior\ReadHtmlCacheBehavior [ RunTime:0.000876s ]
INFO: [ app_begin ] --END-- [ RunTime:0.001579s ]
SQL: SHOW COLUMNS FROM `booktype` [ RunTime:0.0017s ]
SQL: SELECT COUNT(*) AS tp_count FROM `booktype` WHERE ( bookTypeName like'%%' ) LIMIT 1   [ RunTime:0.0024s ]
SQL: select * from bookType where BookTypename like '%%' order by id limit 0,10 [ RunTime:0.0007s ]
INFO: [ app_end ] --START--
INFO: Run Behavior\ShowPageTraceBehavior [ RunTime:0.001193s ]
INFO: [ app_end ] --END-- [ RunTime:0.001317s ]

[ 2018-01-04T10:42:38+08:00 ] ::1 /booksystem/index.php/Home/BookType/getPageList?page=1&limit=10&bookTypeName=
INFO: [ app_begin ] --START--
INFO: Run Behavior\ReadHtmlCacheBehavior [ RunTime:0.001398s ]
INFO: [ app_begin ] --END-- [ RunTime:0.002053s ]
SQL: SHOW COLUMNS FROM `booktype` [ RunTime:0.0004s ]
SQL: SELECT COUNT(*) AS tp_count FROM `booktype` WHERE ( bookTypeName like'%%' ) LIMIT 1   [ RunTime:0.0002s ]
SQL: select * from bookType where BookTypename like '%%' order by id limit 0,10 [ RunTime:0.0001s ]
INFO: [ app_end ] --START--
INFO: Run Behavior\ShowPageTraceBehavior [ RunTime:0.000693s ]
INFO: [ app_end ] --END-- [ RunTime:0.000782s ]

[ 2018-01-04T10:42:42+08:00 ] ::1 /booksystem/index.php/Home/bookType/del
INFO: [ app_begin ] --START--
INFO: Run Behavior\ReadHtmlCacheBehavior [ RunTime:0.000645s ]
INFO: [ app_begin ] --END-- [ RunTime:0.001072s ]
SQL: SHOW COLUMNS FROM `booktype` [ RunTime:0.0004s ]
SQL: DELETE FROM `booktype` WHERE `id` = 5 [ RunTime:0.0203s ]
DEBUG: $res:1
INFO: [ app_end ] --START--
INFO: Run Behavior\ShowPageTraceBehavior [ RunTime:0.000826s ]
INFO: [ app_end ] --END-- [ RunTime:0.000961s ]

[ 2018-01-04T10:42:42+08:00 ] ::1 /booksystem/index.php/Home/BookType/getPageList?page=1&limit=10&bookTypeName=
INFO: [ app_begin ] --START--
INFO: Run Behavior\ReadHtmlCacheBehavior [ RunTime:0.000706s ]
INFO: [ app_begin ] --END-- [ RunTime:0.002342s ]
SQL: SHOW COLUMNS FROM `booktype` [ RunTime:0.0004s ]
SQL: SELECT COUNT(*) AS tp_count FROM `booktype` WHERE ( bookTypeName like'%%' ) LIMIT 1   [ RunTime:0.0002s ]
SQL: select * from bookType where BookTypename like '%%' order by id limit 0,10 [ RunTime:0.0002s ]
INFO: [ app_end ] --START--
INFO: Run Behavior\ShowPageTraceBehavior [ RunTime:0.001490s ]
INFO: [ app_end ] --END-- [ RunTime:0.001848s ]

[ 2018-01-04T10:42:52+08:00 ] ::1 /booksystem/index.php/Home/BookType/add
INFO: [ app_begin ] --START--
INFO: Run Behavior\ReadHtmlCacheBehavior [ RunTime:0.000635s ]
INFO: [ app_begin ] --END-- [ RunTime:0.001058s ]
SQL: SHOW COLUMNS FROM `booktype` [ RunTime:0.0005s ]
SQL: SELECT * FROM `booktype` WHERE ( bookTypeName = "Ë®ÄÊÉÖ" )  [ RunTime:0.0002s ]
SQL: INSERT INTO `booktype` (`bookTypeName`) VALUES ('Ë®ÄÊÉÖ') [ RunTime:0.0269s ]
INFO: [ app_end ] --START--
INFO: Run Behavior\ShowPageTraceBehavior [ RunTime:0.000698s ]
INFO: [ app_end ] --END-- [ RunTime:0.000786s ]

[ 2018-01-04T10:42:52+08:00 ] ::1 /booksystem/index.php/Home/BookType/getPageList?page=1&limit=10&bookTypeName=
INFO: [ app_begin ] --START--
INFO: Run Behavior\ReadHtmlCacheBehavior [ RunTime:0.000609s ]
INFO: [ app_begin ] --END-- [ RunTime:0.001033s ]
SQL: SHOW COLUMNS FROM `booktype` [ RunTime:0.0005s ]
SQL: SELECT COUNT(*) AS tp_count FROM `booktype` WHERE ( bookTypeName like'%%' ) LIMIT 1   [ RunTime:0.0002s ]
SQL: select * from bookType where BookTypename like '%%' order by id limit 0,10 [ RunTime:0.0002s ]
INFO: [ app_end ] --START--
INFO: Run Behavior\ShowPageTraceBehavior [ RunTime:0.000713s ]
INFO: [ app_end ] --END-- [ RunTime:0.000794s ]

[ 2018-01-04T10:43:28+08:00 ] ::1 /booksystem/index.php/Home/Role/getPageList?page=1&limit=10&rolename=
INFO: [ app_begin ] --START--
INFO: Run Behavior\ReadHtmlCacheBehavior [ RunTime:0.000735s ]
INFO: [ app_begin ] --END-- [ RunTime:0.001428s ]
SQL: SHOW COLUMNS FROM `role` [ RunTime:0.0009s ]
SQL: SELECT COUNT(*) AS tp_count FROM `role` WHERE ( rolename like'%%' ) LIMIT 1   [ RunTime:0.0002s ]
SQL: select * from Role where rolename like '%%' order by id limit 0,10 [ RunTime:0.0002s ]
INFO: [ app_end ] --START--
INFO: Run Behavior\ShowPageTraceBehavior [ RunTime:0.000689s ]
INFO: [ app_end ] --END-- [ RunTime:0.000793s ]

[ 2018-01-04T10:43:29+08:00 ] ::1 /booksystem/index.php/Home/User/getPageList?page=1&limit=10&truename=
INFO: [ app_begin ] --START--
INFO: Run Behavior\ReadHtmlCacheBehavior [ RunTime:0.001047s ]
INFO: [ app_begin ] --END-- [ RunTime:0.002033s ]
SQL: SHOW COLUMNS FROM `user` [ RunTime:0.0008s ]
SQL: SELECT COUNT(*) AS tp_count FROM `user` WHERE ( truename like'%%' ) LIMIT 1   [ RunTime:0.0003s ]
SQL: select * from User where trueName like '%%' order by id limit 0,10 [ RunTime:0.0003s ]
INFO: [ app_end ] --START--
INFO: Run Behavior\ShowPageTraceBehavior [ RunTime:0.002300s ]
INFO: [ app_end ] --END-- [ RunTime:0.002572s ]

[ 2018-01-04T10:43:29+08:00 ] ::1 /booksystem/index.php/Home/Power/getPageList?page=1&limit=10&powername=
INFO: [ app_begin ] --START--
INFO: Run Behavior\ReadHtmlCacheBehavior [ RunTime:0.000629s ]
INFO: [ app_begin ] --END-- [ RunTime:0.001135s ]
SQL: SHOW COLUMNS FROM `power` [ RunTime:0.0011s ]
SQL: SELECT COUNT(*) AS tp_count FROM `power` WHERE ( powername like'%%' ) LIMIT 1   [ RunTime:0.0003s ]
SQL: select p1.*,p2.powername parentname from power p1 left join power p2 on p1.parentid = p2.id where p1.powername like '%%' order by p1.id limit 0,10 [ RunTime:0.0010s ]
INFO: [ app_end ] --START--
INFO: Run Behavior\ShowPageTraceBehavior [ RunTime:0.000909s ]
INFO: [ app_end ] --END-- [ RunTime:0.001029s ]

[ 2018-01-04T10:43:31+08:00 ] ::1 /booksystem/index.php/Home/Power/getPageList?page=1&limit=10&powername=
INFO: [ app_begin ] --START--
INFO: Run Behavior\ReadHtmlCacheBehavior [ RunTime:0.000613s ]
INFO: [ app_begin ] --END-- [ RunTime:0.001091s ]
SQL: SHOW COLUMNS FROM `power` [ RunTime:0.0009s ]
SQL: SELECT COUNT(*) AS tp_count FROM `power` WHERE ( powername like'%%' ) LIMIT 1   [ RunTime:0.0002s ]
SQL: select p1.*,p2.powername parentname from power p1 left join power p2 on p1.parentid = p2.id where p1.powername like '%%' order by p1.id limit 0,10 [ RunTime:0.0007s ]
INFO: [ app_end ] --START--
INFO: Run Behavior\ShowPageTraceBehavior [ RunTime:0.000591s ]
INFO: [ app_end ] --END-- [ RunTime:0.000678s ]

[ 2018-01-04T10:43:39+08:00 ] ::1 /booksystem/index.php/Home/Index/checkLogin
INFO: [ app_begin ] --START--
INFO: Run Behavior\ReadHtmlCacheBehavior [ RunTime:0.000859s ]
INFO: [ app_begin ] --END-- [ RunTime:0.001615s ]
SQL: SHOW COLUMNS FROM `user` [ RunTime:0.0010s ]
SQL: SELECT * FROM `user` WHERE ( username = 'admin' and password = '123456' )  [ RunTime:0.0003s ]
INFO: [ app_end ] --START--
INFO: Run Behavior\ShowPageTraceBehavior [ RunTime:0.000933s ]
INFO: [ app_end ] --END-- [ RunTime:0.001024s ]

[ 2018-01-04T10:43:46+08:00 ] ::1 /booksystem/index.php/Home/Index/checkLogin
INFO: [ app_begin ] --START--
INFO: Run Behavior\ReadHtmlCacheBehavior [ RunTime:0.000966s ]
INFO: [ app_begin ] --END-- [ RunTime:0.001778s ]
SQL: SHOW COLUMNS FROM `user` [ RunTime:0.0010s ]
SQL: SELECT * FROM `user` WHERE ( username = 'admin' and password = '00000' )  [ RunTime:0.0003s ]
INFO: [ app_end ] --START--
INFO: Run Behavior\ShowPageTraceBehavior [ RunTime:0.000778s ]
INFO: [ app_end ] --END-- [ RunTime:0.000929s ]

[ 2018-01-04T10:43:49+08:00 ] ::1 /booksystem/index.php/Home/Index/checkLogin
INFO: [ app_begin ] --START--
INFO: Run Behavior\ReadHtmlCacheBehavior [ RunTime:0.000864s ]
INFO: [ app_begin ] --END-- [ RunTime:0.001511s ]
SQL: SHOW COLUMNS FROM `user` [ RunTime:0.0013s ]
SQL: SELECT * FROM `user` WHERE ( username = 'admin' and password = '000' )  [ RunTime:0.0004s ]
SQL: select distinct p.* from userandrole ur 
                                        RIGHT JOIN roleandpower rp on ur.roleId = rp.roleId
                                        LEFT JOIN power p on rp.powerId = p.id
                                        where ur.userId = 1 
                                        order by parentid asc [ RunTime:0.0023s ]
INFO: [ app_end ] --START--
INFO: Run Behavior\ShowPageTraceBehavior [ RunTime:0.000958s ]
INFO: [ app_end ] --END-- [ RunTime:0.001224s ]

[ 2018-01-04T10:43:54+08:00 ] ::1 /booksystem/index.php/Home/BookType/getPageList?page=1&limit=10&bookTypeName=
INFO: [ app_begin ] --START--
INFO: Run Behavior\ReadHtmlCacheBehavior [ RunTime:0.000658s ]
INFO: [ app_begin ] --END-- [ RunTime:0.001037s ]
SQL: SHOW COLUMNS FROM `booktype` [ RunTime:0.0008s ]
SQL: SELECT COUNT(*) AS tp_count FROM `booktype` WHERE ( bookTypeName like'%%' ) LIMIT 1   [ RunTime:0.0003s ]
SQL: select * from bookType where BookTypename like '%%' order by id limit 0,10 [ RunTime:0.0002s ]
INFO: [ app_end ] --START--
INFO: Run Behavior\ShowPageTraceBehavior [ RunTime:0.000707s ]
INFO: [ app_end ] --END-- [ RunTime:0.000790s ]

[ 2018-01-04T10:44:15+08:00 ] ::1 /booksystem/index.php/Home/BookType/getPageList?page=1&limit=10&bookTypeName=
INFO: [ app_begin ] --START--
INFO: Run Behavior\ReadHtmlCacheBehavior [ RunTime:0.000665s ]
INFO: [ app_begin ] --END-- [ RunTime:0.001141s ]
SQL: SHOW COLUMNS FROM `booktype` [ RunTime:0.0006s ]
SQL: SELECT COUNT(*) AS tp_count FROM `booktype` WHERE ( bookTypeName like'%%' ) LIMIT 1   [ RunTime:0.0007s ]
SQL: select * from bookType where BookTypename like '%%' order by id limit 0,10 [ RunTime:0.0004s ]
INFO: [ app_end ] --START--
INFO: Run Behavior\ShowPageTraceBehavior [ RunTime:0.000900s ]
INFO: [ app_end ] --END-- [ RunTime:0.001043s ]

[ 2018-01-04T10:44:18+08:00 ] ::1 /booksystem/index.php/Home/Book/getPageList?page=1&limit=10
INFO: [ app_begin ] --START--
INFO: Run Behavior\ReadHtmlCacheBehavior [ RunTime:0.001140s ]
INFO: [ app_begin ] --END-- [ RunTime:0.001992s ]
SQL: SHOW COLUMNS FROM `book` [ RunTime:0.0041s ]
NOTIC: [8] Undefined variable: bookname D:\wamp\Apache24\www\BookSystem\Application\Home\Controller\BookController.class.php Á¨¨ 23 Ë°å.
SQL: SELECT COUNT(*) AS tp_count FROM `book` WHERE ( bookname like'%%' ) LIMIT 1   [ RunTime:0.0006s ]
NOTIC: [8] Undefined variable: bookname D:\wamp\Apache24\www\BookSystem\Application\Home\Controller\BookController.class.php Á¨¨ 27 Ë°å.
SQL: select * from Book where bookname like '%%' order by id limit 0,10 [ RunTime:0.0004s ]
INFO: [ app_end ] --START--
INFO: Run Behavior\ShowPageTraceBehavior [ RunTime:0.000692s ]
INFO: [ app_end ] --END-- [ RunTime:0.000776s ]

[ 2018-01-04T10:53:17+08:00 ] ::1 /booksystem/index.php/Home/Book/getPageList?page=1&limit=10
INFO: [ app_begin ] --START--
INFO: Run Behavior\ReadHtmlCacheBehavior [ RunTime:0.000596s ]
INFO: [ app_begin ] --END-- [ RunTime:0.001034s ]
SQL: SHOW COLUMNS FROM `book` [ RunTime:0.0010s ]
NOTIC: [8] Undefined variable: bookname D:\wamp\Apache24\www\BookSystem\Application\Home\Controller\BookController.class.php Á¨¨ 23 Ë°å.
SQL: SELECT COUNT(*) AS tp_count FROM `book` WHERE ( bookname like'%%' ) LIMIT 1   [ RunTime:0.0002s ]
NOTIC: [8] Undefined variable: bookname D:\wamp\Apache24\www\BookSystem\Application\Home\Controller\BookController.class.php Á¨¨ 27 Ë°å.
SQL: select * from Book where bookname like '%%' order by id limit 0,10 [ RunTime:0.0002s ]
INFO: [ app_end ] --START--
INFO: Run Behavior\ShowPageTraceBehavior [ RunTime:0.000583s ]
INFO: [ app_end ] --END-- [ RunTime:0.000663s ]

[ 2018-01-04T10:53:20+08:00 ] ::1 /booksystem/index.php/Home/Book/getPageList?page=1&limit=10
INFO: [ app_begin ] --START--
INFO: Run Behavior\ReadHtmlCacheBehavior [ RunTime:0.000570s ]
INFO: [ app_begin ] --END-- [ RunTime:0.001043s ]
SQL: SHOW COLUMNS FROM `book` [ RunTime:0.0009s ]
NOTIC: [8] Undefined variable: bookname D:\wamp\Apache24\www\BookSystem\Application\Home\Controller\BookController.class.php Á¨¨ 23 Ë°å.
SQL: SELECT COUNT(*) AS tp_count FROM `book` WHERE ( bookname like'%%' ) LIMIT 1   [ RunTime:0.0002s ]
NOTIC: [8] Undefined variable: bookname D:\wamp\Apache24\www\BookSystem\Application\Home\Controller\BookController.class.php Á¨¨ 27 Ë°å.
SQL: select * from Book where bookname like '%%' order by id limit 0,10 [ RunTime:0.0002s ]
INFO: [ app_end ] --START--
INFO: Run Behavior\ShowPageTraceBehavior [ RunTime:0.000591s ]
INFO: [ app_end ] --END-- [ RunTime:0.000676s ]

[ 2018-01-04T10:53:21+08:00 ] ::1 /booksystem/index.php/Home/BookType/getPageList?page=1&limit=10&bookTypeName=
INFO: [ app_begin ] --START--
INFO: Run Behavior\ReadHtmlCacheBehavior [ RunTime:0.000535s ]
INFO: [ app_begin ] --END-- [ RunTime:0.000944s ]
SQL: SHOW COLUMNS FROM `booktype` [ RunTime:0.0004s ]
SQL: SELECT COUNT(*) AS tp_count FROM `booktype` WHERE ( bookTypeName like'%%' ) LIMIT 1   [ RunTime:0.0002s ]
SQL: select * from bookType where BookTypename like '%%' order by id limit 0,10 [ RunTime:0.0001s ]
INFO: [ app_end ] --START--
INFO: Run Behavior\ShowPageTraceBehavior [ RunTime:0.000616s ]
INFO: [ app_end ] --END-- [ RunTime:0.000713s ]

[ 2018-01-04T10:53:23+08:00 ] ::1 /booksystem/index.php/Home/Power/getPageList?page=1&limit=10&powername=
INFO: [ app_begin ] --START--
INFO: Run Behavior\ReadHtmlCacheBehavior [ RunTime:0.000554s ]
INFO: [ app_begin ] --END-- [ RunTime:0.000991s ]
SQL: SHOW COLUMNS FROM `power` [ RunTime:0.0004s ]
SQL: SELECT COUNT(*) AS tp_count FROM `power` WHERE ( powername like'%%' ) LIMIT 1   [ RunTime:0.0002s ]
SQL: select p1.*,p2.powername parentname from power p1 left join power p2 on p1.parentid = p2.id where p1.powername like '%%' order by p1.id limit 0,10 [ RunTime:0.0007s ]
INFO: [ app_end ] --START--
INFO: Run Behavior\ShowPageTraceBehavior [ RunTime:0.000633s ]
INFO: [ app_end ] --END-- [ RunTime:0.000715s ]

[ 2018-01-04T10:53:23+08:00 ] ::1 /booksystem/index.php/Home/User/getPageList?page=1&limit=10&truename=
INFO: [ app_begin ] --START--
INFO: Run Behavior\ReadHtmlCacheBehavior [ RunTime:0.000561s ]
INFO: [ app_begin ] --END-- [ RunTime:0.001084s ]
SQL: SHOW COLUMNS FROM `user` [ RunTime:0.0018s ]
SQL: SELECT COUNT(*) AS tp_count FROM `user` WHERE ( truename like'%%' ) LIMIT 1   [ RunTime:0.0003s ]
SQL: select * from User where trueName like '%%' order by id limit 0,10 [ RunTime:0.0002s ]
INFO: [ app_end ] --START--
INFO: Run Behavior\ShowPageTraceBehavior [ RunTime:0.000666s ]
INFO: [ app_end ] --END-- [ RunTime:0.000766s ]

[ 2018-01-04T10:53:24+08:00 ] ::1 /booksystem/index.php/Home/Role/getPageList?page=1&limit=10&rolename=
INFO: [ app_begin ] --START--
INFO: Run Behavior\ReadHtmlCacheBehavior [ RunTime:0.000995s ]
INFO: [ app_begin ] --END-- [ RunTime:0.003199s ]
SQL: SHOW COLUMNS FROM `role` [ RunTime:0.0004s ]
SQL: SELECT COUNT(*) AS tp_count FROM `role` WHERE ( rolename like'%%' ) LIMIT 1   [ RunTime:0.0002s ]
SQL: select * from Role where rolename like '%%' order by id limit 0,10 [ RunTime:0.0001s ]
INFO: [ app_end ] --START--
INFO: Run Behavior\ShowPageTraceBehavior [ RunTime:0.000599s ]
INFO: [ app_end ] --END-- [ RunTime:0.000697s ]

[ 2018-01-04T10:53:24+08:00 ] ::1 /booksystem/index.php/Home/BookType/getPageList?page=1&limit=10&bookTypeName=
INFO: [ app_begin ] --START--
INFO: Run Behavior\ReadHtmlCacheBehavior [ RunTime:0.000628s ]
INFO: [ app_begin ] --END-- [ RunTime:0.001020s ]
SQL: SHOW COLUMNS FROM `booktype` [ RunTime:0.0004s ]
SQL: SELECT COUNT(*) AS tp_count FROM `booktype` WHERE ( bookTypeName like'%%' ) LIMIT 1   [ RunTime:0.0002s ]
SQL: select * from bookType where BookTypename like '%%' order by id limit 0,10 [ RunTime:0.0002s ]
INFO: [ app_end ] --START--
INFO: Run Behavior\ShowPageTraceBehavior [ RunTime:0.000636s ]
INFO: [ app_end ] --END-- [ RunTime:0.000716s ]

[ 2018-01-04T10:57:01+08:00 ] ::1 /booksystem/index.php/Home/BookType/getPageList?page=1&limit=10&bookTypeName=
INFO: [ app_begin ] --START--
INFO: Run Behavior\ReadHtmlCacheBehavior [ RunTime:0.000599s ]
INFO: [ app_begin ] --END-- [ RunTime:0.001255s ]
SQL: SHOW COLUMNS FROM `booktype` [ RunTime:0.0005s ]
SQL: SELECT COUNT(*) AS tp_count FROM `booktype` WHERE ( bookTypeName like'%%' ) LIMIT 1   [ RunTime:0.0002s ]
SQL: select * from bookType where BookTypename like '%%' order by id limit 0,10 [ RunTime:0.0002s ]
INFO: [ app_end ] --START--
INFO: Run Behavior\ShowPageTraceBehavior [ RunTime:0.000637s ]
INFO: [ app_end ] --END-- [ RunTime:0.000721s ]

[ 2018-01-04T10:57:02+08:00 ] ::1 /booksystem/index.php/Home/Role/getPageList?page=1&limit=10&rolename=
INFO: [ app_begin ] --START--
INFO: Run Behavior\ReadHtmlCacheBehavior [ RunTime:0.000504s ]
INFO: [ app_begin ] --END-- [ RunTime:0.000952s ]
SQL: SHOW COLUMNS FROM `role` [ RunTime:0.0012s ]
SQL: SELECT COUNT(*) AS tp_count FROM `role` WHERE ( rolename like'%%' ) LIMIT 1   [ RunTime:0.0005s ]
SQL: select * from Role where rolename like '%%' order by id limit 0,10 [ RunTime:0.0003s ]
INFO: [ app_end ] --START--
INFO: Run Behavior\ShowPageTraceBehavior [ RunTime:0.000733s ]
INFO: [ app_end ] --END-- [ RunTime:0.000876s ]

[ 2018-01-04T10:57:02+08:00 ] ::1 /booksystem/index.php/Home/User/getPageList?page=1&limit=10&truename=
INFO: [ app_begin ] --START--
INFO: Run Behavior\ReadHtmlCacheBehavior [ RunTime:0.000535s ]
INFO: [ app_begin ] --END-- [ RunTime:0.000960s ]
SQL: SHOW COLUMNS FROM `user` [ RunTime:0.0009s ]
SQL: SELECT COUNT(*) AS tp_count FROM `user` WHERE ( truename like'%%' ) LIMIT 1   [ RunTime:0.0003s ]
SQL: select * from User where trueName like '%%' order by id limit 0,10 [ RunTime:0.0002s ]
INFO: [ app_end ] --START--
INFO: Run Behavior\ShowPageTraceBehavior [ RunTime:0.000633s ]
INFO: [ app_end ] --END-- [ RunTime:0.000717s ]

[ 2018-01-04T10:57:03+08:00 ] ::1 /booksystem/index.php/Home/User/getPageList?page=1&limit=10&truename=
INFO: [ app_begin ] --START--
INFO: Run Behavior\ReadHtmlCacheBehavior [ RunTime:0.000691s ]
INFO: [ app_begin ] --END-- [ RunTime:0.001273s ]
SQL: SHOW COLUMNS FROM `user` [ RunTime:0.0006s ]
SQL: SELECT COUNT(*) AS tp_count FROM `user` WHERE ( truename like'%%' ) LIMIT 1   [ RunTime:0.0002s ]
SQL: select * from User where trueName like '%%' order by id limit 0,10 [ RunTime:0.0002s ]
INFO: [ app_end ] --START--
INFO: Run Behavior\ShowPageTraceBehavior [ RunTime:0.000651s ]
INFO: [ app_end ] --END-- [ RunTime:0.000733s ]

[ 2018-01-04T10:57:03+08:00 ] ::1 /booksystem/index.php/Home/Power/getPageList?page=1&limit=10&powername=
INFO: [ app_begin ] --START--
INFO: Run Behavior\ReadHtmlCacheBehavior [ RunTime:0.000961s ]
INFO: [ app_begin ] --END-- [ RunTime:0.001737s ]
SQL: SHOW COLUMNS FROM `power` [ RunTime:0.0005s ]
SQL: SELECT COUNT(*) AS tp_count FROM `power` WHERE ( powername like'%%' ) LIMIT 1   [ RunTime:0.0002s ]
SQL: select p1.*,p2.powername parentname from power p1 left join power p2 on p1.parentid = p2.id where p1.powername like '%%' order by p1.id limit 0,10 [ RunTime:0.0008s ]
INFO: [ app_end ] --START--
INFO: Run Behavior\ShowPageTraceBehavior [ RunTime:0.000654s ]
INFO: [ app_end ] --END-- [ RunTime:0.000736s ]

[ 2018-01-04T10:57:05+08:00 ] ::1 /booksystem/index.php/Home/User/getPageList?page=1&limit=10&truename=
INFO: [ app_begin ] --START--
INFO: Run Behavior\ReadHtmlCacheBehavior [ RunTime:0.000567s ]
INFO: [ app_begin ] --END-- [ RunTime:0.001028s ]
SQL: SHOW COLUMNS FROM `user` [ RunTime:0.0011s ]
SQL: SELECT COUNT(*) AS tp_count FROM `user` WHERE ( truename like'%%' ) LIMIT 1   [ RunTime:0.0002s ]
SQL: select * from User where trueName like '%%' order by id limit 0,10 [ RunTime:0.0002s ]
INFO: [ app_end ] --START--
INFO: Run Behavior\ShowPageTraceBehavior [ RunTime:0.000674s ]
INFO: [ app_end ] --END-- [ RunTime:0.000758s ]

[ 2018-01-04T10:57:05+08:00 ] ::1 /booksystem/index.php/Home/Role/getPageList?page=1&limit=10&rolename=
INFO: [ app_begin ] --START--
INFO: Run Behavior\ReadHtmlCacheBehavior [ RunTime:0.000813s ]
INFO: [ app_begin ] --END-- [ RunTime:0.001267s ]
SQL: SHOW COLUMNS FROM `role` [ RunTime:0.0010s ]
SQL: SELECT COUNT(*) AS tp_count FROM `role` WHERE ( rolename like'%%' ) LIMIT 1   [ RunTime:0.0003s ]
SQL: select * from Role where rolename like '%%' order by id limit 0,10 [ RunTime:0.0003s ]
INFO: [ app_end ] --START--
INFO: Run Behavior\ShowPageTraceBehavior [ RunTime:0.000725s ]
INFO: [ app_end ] --END-- [ RunTime:0.000839s ]

[ 2018-01-04T10:57:06+08:00 ] ::1 /booksystem/index.php/Home/BookType/getPageList?page=1&limit=10&bookTypeName=
INFO: [ app_begin ] --START--
INFO: Run Behavior\ReadHtmlCacheBehavior [ RunTime:0.000541s ]
INFO: [ app_begin ] --END-- [ RunTime:0.001061s ]
SQL: SHOW COLUMNS FROM `booktype` [ RunTime:0.0004s ]
SQL: SELECT COUNT(*) AS tp_count FROM `booktype` WHERE ( bookTypeName like'%%' ) LIMIT 1   [ RunTime:0.0003s ]
SQL: select * from bookType where BookTypename like '%%' order by id limit 0,10 [ RunTime:0.0011s ]
INFO: [ app_end ] --START--
INFO: Run Behavior\ShowPageTraceBehavior [ RunTime:0.000942s ]
INFO: [ app_end ] --END-- [ RunTime:0.001065s ]

[ 2018-01-04T10:57:07+08:00 ] ::1 /booksystem/index.php/Home/Role/getPageList?page=1&limit=10&rolename=
INFO: [ app_begin ] --START--
INFO: Run Behavior\ReadHtmlCacheBehavior [ RunTime:0.000784s ]
INFO: [ app_begin ] --END-- [ RunTime:0.001659s ]
SQL: SHOW COLUMNS FROM `role` [ RunTime:0.0010s ]
SQL: SELECT COUNT(*) AS tp_count FROM `role` WHERE ( rolename like'%%' ) LIMIT 1   [ RunTime:0.0002s ]
SQL: select * from Role where rolename like '%%' order by id limit 0,10 [ RunTime:0.0002s ]
INFO: [ app_end ] --START--
INFO: Run Behavior\ShowPageTraceBehavior [ RunTime:0.002446s ]
INFO: [ app_end ] --END-- [ RunTime:0.002628s ]

[ 2018-01-04T10:57:08+08:00 ] ::1 /booksystem/index.php/Home/User/getPageList?page=1&limit=10&truename=
INFO: [ app_begin ] --START--
INFO: Run Behavior\ReadHtmlCacheBehavior [ RunTime:0.001056s ]
INFO: [ app_begin ] --END-- [ RunTime:0.001762s ]
SQL: SHOW COLUMNS FROM `user` [ RunTime:0.0015s ]
SQL: SELECT COUNT(*) AS tp_count FROM `user` WHERE ( truename like'%%' ) LIMIT 1   [ RunTime:0.0007s ]
SQL: select * from User where trueName like '%%' order by id limit 0,10 [ RunTime:0.0003s ]
INFO: [ app_end ] --START--
INFO: Run Behavior\ShowPageTraceBehavior [ RunTime:0.000665s ]
INFO: [ app_end ] --END-- [ RunTime:0.000755s ]

