[ 2018-01-03T12:06:40+08:00 ] ::1 /booksystem/index.php/Home/Book/getPageList?page=1&limit=10&truename=
INFO: [ app_begin ] --START--
INFO: Run Behavior\ReadHtmlCacheBehavior [ RunTime:0.000461s ]
INFO: [ app_begin ] --END-- [ RunTime:0.000873s ]
SQL: SHOW COLUMNS FROM `book` [ RunTime:0.0011s ]
NOTIC: [8] Undefined variable: bookname D:\wamp\Apache24\www\BookSystem\Application\Home\Controller\BookController.class.php 第 23 行.
SQL: SELECT COUNT(*) AS tp_count FROM `book` WHERE ( bookname like'%%' ) LIMIT 1   [ RunTime:0.0002s ]
NOTIC: [8] Undefined variable: bookname D:\wamp\Apache24\www\BookSystem\Application\Home\Controller\BookController.class.php 第 27 行.
SQL: select * from Book where bookname like '%%' order by id limit 0,10 [ RunTime:0.0002s ]
INFO: [ app_end ] --START--
INFO: Run Behavior\ShowPageTraceBehavior [ RunTime:0.000499s ]
INFO: [ app_end ] --END-- [ RunTime:0.000579s ]

[ 2018-01-03T12:06:47+08:00 ] ::1 /booksystem/index.php/Home/File/uploadOne
INFO: [ app_begin ] --START--
INFO: Run Behavior\ReadHtmlCacheBehavior [ RunTime:0.000494s ]
INFO: [ app_begin ] --END-- [ RunTime:0.000938s ]
NOTIC: [2] call_user_func() expects parameter 1 to be a valid callback, no array or string given D:\wamp\Apache24\www\BookSystem\ThinkPHP\Library\Think\Upload.class.php 第 170 行.
DEBUG: ++++++++++++++++++++++++++++++++++++++:Think\Upload Object
(
    [config:Think\Upload:private] => Array
        (
            [mimes] => Array
                (
                )

            [maxSize] => 3145728
            [exts] => Array
                (
                    [0] => jpg
                    [1] => gif
                    [2] => png
                    [3] => jpeg
                )

            [autoSub] => 1
            [subName] => Array
                (
                    [0] => date
                    [1] => Y-m-d
                )

            [rootPath] => ./Uploads/
            [savePath] => 
            [saveName] => Array
                (
                    [0] => uniqid
                    [1] => 
                )

            [saveExt] => 
            [replace] => 
            [hash] => 1
            [callback] => 
            [driver] => 
            [driverConfig] => Array
                (
                )

        )

    [error:Think\Upload:private] => 
    [uploader:Think\Upload:private] => Think\Upload\Driver\Local Object
        (
            [rootPath:Think\Upload\Driver\Local:private] => ./Uploads/
            [error:Think\Upload\Driver\Local:private] => 
        )

)

DEBUG: 222222222222222222222222222222222:Think\Upload Object
(
    [config:Think\Upload:private] => Array
        (
            [mimes] => Array
                (
                )

            [maxSize] => 3145728
            [exts] => Array
                (
                    [0] => jpg
                    [1] => gif
                    [2] => png
                    [3] => jpeg
                )

            [autoSub] => 1
            [subName] => Array
                (
                    [0] => date
                    [1] => Y-m-d
                )

            [rootPath] => ./Uploads/
            [savePath] => 
            [saveName] => Array
                (
                    [0] => uniqid
                    [1] => 
                )

            [saveExt] => 
            [replace] => 
            [hash] => 1
            [callback] => 
            [driver] => 
            [driverConfig] => Array
                (
                )

        )

    [error:Think\Upload:private] => 
    [uploader:Think\Upload:private] => Think\Upload\Driver\Local Object
        (
            [rootPath:Think\Upload\Driver\Local:private] => ./Uploads/
            [error:Think\Upload\Driver\Local:private] => 
        )

)

INFO: [ app_end ] --START--
INFO: Run Behavior\ShowPageTraceBehavior [ RunTime:0.001004s ]
INFO: [ app_end ] --END-- [ RunTime:0.001087s ]

[ 2018-01-03T12:17:11+08:00 ] 192.168.1.149 /booksystem/index.php/Home/Index/checkLogin
INFO: [ app_begin ] --START--
INFO: Run Behavior\ReadHtmlCacheBehavior [ RunTime:0.000363s ]
INFO: [ app_begin ] --END-- [ RunTime:0.000638s ]
SQL: SHOW COLUMNS FROM `user` [ RunTime:0.0007s ]
SQL: SELECT * FROM `user` WHERE ( username = 'admin' and password = '000' )  [ RunTime:0.0004s ]
SQL: select distinct p.* from userandrole ur 
                                        RIGHT JOIN roleandpower rp on ur.roleId = rp.roleId
                                        LEFT JOIN power p on rp.powerId = p.id
                                        where ur.userId = 1 
                                        order by parentid asc [ RunTime:0.0011s ]
INFO: [ app_end ] --START--
INFO: Run Behavior\ShowPageTraceBehavior [ RunTime:0.000439s ]
INFO: [ app_end ] --END-- [ RunTime:0.000517s ]

[ 2018-01-03T12:17:14+08:00 ] 192.168.1.149 /booksystem/index.php/Home/Book/getPageList?page=1&limit=10&truename=
INFO: [ app_begin ] --START--
INFO: Run Behavior\ReadHtmlCacheBehavior [ RunTime:0.000309s ]
INFO: [ app_begin ] --END-- [ RunTime:0.000563s ]
SQL: SHOW COLUMNS FROM `book` [ RunTime:0.0005s ]
NOTIC: [8] Undefined variable: bookname D:\wamp\Apache24\www\BookSystem\Application\Home\Controller\BookController.class.php 第 23 行.
SQL: SELECT COUNT(*) AS tp_count FROM `book` WHERE ( bookname like'%%' ) LIMIT 1   [ RunTime:0.0003s ]
NOTIC: [8] Undefined variable: bookname D:\wamp\Apache24\www\BookSystem\Application\Home\Controller\BookController.class.php 第 27 行.
SQL: select * from Book where bookname like '%%' order by id limit 0,10 [ RunTime:0.0002s ]
INFO: [ app_end ] --START--
INFO: Run Behavior\ShowPageTraceBehavior [ RunTime:0.000388s ]
INFO: [ app_end ] --END-- [ RunTime:0.000465s ]

[ 2018-01-03T12:17:48+08:00 ] 192.168.1.149 /booksystem/index.php/Home/File/uploadOne
INFO: [ app_begin ] --START--
INFO: Run Behavior\ReadHtmlCacheBehavior [ RunTime:0.000464s ]
INFO: [ app_begin ] --END-- [ RunTime:0.000770s ]
NOTIC: [2] call_user_func() expects parameter 1 to be a valid callback, no array or string given D:\wamp\Apache24\www\BookSystem\ThinkPHP\Library\Think\Upload.class.php 第 170 行.
INFO: [ app_end ] --START--
INFO: Run Behavior\ShowPageTraceBehavior [ RunTime:0.000844s ]
INFO: [ app_end ] --END-- [ RunTime:0.000934s ]

[ 2018-01-03T12:32:32+08:00 ] 192.168.1.149 /booksystem/index.php/Home/User/getPageList?page=1&limit=10&truename=
INFO: [ app_begin ] --START--
INFO: Run Behavior\ReadHtmlCacheBehavior [ RunTime:0.000416s ]
INFO: [ app_begin ] --END-- [ RunTime:0.000736s ]
SQL: SHOW COLUMNS FROM `user` [ RunTime:0.0012s ]
SQL: SELECT COUNT(*) AS tp_count FROM `user` WHERE ( truename like'%%' ) LIMIT 1   [ RunTime:0.0003s ]
SQL: select * from User where trueName like '%%' order by id limit 0,10 [ RunTime:0.0003s ]
INFO: [ app_end ] --START--
INFO: Run Behavior\ShowPageTraceBehavior [ RunTime:0.000525s ]
INFO: [ app_end ] --END-- [ RunTime:0.000606s ]

[ 2018-01-03T12:32:32+08:00 ] 192.168.1.149 /booksystem/index.php/Home/User/getPageList?page=1&limit=10&truename=
INFO: [ app_begin ] --START--
INFO: Run Behavior\ReadHtmlCacheBehavior [ RunTime:0.000909s ]
INFO: [ app_begin ] --END-- [ RunTime:0.001312s ]
SQL: SHOW COLUMNS FROM `user` [ RunTime:0.0006s ]
SQL: SELECT COUNT(*) AS tp_count FROM `user` WHERE ( truename like'%%' ) LIMIT 1   [ RunTime:0.0003s ]
SQL: select * from User where trueName like '%%' order by id limit 0,10 [ RunTime:0.0002s ]
INFO: [ app_end ] --START--
INFO: Run Behavior\ShowPageTraceBehavior [ RunTime:0.000492s ]
INFO: [ app_end ] --END-- [ RunTime:0.000571s ]

[ 2018-01-03T12:32:33+08:00 ] 192.168.1.149 /booksystem/index.php/Home/Role/getPageList?page=1&limit=10&rolename=
INFO: [ app_begin ] --START--
INFO: Run Behavior\ReadHtmlCacheBehavior [ RunTime:0.000408s ]
INFO: [ app_begin ] --END-- [ RunTime:0.000754s ]
SQL: SHOW COLUMNS FROM `role` [ RunTime:0.0006s ]
SQL: SELECT COUNT(*) AS tp_count FROM `role` WHERE ( rolename like'%%' ) LIMIT 1   [ RunTime:0.0003s ]
SQL: select * from Role where rolename like '%%' order by id limit 0,10 [ RunTime:0.0002s ]
INFO: [ app_end ] --START--
INFO: Run Behavior\ShowPageTraceBehavior [ RunTime:0.000491s ]
INFO: [ app_end ] --END-- [ RunTime:0.000570s ]

[ 2018-01-03T12:32:34+08:00 ] 192.168.1.149 /booksystem/index.php/Home/Power/getPageList?page=1&limit=10&powername=
INFO: [ app_begin ] --START--
INFO: Run Behavior\ReadHtmlCacheBehavior [ RunTime:0.000438s ]
INFO: [ app_begin ] --END-- [ RunTime:0.000745s ]
SQL: SHOW COLUMNS FROM `power` [ RunTime:0.0009s ]
SQL: SELECT COUNT(*) AS tp_count FROM `power` WHERE ( powername like'%%' ) LIMIT 1   [ RunTime:0.0004s ]
SQL: select p1.*,p2.powername parentname from power p1 left join power p2 on p1.parentid = p2.id where p1.powername like '%%' order by p1.id limit 0,10 [ RunTime:0.0009s ]
INFO: [ app_end ] --START--
INFO: Run Behavior\ShowPageTraceBehavior [ RunTime:0.000520s ]
INFO: [ app_end ] --END-- [ RunTime:0.000600s ]

[ 2018-01-03T12:32:35+08:00 ] 192.168.1.149 /booksystem/index.php/Home/Role/getPageList?page=1&limit=10&rolename=
INFO: [ app_begin ] --START--
INFO: Run Behavior\ReadHtmlCacheBehavior [ RunTime:0.000538s ]
INFO: [ app_begin ] --END-- [ RunTime:0.000960s ]
SQL: SHOW COLUMNS FROM `role` [ RunTime:0.0011s ]
SQL: SELECT COUNT(*) AS tp_count FROM `role` WHERE ( rolename like'%%' ) LIMIT 1   [ RunTime:0.0002s ]
SQL: select * from Role where rolename like '%%' order by id limit 0,10 [ RunTime:0.0002s ]
INFO: [ app_end ] --START--
INFO: Run Behavior\ShowPageTraceBehavior [ RunTime:0.000541s ]
INFO: [ app_end ] --END-- [ RunTime:0.000620s ]

[ 2018-01-03T12:32:37+08:00 ] 192.168.1.149 /booksystem/index.php/Home/Role/powerTreeList?roleId=1
INFO: [ app_begin ] --START--
INFO: Run Behavior\ReadHtmlCacheBehavior [ RunTime:0.000384s ]
INFO: [ app_begin ] --END-- [ RunTime:0.000677s ]
SQL: select rp.roleId,p.*,case when p.parentId=0 then p.id ELSE CONCAT(p.parentId,'-',p.id) end treeCode from power p LEFT JOIN roleandpower rp on p.id = rp.powerId and rp.roleId = 1 ORDER BY treeCode [ RunTime:0.0013s ]
INFO: [ app_end ] --START--
INFO: Run Behavior\ShowPageTraceBehavior [ RunTime:0.000546s ]
INFO: [ app_end ] --END-- [ RunTime:0.000632s ]

[ 2018-01-03T12:33:09+08:00 ] 192.168.1.149 /booksystem/index.php/Home/Role/powerTreeList?roleId=5
INFO: [ app_begin ] --START--
INFO: Run Behavior\ReadHtmlCacheBehavior [ RunTime:0.000442s ]
INFO: [ app_begin ] --END-- [ RunTime:0.000757s ]
SQL: select rp.roleId,p.*,case when p.parentId=0 then p.id ELSE CONCAT(p.parentId,'-',p.id) end treeCode from power p LEFT JOIN roleandpower rp on p.id = rp.powerId and rp.roleId = 5 ORDER BY treeCode [ RunTime:0.0014s ]
INFO: [ app_end ] --START--
INFO: Run Behavior\ShowPageTraceBehavior [ RunTime:0.000829s ]
INFO: [ app_end ] --END-- [ RunTime:0.000911s ]

[ 2018-01-03T13:33:25+08:00 ] ::1 /booksystem/index.php/Home/Book/getPageList?page=1&limit=10&truename=
INFO: [ app_begin ] --START--
INFO: Run Behavior\ReadHtmlCacheBehavior [ RunTime:0.000473s ]
INFO: [ app_begin ] --END-- [ RunTime:0.000941s ]
SQL: SHOW COLUMNS FROM `book` [ RunTime:0.0012s ]
NOTIC: [8] Undefined variable: bookname D:\wamp\Apache24\www\BookSystem\Application\Home\Controller\BookController.class.php 第 23 行.
SQL: SELECT COUNT(*) AS tp_count FROM `book` WHERE ( bookname like'%%' ) LIMIT 1   [ RunTime:0.0020s ]
NOTIC: [8] Undefined variable: bookname D:\wamp\Apache24\www\BookSystem\Application\Home\Controller\BookController.class.php 第 27 行.
SQL: select * from Book where bookname like '%%' order by id limit 0,10 [ RunTime:0.0010s ]
INFO: [ app_end ] --START--
INFO: Run Behavior\ShowPageTraceBehavior [ RunTime:0.002272s ]
INFO: [ app_end ] --END-- [ RunTime:0.002981s ]

[ 2018-01-03T13:33:31+08:00 ] ::1 /booksystem/index.php/Home/File/uploadOne
INFO: [ app_begin ] --START--
INFO: Run Behavior\ReadHtmlCacheBehavior [ RunTime:0.000367s ]
INFO: [ app_begin ] --END-- [ RunTime:0.000620s ]
NOTIC: [2] call_user_func() expects parameter 1 to be a valid callback, no array or string given D:\wamp\Apache24\www\BookSystem\ThinkPHP\Library\Think\Upload.class.php 第 170 行.
INFO: [ app_end ] --START--
INFO: Run Behavior\ShowPageTraceBehavior [ RunTime:0.001043s ]
INFO: [ app_end ] --END-- [ RunTime:0.001134s ]

[ 2018-01-03T13:34:31+08:00 ] ::1 /booksystem/index.php/Home/Book/getPageList?page=1&limit=10&truename=
INFO: [ app_begin ] --START--
INFO: Run Behavior\ReadHtmlCacheBehavior [ RunTime:0.000595s ]
INFO: [ app_begin ] --END-- [ RunTime:0.000917s ]
SQL: SHOW COLUMNS FROM `book` [ RunTime:0.0016s ]
NOTIC: [8] Undefined variable: bookname D:\wamp\Apache24\www\BookSystem\Application\Home\Controller\BookController.class.php 第 23 行.
SQL: SELECT COUNT(*) AS tp_count FROM `book` WHERE ( bookname like'%%' ) LIMIT 1   [ RunTime:0.0002s ]
NOTIC: [8] Undefined variable: bookname D:\wamp\Apache24\www\BookSystem\Application\Home\Controller\BookController.class.php 第 27 行.
SQL: select * from Book where bookname like '%%' order by id limit 0,10 [ RunTime:0.0003s ]
INFO: [ app_end ] --START--
INFO: Run Behavior\ShowPageTraceBehavior [ RunTime:0.000676s ]
INFO: [ app_end ] --END-- [ RunTime:0.000755s ]

[ 2018-01-03T13:34:37+08:00 ] ::1 /booksystem/index.php/Home/File/uploadOne
INFO: [ app_begin ] --START--
INFO: Run Behavior\ReadHtmlCacheBehavior [ RunTime:0.000439s ]
INFO: [ app_begin ] --END-- [ RunTime:0.000730s ]
NOTIC: [2] call_user_func() expects parameter 1 to be a valid callback, no array or string given D:\wamp\Apache24\www\BookSystem\ThinkPHP\Library\Think\Upload.class.php 第 170 行.
DEBUG: 888888888888888888888888888888:Array
(
    [name] => asd.png
    [type] => image/png
    [size] => 44632
    [key] => 0
    [ext] => png
    [md5] => e372308d77ae440b68c55e8dda254a08
    [sha1] => 19daf40fce8296795fcbe2491ee8e85af81cc30e
    [savename] => 5a4c6b6dc0f55.png
    [savepath] => 2018-01-03/
)

INFO: [ app_end ] --START--
INFO: Run Behavior\ShowPageTraceBehavior [ RunTime:0.001040s ]
INFO: [ app_end ] --END-- [ RunTime:0.001142s ]

[ 2018-01-03T13:36:53+08:00 ] ::1 /booksystem/index.php/Home/Book/getPageList?page=1&limit=10&truename=
INFO: [ app_begin ] --START--
INFO: Run Behavior\ReadHtmlCacheBehavior [ RunTime:0.000436s ]
INFO: [ app_begin ] --END-- [ RunTime:0.000828s ]
SQL: SHOW COLUMNS FROM `book` [ RunTime:0.0009s ]
NOTIC: [8] Undefined variable: bookname D:\wamp\Apache24\www\BookSystem\Application\Home\Controller\BookController.class.php 第 23 行.
SQL: SELECT COUNT(*) AS tp_count FROM `book` WHERE ( bookname like'%%' ) LIMIT 1   [ RunTime:0.0007s ]
NOTIC: [8] Undefined variable: bookname D:\wamp\Apache24\www\BookSystem\Application\Home\Controller\BookController.class.php 第 27 行.
SQL: select * from Book where bookname like '%%' order by id limit 0,10 [ RunTime:0.0004s ]
INFO: [ app_end ] --START--
INFO: Run Behavior\ShowPageTraceBehavior [ RunTime:0.000545s ]
INFO: [ app_end ] --END-- [ RunTime:0.000663s ]

[ 2018-01-03T13:36:58+08:00 ] ::1 /booksystem/index.php/Home/File/uploadOne
INFO: [ app_begin ] --START--
INFO: Run Behavior\ReadHtmlCacheBehavior [ RunTime:0.000312s ]
INFO: [ app_begin ] --END-- [ RunTime:0.000585s ]
NOTIC: [2] call_user_func() expects parameter 1 to be a valid callback, no array or string given D:\wamp\Apache24\www\BookSystem\ThinkPHP\Library\Think\Upload.class.php 第 170 行.
DEBUG: 888888888888888888888888888888:Array
(
    [name] => asd.png
    [type] => image/png
    [size] => 44632
    [key] => 0
    [ext] => png
    [md5] => e372308d77ae440b68c55e8dda254a08
    [sha1] => 19daf40fce8296795fcbe2491ee8e85af81cc30e
    [savename] => 5a4c6bfabe4b6.png
    [savepath] => 2018-01-03/
)

INFO: [ app_end ] --START--
INFO: Run Behavior\ShowPageTraceBehavior [ RunTime:0.000965s ]
INFO: [ app_end ] --END-- [ RunTime:0.001047s ]

[ 2018-01-03T13:43:57+08:00 ] ::1 /booksystem/index.php/Home/Book/getPageList?page=1&limit=10&truename=
INFO: [ app_begin ] --START--
INFO: Run Behavior\ReadHtmlCacheBehavior [ RunTime:0.000666s ]
INFO: [ app_begin ] --END-- [ RunTime:0.000949s ]
SQL: SHOW COLUMNS FROM `book` [ RunTime:0.0010s ]
NOTIC: [8] Undefined variable: bookname D:\wamp\Apache24\www\BookSystem\Application\Home\Controller\BookController.class.php 第 23 行.
SQL: SELECT COUNT(*) AS tp_count FROM `book` WHERE ( bookname like'%%' ) LIMIT 1   [ RunTime:0.0003s ]
NOTIC: [8] Undefined variable: bookname D:\wamp\Apache24\www\BookSystem\Application\Home\Controller\BookController.class.php 第 27 行.
SQL: select * from Book where bookname like '%%' order by id limit 0,10 [ RunTime:0.0002s ]
INFO: [ app_end ] --START--
INFO: Run Behavior\ShowPageTraceBehavior [ RunTime:0.000574s ]
INFO: [ app_end ] --END-- [ RunTime:0.000650s ]

[ 2018-01-03T13:44:02+08:00 ] ::1 /booksystem/index.php/Home/File/uploadOne
INFO: [ app_begin ] --START--
INFO: Run Behavior\ReadHtmlCacheBehavior [ RunTime:0.000456s ]
INFO: [ app_begin ] --END-- [ RunTime:0.000738s ]
NOTIC: [2] call_user_func() expects parameter 1 to be a valid callback, no array or string given D:\wamp\Apache24\www\BookSystem\ThinkPHP\Library\Think\Upload.class.php 第 170 行.
INFO: [ app_end ] --START--
INFO: Run Behavior\ShowPageTraceBehavior [ RunTime:0.000489s ]
INFO: [ app_end ] --END-- [ RunTime:0.000576s ]

[ 2018-01-03T13:45:01+08:00 ] ::1 /booksystem/index.php/Home/Book/getPageList?page=1&limit=10&truename=
INFO: [ app_begin ] --START--
INFO: Run Behavior\ReadHtmlCacheBehavior [ RunTime:0.000311s ]
INFO: [ app_begin ] --END-- [ RunTime:0.000586s ]
SQL: SHOW COLUMNS FROM `book` [ RunTime:0.0005s ]
NOTIC: [8] Undefined variable: bookname D:\wamp\Apache24\www\BookSystem\Application\Home\Controller\BookController.class.php 第 23 行.
SQL: SELECT COUNT(*) AS tp_count FROM `book` WHERE ( bookname like'%%' ) LIMIT 1   [ RunTime:0.0002s ]
NOTIC: [8] Undefined variable: bookname D:\wamp\Apache24\www\BookSystem\Application\Home\Controller\BookController.class.php 第 27 行.
SQL: select * from Book where bookname like '%%' order by id limit 0,10 [ RunTime:0.0003s ]
INFO: [ app_end ] --START--
INFO: Run Behavior\ShowPageTraceBehavior [ RunTime:0.000371s ]
INFO: [ app_end ] --END-- [ RunTime:0.000445s ]

[ 2018-01-03T13:45:32+08:00 ] ::1 /booksystem/index.php/Home/File/uploadOne
INFO: [ app_begin ] --START--
INFO: Run Behavior\ReadHtmlCacheBehavior [ RunTime:0.000366s ]
INFO: [ app_begin ] --END-- [ RunTime:0.000638s ]
NOTIC: [2] call_user_func() expects parameter 1 to be a valid callback, no array or string given D:\wamp\Apache24\www\BookSystem\ThinkPHP\Library\Think\Upload.class.php 第 170 行.
INFO: [ app_end ] --START--
INFO: Run Behavior\ShowPageTraceBehavior [ RunTime:0.000657s ]
INFO: [ app_end ] --END-- [ RunTime:0.000757s ]

[ 2018-01-03T13:47:55+08:00 ] ::1 /booksystem/index.php/Home/Book/getPageList?page=1&limit=10&truename=
INFO: [ app_begin ] --START--
INFO: Run Behavior\ReadHtmlCacheBehavior [ RunTime:0.000313s ]
INFO: [ app_begin ] --END-- [ RunTime:0.000598s ]
SQL: SHOW COLUMNS FROM `book` [ RunTime:0.0006s ]
NOTIC: [8] Undefined variable: bookname D:\wamp\Apache24\www\BookSystem\Application\Home\Controller\BookController.class.php 第 23 行.
SQL: SELECT COUNT(*) AS tp_count FROM `book` WHERE ( bookname like'%%' ) LIMIT 1   [ RunTime:0.0002s ]
NOTIC: [8] Undefined variable: bookname D:\wamp\Apache24\www\BookSystem\Application\Home\Controller\BookController.class.php 第 27 行.
SQL: select * from Book where bookname like '%%' order by id limit 0,10 [ RunTime:0.0002s ]
INFO: [ app_end ] --START--
INFO: Run Behavior\ShowPageTraceBehavior [ RunTime:0.000371s ]
INFO: [ app_end ] --END-- [ RunTime:0.000447s ]

[ 2018-01-03T13:48:15+08:00 ] ::1 /booksystem/index.php/Home/Book/getPageList?page=1&limit=10&truename=
INFO: [ app_begin ] --START--
INFO: Run Behavior\ReadHtmlCacheBehavior [ RunTime:0.000489s ]
INFO: [ app_begin ] --END-- [ RunTime:0.000797s ]
SQL: SHOW COLUMNS FROM `book` [ RunTime:0.0009s ]
NOTIC: [8] Undefined variable: bookname D:\wamp\Apache24\www\BookSystem\Application\Home\Controller\BookController.class.php 第 23 行.
SQL: SELECT COUNT(*) AS tp_count FROM `book` WHERE ( bookname like'%%' ) LIMIT 1   [ RunTime:0.0002s ]
NOTIC: [8] Undefined variable: bookname D:\wamp\Apache24\www\BookSystem\Application\Home\Controller\BookController.class.php 第 27 行.
SQL: select * from Book where bookname like '%%' order by id limit 0,10 [ RunTime:0.0002s ]
INFO: [ app_end ] --START--
INFO: Run Behavior\ShowPageTraceBehavior [ RunTime:0.000600s ]
INFO: [ app_end ] --END-- [ RunTime:0.000676s ]

[ 2018-01-03T13:48:41+08:00 ] ::1 /booksystem/index.php/Home/File/uploadOne
INFO: [ app_begin ] --START--
INFO: Run Behavior\ReadHtmlCacheBehavior [ RunTime:0.000529s ]
INFO: [ app_begin ] --END-- [ RunTime:0.000804s ]
NOTIC: [2] call_user_func() expects parameter 1 to be a valid callback, no array or string given D:\wamp\Apache24\www\BookSystem\ThinkPHP\Library\Think\Upload.class.php 第 170 行.
INFO: [ app_end ] --START--
INFO: Run Behavior\ShowPageTraceBehavior [ RunTime:0.000466s ]
INFO: [ app_end ] --END-- [ RunTime:0.000551s ]

[ 2018-01-03T13:48:51+08:00 ] ::1 /booksystem/index.php/Home/Book/add
INFO: [ app_begin ] --START--
INFO: Run Behavior\ReadHtmlCacheBehavior [ RunTime:0.000441s ]
INFO: [ app_begin ] --END-- [ RunTime:0.000721s ]
SQL: SHOW COLUMNS FROM `book` [ RunTime:0.0008s ]
SQL: SELECT * FROM `book` WHERE ( barcode = "45" )  [ RunTime:0.0004s ]
SQL: INSERT INTO `book` (`cover`,`barcode`,`bookName`,`author`,`num`,`price`,`bookType`) VALUES ('2018-01-03/5a4c6eb99cfe7.png','45','剪灯新话','达达','102','11.65','1') [ RunTime:0.0241s ]
INFO: [ app_end ] --START--
INFO: Run Behavior\ShowPageTraceBehavior [ RunTime:0.000601s ]
INFO: [ app_end ] --END-- [ RunTime:0.000677s ]

[ 2018-01-03T13:48:55+08:00 ] ::1 /booksystem/index.php/Home/Book/getPageList?page=1&limit=10&truename=
INFO: [ app_begin ] --START--
INFO: Run Behavior\ReadHtmlCacheBehavior [ RunTime:0.000619s ]
INFO: [ app_begin ] --END-- [ RunTime:0.001435s ]
SQL: SHOW COLUMNS FROM `book` [ RunTime:0.0004s ]
NOTIC: [8] Undefined variable: bookname D:\wamp\Apache24\www\BookSystem\Application\Home\Controller\BookController.class.php 第 23 行.
SQL: SELECT COUNT(*) AS tp_count FROM `book` WHERE ( bookname like'%%' ) LIMIT 1   [ RunTime:0.0002s ]
NOTIC: [8] Undefined variable: bookname D:\wamp\Apache24\www\BookSystem\Application\Home\Controller\BookController.class.php 第 27 行.
SQL: select * from Book where bookname like '%%' order by id limit 0,10 [ RunTime:0.0002s ]
INFO: [ app_end ] --START--
INFO: Run Behavior\ShowPageTraceBehavior [ RunTime:0.000575s ]
INFO: [ app_end ] --END-- [ RunTime:0.000650s ]

[ 2018-01-03T13:50:28+08:00 ] ::1 /booksystem/index.php/Home/Book/getPageList?page=1&limit=10&truename=
INFO: [ app_begin ] --START--
INFO: Run Behavior\ReadHtmlCacheBehavior [ RunTime:0.000474s ]
INFO: [ app_begin ] --END-- [ RunTime:0.000780s ]
SQL: SHOW COLUMNS FROM `book` [ RunTime:0.0005s ]
NOTIC: [8] Undefined variable: bookname D:\wamp\Apache24\www\BookSystem\Application\Home\Controller\BookController.class.php 第 23 行.
SQL: SELECT COUNT(*) AS tp_count FROM `book` WHERE ( bookname like'%%' ) LIMIT 1   [ RunTime:0.0002s ]
NOTIC: [8] Undefined variable: bookname D:\wamp\Apache24\www\BookSystem\Application\Home\Controller\BookController.class.php 第 27 行.
SQL: select * from Book where bookname like '%%' order by id limit 0,10 [ RunTime:0.0002s ]
INFO: [ app_end ] --START--
INFO: Run Behavior\ShowPageTraceBehavior [ RunTime:0.000582s ]
INFO: [ app_end ] --END-- [ RunTime:0.000657s ]

[ 2018-01-03T13:51:09+08:00 ] ::1 /booksystem/index.php/Home/File/uploadOne
INFO: [ app_begin ] --START--
INFO: Run Behavior\ReadHtmlCacheBehavior [ RunTime:0.000576s ]
INFO: [ app_begin ] --END-- [ RunTime:0.001709s ]
NOTIC: [2] call_user_func() expects parameter 1 to be a valid callback, no array or string given D:\wamp\Apache24\www\BookSystem\ThinkPHP\Library\Think\Upload.class.php 第 170 行.
INFO: [ app_end ] --START--
INFO: Run Behavior\ShowPageTraceBehavior [ RunTime:0.000722s ]
INFO: [ app_end ] --END-- [ RunTime:0.000821s ]

[ 2018-01-03T13:51:11+08:00 ] ::1 /booksystem/index.php/Home/Book/add
INFO: [ app_begin ] --START--
INFO: Run Behavior\ReadHtmlCacheBehavior [ RunTime:0.000556s ]
INFO: [ app_begin ] --END-- [ RunTime:0.000868s ]
SQL: SHOW COLUMNS FROM `book` [ RunTime:0.0005s ]
SQL: SELECT * FROM `book` WHERE ( barcode = "红楼梦" )  [ RunTime:0.0005s ]
SQL: INSERT INTO `book` (`cover`,`barcode`,`bookName`,`author`,`num`,`price`,`bookType`) VALUES ('2018-01-03/5a4c6f4d0751f.png','红楼梦','红楼梦','曹雪芹','20','100.2','1') [ RunTime:0.0214s ]
INFO: [ app_end ] --START--
INFO: Run Behavior\ShowPageTraceBehavior [ RunTime:0.000711s ]
INFO: [ app_end ] --END-- [ RunTime:0.000790s ]

[ 2018-01-03T13:51:13+08:00 ] ::1 /booksystem/index.php/Home/Book/getPageList?page=1&limit=10&truename=
INFO: [ app_begin ] --START--
INFO: Run Behavior\ReadHtmlCacheBehavior [ RunTime:0.000480s ]
INFO: [ app_begin ] --END-- [ RunTime:0.000776s ]
SQL: SHOW COLUMNS FROM `book` [ RunTime:0.0008s ]
NOTIC: [8] Undefined variable: bookname D:\wamp\Apache24\www\BookSystem\Application\Home\Controller\BookController.class.php 第 23 行.
SQL: SELECT COUNT(*) AS tp_count FROM `book` WHERE ( bookname like'%%' ) LIMIT 1   [ RunTime:0.0004s ]
NOTIC: [8] Undefined variable: bookname D:\wamp\Apache24\www\BookSystem\Application\Home\Controller\BookController.class.php 第 27 行.
SQL: select * from Book where bookname like '%%' order by id limit 0,10 [ RunTime:0.0004s ]
INFO: [ app_end ] --START--
INFO: Run Behavior\ShowPageTraceBehavior [ RunTime:0.000534s ]
INFO: [ app_end ] --END-- [ RunTime:0.000613s ]

[ 2018-01-03T13:51:17+08:00 ] ::1 /booksystem/index.php/Home/Book/toEdit?id=5
ERR: 1146:Table 'booksystem.bookandrole' doesn't exist
 [ SQL语句 ] : select r.*,ur.BookId from role r LEFT JOIN Bookandrole ur on ur.roleId = r.id and ur.BookId = 5 order by id asc

[ 2018-01-03T13:55:31+08:00 ] ::1 /booksystem/index.php/Home/Book/getPageList?page=1&limit=10&truename=
INFO: [ app_begin ] --START--
INFO: Run Behavior\ReadHtmlCacheBehavior [ RunTime:0.000456s ]
INFO: [ app_begin ] --END-- [ RunTime:0.000836s ]
SQL: SHOW COLUMNS FROM `book` [ RunTime:0.0006s ]
NOTIC: [8] Undefined variable: bookname D:\wamp\Apache24\www\BookSystem\Application\Home\Controller\BookController.class.php 第 23 行.
SQL: SELECT COUNT(*) AS tp_count FROM `book` WHERE ( bookname like'%%' ) LIMIT 1   [ RunTime:0.0002s ]
NOTIC: [8] Undefined variable: bookname D:\wamp\Apache24\www\BookSystem\Application\Home\Controller\BookController.class.php 第 27 行.
SQL: select * from Book where bookname like '%%' order by id limit 0,10 [ RunTime:0.0002s ]
INFO: [ app_end ] --START--
INFO: Run Behavior\ShowPageTraceBehavior [ RunTime:0.000556s ]
INFO: [ app_end ] --END-- [ RunTime:0.000702s ]

[ 2018-01-03T13:55:53+08:00 ] ::1 /booksystem/index.php/Home/Book/getPageList?page=1&limit=10&truename=
INFO: [ app_begin ] --START--
INFO: Run Behavior\ReadHtmlCacheBehavior [ RunTime:0.000493s ]
INFO: [ app_begin ] --END-- [ RunTime:0.000770s ]
SQL: SHOW COLUMNS FROM `book` [ RunTime:0.0009s ]
NOTIC: [8] Undefined variable: bookname D:\wamp\Apache24\www\BookSystem\Application\Home\Controller\BookController.class.php 第 23 行.
SQL: SELECT COUNT(*) AS tp_count FROM `book` WHERE ( bookname like'%%' ) LIMIT 1   [ RunTime:0.0002s ]
NOTIC: [8] Undefined variable: bookname D:\wamp\Apache24\www\BookSystem\Application\Home\Controller\BookController.class.php 第 27 行.
SQL: select * from Book where bookname like '%%' order by id limit 0,10 [ RunTime:0.0002s ]
INFO: [ app_end ] --START--
INFO: Run Behavior\ShowPageTraceBehavior [ RunTime:0.000529s ]
INFO: [ app_end ] --END-- [ RunTime:0.000604s ]

[ 2018-01-03T13:56:44+08:00 ] ::1 /booksystem/index.php/Home/Book/getPageList?page=1&limit=10&truename=
INFO: [ app_begin ] --START--
INFO: Run Behavior\ReadHtmlCacheBehavior [ RunTime:0.000455s ]
INFO: [ app_begin ] --END-- [ RunTime:0.000769s ]
SQL: SHOW COLUMNS FROM `book` [ RunTime:0.0020s ]
NOTIC: [8] Undefined variable: bookname D:\wamp\Apache24\www\BookSystem\Application\Home\Controller\BookController.class.php 第 23 行.
SQL: SELECT COUNT(*) AS tp_count FROM `book` WHERE ( bookname like'%%' ) LIMIT 1   [ RunTime:0.0004s ]
NOTIC: [8] Undefined variable: bookname D:\wamp\Apache24\www\BookSystem\Application\Home\Controller\BookController.class.php 第 27 行.
SQL: select * from Book where bookname like '%%' order by id limit 0,10 [ RunTime:0.0002s ]
INFO: [ app_end ] --START--
INFO: Run Behavior\ShowPageTraceBehavior [ RunTime:0.000603s ]
INFO: [ app_end ] --END-- [ RunTime:0.000679s ]

[ 2018-01-03T14:03:02+08:00 ] ::1 /booksystem/index.php/Home/Book/getPageList?page=1&limit=10&truename=
INFO: [ app_begin ] --START--
INFO: Run Behavior\ReadHtmlCacheBehavior [ RunTime:0.001264s ]
INFO: [ app_begin ] --END-- [ RunTime:0.001697s ]
SQL: SHOW COLUMNS FROM `book` [ RunTime:0.0009s ]
NOTIC: [8] Undefined variable: bookname D:\wamp\Apache24\www\BookSystem\Application\Home\Controller\BookController.class.php 第 23 行.
SQL: SELECT COUNT(*) AS tp_count FROM `book` WHERE ( bookname like'%%' ) LIMIT 1   [ RunTime:0.0005s ]
NOTIC: [8] Undefined variable: bookname D:\wamp\Apache24\www\BookSystem\Application\Home\Controller\BookController.class.php 第 27 行.
SQL: select * from Book where bookname like '%%' order by id limit 0,10 [ RunTime:0.0002s ]
INFO: [ app_end ] --START--
INFO: Run Behavior\ShowPageTraceBehavior [ RunTime:0.000549s ]
INFO: [ app_end ] --END-- [ RunTime:0.000625s ]

[ 2018-01-03T14:12:33+08:00 ] ::1 /booksystem/index.php/Home/Book/getPageList?page=1&limit=10&truename=
INFO: [ app_begin ] --START--
INFO: Run Behavior\ReadHtmlCacheBehavior [ RunTime:0.000954s ]
INFO: [ app_begin ] --END-- [ RunTime:0.001538s ]
SQL: SHOW COLUMNS FROM `book` [ RunTime:0.0008s ]
NOTIC: [8] Undefined variable: bookname D:\wamp\Apache24\www\BookSystem\Application\Home\Controller\BookController.class.php 第 23 行.
SQL: SELECT COUNT(*) AS tp_count FROM `book` WHERE ( bookname like'%%' ) LIMIT 1   [ RunTime:0.0008s ]
NOTIC: [8] Undefined variable: bookname D:\wamp\Apache24\www\BookSystem\Application\Home\Controller\BookController.class.php 第 27 行.
SQL: select * from Book where bookname like '%%' order by id limit 0,10 [ RunTime:0.0005s ]
INFO: [ app_end ] --START--
INFO: Run Behavior\ShowPageTraceBehavior [ RunTime:0.001799s ]
INFO: [ app_end ] --END-- [ RunTime:0.002284s ]

[ 2018-01-03T14:13:57+08:00 ] ::1 /booksystem/index.php/Home/Book/getPageList?page=1&limit=10&truename=
INFO: [ app_begin ] --START--
INFO: Run Behavior\ReadHtmlCacheBehavior [ RunTime:0.000871s ]
INFO: [ app_begin ] --END-- [ RunTime:0.001409s ]
SQL: SHOW COLUMNS FROM `book` [ RunTime:0.0005s ]
NOTIC: [8] Undefined variable: bookname D:\wamp\Apache24\www\BookSystem\Application\Home\Controller\BookController.class.php 第 23 行.
SQL: SELECT COUNT(*) AS tp_count FROM `book` WHERE ( bookname like'%%' ) LIMIT 1   [ RunTime:0.0002s ]
NOTIC: [8] Undefined variable: bookname D:\wamp\Apache24\www\BookSystem\Application\Home\Controller\BookController.class.php 第 27 行.
SQL: select * from Book where bookname like '%%' order by id limit 0,10 [ RunTime:0.0002s ]
INFO: [ app_end ] --START--
INFO: Run Behavior\ShowPageTraceBehavior [ RunTime:0.000577s ]
INFO: [ app_end ] --END-- [ RunTime:0.000694s ]

[ 2018-01-03T14:14:08+08:00 ] ::1 /booksystem/index.php/Home/Book/getPageList?page=1&limit=10&truename=
INFO: [ app_begin ] --START--
INFO: Run Behavior\ReadHtmlCacheBehavior [ RunTime:0.000501s ]
INFO: [ app_begin ] --END-- [ RunTime:0.000790s ]
SQL: SHOW COLUMNS FROM `book` [ RunTime:0.0006s ]
NOTIC: [8] Undefined variable: bookname D:\wamp\Apache24\www\BookSystem\Application\Home\Controller\BookController.class.php 第 23 行.
SQL: SELECT COUNT(*) AS tp_count FROM `book` WHERE ( bookname like'%%' ) LIMIT 1   [ RunTime:0.0002s ]
NOTIC: [8] Undefined variable: bookname D:\wamp\Apache24\www\BookSystem\Application\Home\Controller\BookController.class.php 第 27 行.
SQL: select * from Book where bookname like '%%' order by id limit 0,10 [ RunTime:0.0002s ]
INFO: [ app_end ] --START--
INFO: Run Behavior\ShowPageTraceBehavior [ RunTime:0.000533s ]
INFO: [ app_end ] --END-- [ RunTime:0.000609s ]

[ 2018-01-03T14:14:55+08:00 ] ::1 /booksystem/index.php/Home/Book/getPageList?page=1&limit=10&truename=
INFO: [ app_begin ] --START--
INFO: Run Behavior\ReadHtmlCacheBehavior [ RunTime:0.000536s ]
INFO: [ app_begin ] --END-- [ RunTime:0.001220s ]
SQL: SHOW COLUMNS FROM `book` [ RunTime:0.0005s ]
NOTIC: [8] Undefined variable: bookname D:\wamp\Apache24\www\BookSystem\Application\Home\Controller\BookController.class.php 第 23 行.
SQL: SELECT COUNT(*) AS tp_count FROM `book` WHERE ( bookname like'%%' ) LIMIT 1   [ RunTime:0.0002s ]
NOTIC: [8] Undefined variable: bookname D:\wamp\Apache24\www\BookSystem\Application\Home\Controller\BookController.class.php 第 27 行.
SQL: select * from Book where bookname like '%%' order by id limit 0,10 [ RunTime:0.0004s ]
INFO: [ app_end ] --START--
INFO: Run Behavior\ShowPageTraceBehavior [ RunTime:0.000639s ]
INFO: [ app_end ] --END-- [ RunTime:0.000798s ]

[ 2018-01-03T14:25:21+08:00 ] ::1 /booksystem/index.php/Home/Book/getPageList?page=1&limit=10&truename=
INFO: [ app_begin ] --START--
INFO: Run Behavior\ReadHtmlCacheBehavior [ RunTime:0.000576s ]
INFO: [ app_begin ] --END-- [ RunTime:0.000926s ]
SQL: SHOW COLUMNS FROM `book` [ RunTime:0.0006s ]
NOTIC: [8] Undefined variable: bookname D:\wamp\Apache24\www\BookSystem\Application\Home\Controller\BookController.class.php 第 23 行.
SQL: SELECT COUNT(*) AS tp_count FROM `book` WHERE ( bookname like'%%' ) LIMIT 1   [ RunTime:0.0005s ]
NOTIC: [8] Undefined variable: bookname D:\wamp\Apache24\www\BookSystem\Application\Home\Controller\BookController.class.php 第 27 行.
SQL: select * from Book where bookname like '%%' order by id limit 0,10 [ RunTime:0.0004s ]
INFO: [ app_end ] --START--
INFO: Run Behavior\ShowPageTraceBehavior [ RunTime:0.000664s ]
INFO: [ app_end ] --END-- [ RunTime:0.000741s ]

[ 2018-01-03T14:26:22+08:00 ] ::1 /booksystem/index.php/Home/Book/getPageList?page=1&limit=10&truename=
INFO: [ app_begin ] --START--
INFO: Run Behavior\ReadHtmlCacheBehavior [ RunTime:0.000623s ]
INFO: [ app_begin ] --END-- [ RunTime:0.000924s ]
SQL: SHOW COLUMNS FROM `book` [ RunTime:0.0005s ]
NOTIC: [8] Undefined variable: bookname D:\wamp\Apache24\www\BookSystem\Application\Home\Controller\BookController.class.php 第 23 行.
SQL: SELECT COUNT(*) AS tp_count FROM `book` WHERE ( bookname like'%%' ) LIMIT 1   [ RunTime:0.0002s ]
NOTIC: [8] Undefined variable: bookname D:\wamp\Apache24\www\BookSystem\Application\Home\Controller\BookController.class.php 第 27 行.
SQL: select * from Book where bookname like '%%' order by id limit 0,10 [ RunTime:0.0001s ]
INFO: [ app_end ] --START--
INFO: Run Behavior\ShowPageTraceBehavior [ RunTime:0.000566s ]
INFO: [ app_end ] --END-- [ RunTime:0.000642s ]

[ 2018-01-03T14:26:53+08:00 ] ::1 /booksystem/index.php/Home/Book/getPageList?page=1&limit=10&truename=
INFO: [ app_begin ] --START--
INFO: Run Behavior\ReadHtmlCacheBehavior [ RunTime:0.000639s ]
INFO: [ app_begin ] --END-- [ RunTime:0.001294s ]
SQL: SHOW COLUMNS FROM `book` [ RunTime:0.0017s ]
NOTIC: [8] Undefined variable: bookname D:\wamp\Apache24\www\BookSystem\Application\Home\Controller\BookController.class.php 第 23 行.
SQL: SELECT COUNT(*) AS tp_count FROM `book` WHERE ( bookname like'%%' ) LIMIT 1   [ RunTime:0.0006s ]
NOTIC: [8] Undefined variable: bookname D:\wamp\Apache24\www\BookSystem\Application\Home\Controller\BookController.class.php 第 27 行.
SQL: select * from Book where bookname like '%%' order by id limit 0,10 [ RunTime:0.0002s ]
INFO: [ app_end ] --START--
INFO: Run Behavior\ShowPageTraceBehavior [ RunTime:0.000452s ]
INFO: [ app_end ] --END-- [ RunTime:0.000527s ]

[ 2018-01-03T14:27:13+08:00 ] ::1 /booksystem/index.php/Home/Book/getPageList?page=1&limit=10&truename=
INFO: [ app_begin ] --START--
INFO: Run Behavior\ReadHtmlCacheBehavior [ RunTime:0.000758s ]
INFO: [ app_begin ] --END-- [ RunTime:0.001401s ]
SQL: SHOW COLUMNS FROM `book` [ RunTime:0.0005s ]
NOTIC: [8] Undefined variable: bookname D:\wamp\Apache24\www\BookSystem\Application\Home\Controller\BookController.class.php 第 23 行.
SQL: SELECT COUNT(*) AS tp_count FROM `book` WHERE ( bookname like'%%' ) LIMIT 1   [ RunTime:0.0002s ]
NOTIC: [8] Undefined variable: bookname D:\wamp\Apache24\www\BookSystem\Application\Home\Controller\BookController.class.php 第 27 行.
SQL: select * from Book where bookname like '%%' order by id limit 0,10 [ RunTime:0.0002s ]
INFO: [ app_end ] --START--
INFO: Run Behavior\ShowPageTraceBehavior [ RunTime:0.000538s ]
INFO: [ app_end ] --END-- [ RunTime:0.000614s ]

[ 2018-01-03T14:27:52+08:00 ] ::1 /booksystem/index.php/Home/Book/getPageList?page=1&limit=10&truename=
INFO: [ app_begin ] --START--
INFO: Run Behavior\ReadHtmlCacheBehavior [ RunTime:0.000969s ]
INFO: [ app_begin ] --END-- [ RunTime:0.001862s ]
SQL: SHOW COLUMNS FROM `book` [ RunTime:0.0009s ]
NOTIC: [8] Undefined variable: bookname D:\wamp\Apache24\www\BookSystem\Application\Home\Controller\BookController.class.php 第 23 行.
SQL: SELECT COUNT(*) AS tp_count FROM `book` WHERE ( bookname like'%%' ) LIMIT 1   [ RunTime:0.0006s ]
NOTIC: [8] Undefined variable: bookname D:\wamp\Apache24\www\BookSystem\Application\Home\Controller\BookController.class.php 第 27 行.
SQL: select * from Book where bookname like '%%' order by id limit 0,10 [ RunTime:0.0004s ]
INFO: [ app_end ] --START--
INFO: Run Behavior\ShowPageTraceBehavior [ RunTime:0.000869s ]
INFO: [ app_end ] --END-- [ RunTime:0.001016s ]

[ 2018-01-03T14:28:14+08:00 ] ::1 /booksystem/index.php/Home/Book/getPageList?page=1&limit=10&truename=
INFO: [ app_begin ] --START--
INFO: Run Behavior\ReadHtmlCacheBehavior [ RunTime:0.000510s ]
INFO: [ app_begin ] --END-- [ RunTime:0.000857s ]
SQL: SHOW COLUMNS FROM `book` [ RunTime:0.0007s ]
NOTIC: [8] Undefined variable: bookname D:\wamp\Apache24\www\BookSystem\Application\Home\Controller\BookController.class.php 第 23 行.
SQL: SELECT COUNT(*) AS tp_count FROM `book` WHERE ( bookname like'%%' ) LIMIT 1   [ RunTime:0.0003s ]
NOTIC: [8] Undefined variable: bookname D:\wamp\Apache24\www\BookSystem\Application\Home\Controller\BookController.class.php 第 27 行.
SQL: select * from Book where bookname like '%%' order by id limit 0,10 [ RunTime:0.0004s ]
INFO: [ app_end ] --START--
INFO: Run Behavior\ShowPageTraceBehavior [ RunTime:0.001150s ]
INFO: [ app_end ] --END-- [ RunTime:0.001262s ]

[ 2018-01-03T14:31:38+08:00 ] ::1 /booksystem/index.php/Home/Book/getPageList?page=1&limit=10&truename=
INFO: [ app_begin ] --START--
INFO: Run Behavior\ReadHtmlCacheBehavior [ RunTime:0.000549s ]
INFO: [ app_begin ] --END-- [ RunTime:0.001212s ]
SQL: SHOW COLUMNS FROM `book` [ RunTime:0.0010s ]
NOTIC: [8] Undefined variable: bookname D:\wamp\Apache24\www\BookSystem\Application\Home\Controller\BookController.class.php 第 23 行.
SQL: SELECT COUNT(*) AS tp_count FROM `book` WHERE ( bookname like'%%' ) LIMIT 1   [ RunTime:0.0002s ]
NOTIC: [8] Undefined variable: bookname D:\wamp\Apache24\www\BookSystem\Application\Home\Controller\BookController.class.php 第 27 行.
SQL: select * from Book where bookname like '%%' order by id limit 0,10 [ RunTime:0.0002s ]
INFO: [ app_end ] --START--
INFO: Run Behavior\ShowPageTraceBehavior [ RunTime:0.000409s ]
INFO: [ app_end ] --END-- [ RunTime:0.000487s ]

[ 2018-01-03T14:32:15+08:00 ] ::1 /booksystem/index.php/Home/Book/getPageList?page=1&limit=10&truename=
INFO: [ app_begin ] --START--
INFO: Run Behavior\ReadHtmlCacheBehavior [ RunTime:0.000846s ]
INFO: [ app_begin ] --END-- [ RunTime:0.001470s ]
SQL: SHOW COLUMNS FROM `book` [ RunTime:0.0004s ]
NOTIC: [8] Undefined variable: bookname D:\wamp\Apache24\www\BookSystem\Application\Home\Controller\BookController.class.php 第 23 行.
SQL: SELECT COUNT(*) AS tp_count FROM `book` WHERE ( bookname like'%%' ) LIMIT 1   [ RunTime:0.0019s ]
NOTIC: [8] Undefined variable: bookname D:\wamp\Apache24\www\BookSystem\Application\Home\Controller\BookController.class.php 第 27 行.
SQL: select * from Book where bookname like '%%' order by id limit 0,10 [ RunTime:0.0006s ]
INFO: [ app_end ] --START--
INFO: Run Behavior\ShowPageTraceBehavior [ RunTime:0.000870s ]
INFO: [ app_end ] --END-- [ RunTime:0.001045s ]

[ 2018-01-03T14:34:33+08:00 ] ::1 /booksystem/index.php/Home/Book/getPageList?page=1&limit=10&truename=
INFO: [ app_begin ] --START--
INFO: Run Behavior\ReadHtmlCacheBehavior [ RunTime:0.000430s ]
INFO: [ app_begin ] --END-- [ RunTime:0.000923s ]
SQL: SHOW COLUMNS FROM `book` [ RunTime:0.0016s ]
NOTIC: [8] Undefined variable: bookname D:\wamp\Apache24\www\BookSystem\Application\Home\Controller\BookController.class.php 第 23 行.
SQL: SELECT COUNT(*) AS tp_count FROM `book` WHERE ( bookname like'%%' ) LIMIT 1   [ RunTime:0.0003s ]
NOTIC: [8] Undefined variable: bookname D:\wamp\Apache24\www\BookSystem\Application\Home\Controller\BookController.class.php 第 27 行.
SQL: select * from Book where bookname like '%%' order by id limit 0,10 [ RunTime:0.0002s ]
INFO: [ app_end ] --START--
INFO: Run Behavior\ShowPageTraceBehavior [ RunTime:0.000516s ]
INFO: [ app_end ] --END-- [ RunTime:0.000596s ]

[ 2018-01-03T14:38:57+08:00 ] ::1 /booksystem/index.php/Home/Book/getPageList?page=1&limit=10&truename=
INFO: [ app_begin ] --START--
INFO: Run Behavior\ReadHtmlCacheBehavior [ RunTime:0.000788s ]
INFO: [ app_begin ] --END-- [ RunTime:0.001146s ]
SQL: SHOW COLUMNS FROM `book` [ RunTime:0.0012s ]
NOTIC: [8] Undefined variable: bookname D:\wamp\Apache24\www\BookSystem\Application\Home\Controller\BookController.class.php 第 23 行.
SQL: SELECT COUNT(*) AS tp_count FROM `book` WHERE ( bookname like'%%' ) LIMIT 1   [ RunTime:0.0002s ]
NOTIC: [8] Undefined variable: bookname D:\wamp\Apache24\www\BookSystem\Application\Home\Controller\BookController.class.php 第 27 行.
SQL: select * from Book where bookname like '%%' order by id limit 0,10 [ RunTime:0.0002s ]
INFO: [ app_end ] --START--
INFO: Run Behavior\ShowPageTraceBehavior [ RunTime:0.000522s ]
INFO: [ app_end ] --END-- [ RunTime:0.000597s ]

[ 2018-01-03T14:40:12+08:00 ] ::1 /booksystem/index.php/Home/File/uploadOne
INFO: [ app_begin ] --START--
INFO: Run Behavior\ReadHtmlCacheBehavior [ RunTime:0.000341s ]
INFO: [ app_begin ] --END-- [ RunTime:0.000618s ]
NOTIC: [2] call_user_func() expects parameter 1 to be a valid callback, no array or string given D:\wamp\Apache24\www\BookSystem\ThinkPHP\Library\Think\Upload.class.php 第 170 行.
INFO: [ app_end ] --START--
INFO: Run Behavior\ShowPageTraceBehavior [ RunTime:0.000900s ]
INFO: [ app_end ] --END-- [ RunTime:0.000993s ]

[ 2018-01-03T14:40:19+08:00 ] ::1 /booksystem/index.php/Home/User/edit
INFO: [ app_begin ] --START--
INFO: Run Behavior\ReadHtmlCacheBehavior [ RunTime:0.000870s ]
INFO: [ app_begin ] --END-- [ RunTime:0.001268s ]
SQL: SHOW COLUMNS FROM `user` [ RunTime:0.0017s ]
SQL: UPDATE `user` SET `id`='5' WHERE ( id = "5" ) [ RunTime:0.0005s ]
SQL: SHOW COLUMNS FROM `userandrole` [ RunTime:0.0015s ]
SQL: DELETE FROM `userandrole` WHERE ( userId = 5 ) [ RunTime:0.0216s ]
INFO: [ app_end ] --START--
INFO: Run Behavior\ShowPageTraceBehavior [ RunTime:0.001010s ]
INFO: [ app_end ] --END-- [ RunTime:0.001089s ]

[ 2018-01-03T14:41:18+08:00 ] ::1 /booksystem/index.php/Home/Book/getPageList?page=1&limit=10&truename=
INFO: [ app_begin ] --START--
INFO: Run Behavior\ReadHtmlCacheBehavior [ RunTime:0.000875s ]
INFO: [ app_begin ] --END-- [ RunTime:0.001265s ]
SQL: SHOW COLUMNS FROM `book` [ RunTime:0.0014s ]
NOTIC: [8] Undefined variable: bookname D:\wamp\Apache24\www\BookSystem\Application\Home\Controller\BookController.class.php 第 23 行.
SQL: SELECT COUNT(*) AS tp_count FROM `book` WHERE ( bookname like'%%' ) LIMIT 1   [ RunTime:0.0002s ]
NOTIC: [8] Undefined variable: bookname D:\wamp\Apache24\www\BookSystem\Application\Home\Controller\BookController.class.php 第 27 行.
SQL: select * from Book where bookname like '%%' order by id limit 0,10 [ RunTime:0.0002s ]
INFO: [ app_end ] --START--
INFO: Run Behavior\ShowPageTraceBehavior [ RunTime:0.001023s ]
INFO: [ app_end ] --END-- [ RunTime:0.001099s ]

[ 2018-01-03T14:41:24+08:00 ] ::1 /booksystem/index.php/Home/File/uploadOne
INFO: [ app_begin ] --START--
INFO: Run Behavior\ReadHtmlCacheBehavior [ RunTime:0.001205s ]
INFO: [ app_begin ] --END-- [ RunTime:0.001694s ]
NOTIC: [2] call_user_func() expects parameter 1 to be a valid callback, no array or string given D:\wamp\Apache24\www\BookSystem\ThinkPHP\Library\Think\Upload.class.php 第 170 行.
INFO: [ app_end ] --START--
INFO: Run Behavior\ShowPageTraceBehavior [ RunTime:0.000943s ]
INFO: [ app_end ] --END-- [ RunTime:0.001040s ]

[ 2018-01-03T14:41:27+08:00 ] ::1 /booksystem/index.php/Home/Book/edit
INFO: [ app_begin ] --START--
INFO: Run Behavior\ReadHtmlCacheBehavior [ RunTime:0.000825s ]
INFO: [ app_begin ] --END-- [ RunTime:0.001223s ]
SQL: SHOW COLUMNS FROM `book` [ RunTime:0.0009s ]
SQL: UPDATE `book` SET `id`='5',`cover`='2018-01-03/5a4c7b149f184.jpg',`barcode`='红楼梦',`bookName`='红楼梦',`author`='曹雪芹',`num`='20',`price`='100.2',`bookType`='2' WHERE ( id = "5" ) [ RunTime:0.0252s ]
INFO: [ app_end ] --START--
INFO: Run Behavior\ShowPageTraceBehavior [ RunTime:0.001098s ]
INFO: [ app_end ] --END-- [ RunTime:0.001180s ]

[ 2018-01-03T14:41:42+08:00 ] ::1 /booksystem/index.php/Home/File/uploadOne
INFO: [ app_begin ] --START--
INFO: Run Behavior\ReadHtmlCacheBehavior [ RunTime:0.000839s ]
INFO: [ app_begin ] --END-- [ RunTime:0.001234s ]
NOTIC: [2] call_user_func() expects parameter 1 to be a valid callback, no array or string given D:\wamp\Apache24\www\BookSystem\ThinkPHP\Library\Think\Upload.class.php 第 170 行.
INFO: [ app_end ] --START--
INFO: Run Behavior\ShowPageTraceBehavior [ RunTime:0.000902s ]
INFO: [ app_end ] --END-- [ RunTime:0.000995s ]

[ 2018-01-03T14:41:43+08:00 ] ::1 /booksystem/index.php/Home/Book/edit
INFO: [ app_begin ] --START--
INFO: Run Behavior\ReadHtmlCacheBehavior [ RunTime:0.000866s ]
INFO: [ app_begin ] --END-- [ RunTime:0.001300s ]
SQL: SHOW COLUMNS FROM `book` [ RunTime:0.0005s ]
SQL: UPDATE `book` SET `id`='5',`cover`='2018-01-03/5a4c7b260df71.jpg',`barcode`='红楼梦',`bookName`='红楼梦',`author`='曹雪芹',`num`='10',`price`='50.36',`bookType`='2' WHERE ( id = "5" ) [ RunTime:0.0291s ]
INFO: [ app_end ] --START--
INFO: Run Behavior\ShowPageTraceBehavior [ RunTime:0.001078s ]
INFO: [ app_end ] --END-- [ RunTime:0.001177s ]

[ 2018-01-03T14:50:27+08:00 ] ::1 /booksystem/index.php/Home/File/uploadOne
INFO: [ app_begin ] --START--
INFO: Run Behavior\ReadHtmlCacheBehavior [ RunTime:0.000502s ]
INFO: [ app_begin ] --END-- [ RunTime:0.000961s ]
NOTIC: [2] call_user_func() expects parameter 1 to be a valid callback, no array or string given D:\wamp\Apache24\www\BookSystem\ThinkPHP\Library\Think\Upload.class.php 第 170 行.
INFO: [ app_end ] --START--
INFO: Run Behavior\ShowPageTraceBehavior [ RunTime:0.000481s ]
INFO: [ app_end ] --END-- [ RunTime:0.000566s ]

[ 2018-01-03T14:50:31+08:00 ] ::1 /booksystem/index.php/Home/Book/edit
INFO: [ app_begin ] --START--
INFO: Run Behavior\ReadHtmlCacheBehavior [ RunTime:0.000580s ]
INFO: [ app_begin ] --END-- [ RunTime:0.000929s ]
SQL: SHOW COLUMNS FROM `book` [ RunTime:0.0006s ]
SQL: UPDATE `book` SET `id`='5',`cover`='2018-01-03/5a4c7d33c3a9c.jpg',`barcode`='红楼梦',`bookName`='红楼梦',`author`='曹雪芹',`num`='10',`price`='50.36',`bookType`='1' WHERE ( id = "5" ) [ RunTime:0.0218s ]
INFO: [ app_end ] --START--
INFO: Run Behavior\ShowPageTraceBehavior [ RunTime:0.000579s ]
INFO: [ app_end ] --END-- [ RunTime:0.000659s ]

[ 2018-01-03T14:52:37+08:00 ] ::1 /booksystem/index.php/Home/Book/getPageList?page=1&limit=10&truename=
INFO: [ app_begin ] --START--
INFO: Run Behavior\ReadHtmlCacheBehavior [ RunTime:0.000494s ]
INFO: [ app_begin ] --END-- [ RunTime:0.000787s ]
SQL: SHOW COLUMNS FROM `book` [ RunTime:0.0005s ]
NOTIC: [8] Undefined variable: bookname D:\wamp\Apache24\www\BookSystem\Application\Home\Controller\BookController.class.php 第 23 行.
SQL: SELECT COUNT(*) AS tp_count FROM `book` WHERE ( bookname like'%%' ) LIMIT 1   [ RunTime:0.0002s ]
NOTIC: [8] Undefined variable: bookname D:\wamp\Apache24\www\BookSystem\Application\Home\Controller\BookController.class.php 第 27 行.
SQL: select * from Book where bookname like '%%' order by id limit 0,10 [ RunTime:0.0002s ]
INFO: [ app_end ] --START--
INFO: Run Behavior\ShowPageTraceBehavior [ RunTime:0.000554s ]
INFO: [ app_end ] --END-- [ RunTime:0.000629s ]

[ 2018-01-03T14:52:44+08:00 ] ::1 /booksystem/index.php/Home/File/uploadOne
INFO: [ app_begin ] --START--
INFO: Run Behavior\ReadHtmlCacheBehavior [ RunTime:0.000563s ]
INFO: [ app_begin ] --END-- [ RunTime:0.001038s ]
NOTIC: [2] call_user_func() expects parameter 1 to be a valid callback, no array or string given D:\wamp\Apache24\www\BookSystem\ThinkPHP\Library\Think\Upload.class.php 第 170 行.
INFO: [ app_end ] --START--
INFO: Run Behavior\ShowPageTraceBehavior [ RunTime:0.001783s ]
INFO: [ app_end ] --END-- [ RunTime:0.002184s ]

[ 2018-01-03T14:53:40+08:00 ] ::1 /booksystem/index.php/Home/Book/getPageList?page=1&limit=10&truename=
INFO: [ app_begin ] --START--
INFO: Run Behavior\ReadHtmlCacheBehavior [ RunTime:0.000636s ]
INFO: [ app_begin ] --END-- [ RunTime:0.001205s ]
SQL: SHOW COLUMNS FROM `book` [ RunTime:0.0007s ]
NOTIC: [8] Undefined variable: bookname D:\wamp\Apache24\www\BookSystem\Application\Home\Controller\BookController.class.php 第 23 行.
SQL: SELECT COUNT(*) AS tp_count FROM `book` WHERE ( bookname like'%%' ) LIMIT 1   [ RunTime:0.0003s ]
NOTIC: [8] Undefined variable: bookname D:\wamp\Apache24\www\BookSystem\Application\Home\Controller\BookController.class.php 第 27 行.
SQL: select * from Book where bookname like '%%' order by id limit 0,10 [ RunTime:0.0002s ]
INFO: [ app_end ] --START--
INFO: Run Behavior\ShowPageTraceBehavior [ RunTime:0.000558s ]
INFO: [ app_end ] --END-- [ RunTime:0.000636s ]

[ 2018-01-03T14:53:50+08:00 ] ::1 /booksystem/index.php/Home/File/uploadOne
INFO: [ app_begin ] --START--
INFO: Run Behavior\ReadHtmlCacheBehavior [ RunTime:0.000547s ]
INFO: [ app_begin ] --END-- [ RunTime:0.000941s ]
NOTIC: [2] call_user_func() expects parameter 1 to be a valid callback, no array or string given D:\wamp\Apache24\www\BookSystem\ThinkPHP\Library\Think\Upload.class.php 第 170 行.
INFO: [ app_end ] --START--
INFO: Run Behavior\ShowPageTraceBehavior [ RunTime:0.000626s ]
INFO: [ app_end ] --END-- [ RunTime:0.000739s ]

[ 2018-01-03T14:54:22+08:00 ] ::1 /booksystem/index.php/Home/File/uploadOne
INFO: [ app_begin ] --START--
INFO: Run Behavior\ReadHtmlCacheBehavior [ RunTime:0.000531s ]
INFO: [ app_begin ] --END-- [ RunTime:0.000910s ]
NOTIC: [2] call_user_func() expects parameter 1 to be a valid callback, no array or string given D:\wamp\Apache24\www\BookSystem\ThinkPHP\Library\Think\Upload.class.php 第 170 行.
INFO: [ app_end ] --START--
INFO: Run Behavior\ShowPageTraceBehavior [ RunTime:0.000543s ]
INFO: [ app_end ] --END-- [ RunTime:0.000641s ]

[ 2018-01-03T14:54:38+08:00 ] ::1 /booksystem/index.php/Home/Book/edit
INFO: [ app_begin ] --START--
INFO: Run Behavior\ReadHtmlCacheBehavior [ RunTime:0.000488s ]
INFO: [ app_begin ] --END-- [ RunTime:0.000793s ]
SQL: SHOW COLUMNS FROM `book` [ RunTime:0.0005s ]
SQL: UPDATE `book` SET `id`='2',`cover`='2018-01-03/5a4c7e1e90d3a.jpg',`barcode`='1',`bookName`='金瓶梅',`author`='奥巴马',`num`='10',`price`='56.3',`bookType`='1' WHERE ( id = "2" ) [ RunTime:0.0243s ]
INFO: [ app_end ] --START--
INFO: Run Behavior\ShowPageTraceBehavior [ RunTime:0.000564s ]
INFO: [ app_end ] --END-- [ RunTime:0.000642s ]

[ 2018-01-03T14:54:57+08:00 ] ::1 /booksystem/index.php/Home/File/uploadOne
INFO: [ app_begin ] --START--
INFO: Run Behavior\ReadHtmlCacheBehavior [ RunTime:0.000453s ]
INFO: [ app_begin ] --END-- [ RunTime:0.000768s ]
NOTIC: [2] call_user_func() expects parameter 1 to be a valid callback, no array or string given D:\wamp\Apache24\www\BookSystem\ThinkPHP\Library\Think\Upload.class.php 第 170 行.
INFO: [ app_end ] --START--
INFO: Run Behavior\ShowPageTraceBehavior [ RunTime:0.000486s ]
INFO: [ app_end ] --END-- [ RunTime:0.000573s ]

[ 2018-01-03T14:54:58+08:00 ] ::1 /booksystem/index.php/Home/Book/edit
INFO: [ app_begin ] --START--
INFO: Run Behavior\ReadHtmlCacheBehavior [ RunTime:0.000454s ]
INFO: [ app_begin ] --END-- [ RunTime:0.000751s ]
SQL: SHOW COLUMNS FROM `book` [ RunTime:0.0005s ]
SQL: UPDATE `book` SET `id`='1',`cover`='2018-01-03/5a4c7e4104a12.jpg',`barcode`='000',`bookName`='达达自传',`author`='达达',`num`='10',`price`='51.5',`bookType`='1' WHERE ( id = "1" ) [ RunTime:0.0368s ]
INFO: [ app_end ] --START--
INFO: Run Behavior\ShowPageTraceBehavior [ RunTime:0.000593s ]
INFO: [ app_end ] --END-- [ RunTime:0.000704s ]

[ 2018-01-03T14:55:12+08:00 ] ::1 /booksystem/index.php/Home/File/uploadOne
INFO: [ app_begin ] --START--
INFO: Run Behavior\ReadHtmlCacheBehavior [ RunTime:0.000522s ]
INFO: [ app_begin ] --END-- [ RunTime:0.000906s ]
NOTIC: [2] call_user_func() expects parameter 1 to be a valid callback, no array or string given D:\wamp\Apache24\www\BookSystem\ThinkPHP\Library\Think\Upload.class.php 第 170 行.
INFO: [ app_end ] --START--
INFO: Run Behavior\ShowPageTraceBehavior [ RunTime:0.000886s ]
INFO: [ app_end ] --END-- [ RunTime:0.001041s ]

[ 2018-01-03T14:55:13+08:00 ] ::1 /booksystem/index.php/Home/Book/edit
INFO: [ app_begin ] --START--
INFO: Run Behavior\ReadHtmlCacheBehavior [ RunTime:0.000448s ]
INFO: [ app_begin ] --END-- [ RunTime:0.000740s ]
SQL: SHOW COLUMNS FROM `book` [ RunTime:0.0005s ]
SQL: UPDATE `book` SET `id`='4',`cover`='2018-01-03/5a4c7e5029196.jpg',`barcode`='45',`bookName`='剪灯新话',`author`='达达',`num`='102',`price`='11.65',`bookType`='1' WHERE ( id = "4" ) [ RunTime:0.0286s ]
INFO: [ app_end ] --START--
INFO: Run Behavior\ShowPageTraceBehavior [ RunTime:0.000562s ]
INFO: [ app_end ] --END-- [ RunTime:0.000641s ]

[ 2018-01-03T14:58:20+08:00 ] ::1 /booksystem/index.php/Home/Book/getPageList?page=1&limit=10&truename=
INFO: [ app_begin ] --START--
INFO: Run Behavior\ReadHtmlCacheBehavior [ RunTime:0.000729s ]
INFO: [ app_begin ] --END-- [ RunTime:0.001111s ]
SQL: SHOW COLUMNS FROM `book` [ RunTime:0.0012s ]
NOTIC: [8] Undefined variable: bookname D:\wamp\Apache24\www\BookSystem\Application\Home\Controller\BookController.class.php 第 23 行.
SQL: SELECT COUNT(*) AS tp_count FROM `book` WHERE ( bookname like'%%' ) LIMIT 1   [ RunTime:0.0005s ]
NOTIC: [8] Undefined variable: bookname D:\wamp\Apache24\www\BookSystem\Application\Home\Controller\BookController.class.php 第 27 行.
SQL: select * from Book where bookname like '%%' order by id limit 0,10 [ RunTime:0.0005s ]
INFO: [ app_end ] --START--
INFO: Run Behavior\ShowPageTraceBehavior [ RunTime:0.001098s ]
INFO: [ app_end ] --END-- [ RunTime:0.001301s ]

[ 2018-01-03T14:58:33+08:00 ] ::1 /booksystem/index.php/Home/File/uploadOne
INFO: [ app_begin ] --START--
INFO: Run Behavior\ReadHtmlCacheBehavior [ RunTime:0.000566s ]
INFO: [ app_begin ] --END-- [ RunTime:0.000916s ]
NOTIC: [2] call_user_func() expects parameter 1 to be a valid callback, no array or string given D:\wamp\Apache24\www\BookSystem\ThinkPHP\Library\Think\Upload.class.php 第 170 行.
INFO: [ app_end ] --START--
INFO: Run Behavior\ShowPageTraceBehavior [ RunTime:0.000596s ]
INFO: [ app_end ] --END-- [ RunTime:0.000701s ]

[ 2018-01-03T14:58:38+08:00 ] ::1 /booksystem/index.php/Home/Book/add
INFO: [ app_begin ] --START--
INFO: Run Behavior\ReadHtmlCacheBehavior [ RunTime:0.000652s ]
INFO: [ app_begin ] --END-- [ RunTime:0.000946s ]
SQL: SHOW COLUMNS FROM `book` [ RunTime:0.0005s ]
SQL: SELECT * FROM `book` WHERE ( barcode = "1" )  [ RunTime:0.0003s ]
INFO: [ app_end ] --START--
INFO: Run Behavior\ShowPageTraceBehavior [ RunTime:0.000981s ]
INFO: [ app_end ] --END-- [ RunTime:0.001073s ]

[ 2018-01-03T14:58:44+08:00 ] ::1 /booksystem/index.php/Home/Book/add
INFO: [ app_begin ] --START--
INFO: Run Behavior\ReadHtmlCacheBehavior [ RunTime:0.000637s ]
INFO: [ app_begin ] --END-- [ RunTime:0.000989s ]
SQL: SHOW COLUMNS FROM `book` [ RunTime:0.0005s ]
SQL: SELECT * FROM `book` WHERE ( barcode = "5" )  [ RunTime:0.0002s ]
SQL: INSERT INTO `book` (`cover`,`barcode`,`bookName`,`author`,`num`,`price`,`bookType`) VALUES ('2018-01-03/5a4c7f1965fa8.jpg','5','1','1','1','1','2') [ RunTime:0.0271s ]
INFO: [ app_end ] --START--
INFO: Run Behavior\ShowPageTraceBehavior [ RunTime:0.000650s ]
INFO: [ app_end ] --END-- [ RunTime:0.000730s ]

[ 2018-01-03T14:58:46+08:00 ] ::1 /booksystem/index.php/Home/Book/getPageList?page=1&limit=10&truename=
INFO: [ app_begin ] --START--
INFO: Run Behavior\ReadHtmlCacheBehavior [ RunTime:0.000752s ]
INFO: [ app_begin ] --END-- [ RunTime:0.001383s ]
SQL: SHOW COLUMNS FROM `book` [ RunTime:0.0007s ]
NOTIC: [8] Undefined variable: bookname D:\wamp\Apache24\www\BookSystem\Application\Home\Controller\BookController.class.php 第 23 行.
SQL: SELECT COUNT(*) AS tp_count FROM `book` WHERE ( bookname like'%%' ) LIMIT 1   [ RunTime:0.0002s ]
NOTIC: [8] Undefined variable: bookname D:\wamp\Apache24\www\BookSystem\Application\Home\Controller\BookController.class.php 第 27 行.
SQL: select * from Book where bookname like '%%' order by id limit 0,10 [ RunTime:0.0002s ]
INFO: [ app_end ] --START--
INFO: Run Behavior\ShowPageTraceBehavior [ RunTime:0.000535s ]
INFO: [ app_end ] --END-- [ RunTime:0.000612s ]

[ 2018-01-03T14:59:07+08:00 ] ::1 /booksystem/index.php/Home/File/uploadOne
INFO: [ app_begin ] --START--
INFO: Run Behavior\ReadHtmlCacheBehavior [ RunTime:0.000599s ]
INFO: [ app_begin ] --END-- [ RunTime:0.000968s ]
NOTIC: [2] call_user_func() expects parameter 1 to be a valid callback, no array or string given D:\wamp\Apache24\www\BookSystem\ThinkPHP\Library\Think\Upload.class.php 第 170 行.
INFO: [ app_end ] --START--
INFO: Run Behavior\ShowPageTraceBehavior [ RunTime:0.000771s ]
INFO: [ app_end ] --END-- [ RunTime:0.000921s ]

[ 2018-01-03T14:59:08+08:00 ] ::1 /booksystem/index.php/Home/Book/add
INFO: [ app_begin ] --START--
INFO: Run Behavior\ReadHtmlCacheBehavior [ RunTime:0.000450s ]
INFO: [ app_begin ] --END-- [ RunTime:0.000725s ]
SQL: SHOW COLUMNS FROM `book` [ RunTime:0.0005s ]
SQL: SELECT * FROM `book` WHERE ( barcode = "7" )  [ RunTime:0.0002s ]
SQL: INSERT INTO `book` (`cover`,`barcode`,`bookName`,`author`,`num`,`price`,`bookType`) VALUES ('2018-01-03/5a4c7f3b0b859.jpg','7','7','7','7','7','2') [ RunTime:0.0492s ]
INFO: [ app_end ] --START--
INFO: Run Behavior\ShowPageTraceBehavior [ RunTime:0.000584s ]
INFO: [ app_end ] --END-- [ RunTime:0.000680s ]

[ 2018-01-03T14:59:10+08:00 ] ::1 /booksystem/index.php/Home/Book/getPageList?page=1&limit=10&truename=
INFO: [ app_begin ] --START--
INFO: Run Behavior\ReadHtmlCacheBehavior [ RunTime:0.000589s ]
INFO: [ app_begin ] --END-- [ RunTime:0.000915s ]
SQL: SHOW COLUMNS FROM `book` [ RunTime:0.0005s ]
NOTIC: [8] Undefined variable: bookname D:\wamp\Apache24\www\BookSystem\Application\Home\Controller\BookController.class.php 第 23 行.
SQL: SELECT COUNT(*) AS tp_count FROM `book` WHERE ( bookname like'%%' ) LIMIT 1   [ RunTime:0.0002s ]
NOTIC: [8] Undefined variable: bookname D:\wamp\Apache24\www\BookSystem\Application\Home\Controller\BookController.class.php 第 27 行.
SQL: select * from Book where bookname like '%%' order by id limit 0,10 [ RunTime:0.0003s ]
INFO: [ app_end ] --START--
INFO: Run Behavior\ShowPageTraceBehavior [ RunTime:0.000579s ]
INFO: [ app_end ] --END-- [ RunTime:0.000671s ]

[ 2018-01-03T14:59:13+08:00 ] ::1 /booksystem/index.php/Home/Book/del
INFO: [ app_begin ] --START--
INFO: Run Behavior\ReadHtmlCacheBehavior [ RunTime:0.000482s ]
INFO: [ app_begin ] --END-- [ RunTime:0.000896s ]
SQL: SHOW COLUMNS FROM `book` [ RunTime:0.0006s ]
SQL: DELETE FROM `book` WHERE `id` IN ('6','7') [ RunTime:0.0295s ]
DEBUG: $res:2
INFO: [ app_end ] --START--
INFO: Run Behavior\ShowPageTraceBehavior [ RunTime:0.000543s ]
INFO: [ app_end ] --END-- [ RunTime:0.000623s ]

[ 2018-01-03T14:59:14+08:00 ] ::1 /booksystem/index.php/Home/Book/getPageList?page=1&limit=10&truename=
INFO: [ app_begin ] --START--
INFO: Run Behavior\ReadHtmlCacheBehavior [ RunTime:0.000601s ]
INFO: [ app_begin ] --END-- [ RunTime:0.000958s ]
SQL: SHOW COLUMNS FROM `book` [ RunTime:0.0013s ]
NOTIC: [8] Undefined variable: bookname D:\wamp\Apache24\www\BookSystem\Application\Home\Controller\BookController.class.php 第 23 行.
SQL: SELECT COUNT(*) AS tp_count FROM `book` WHERE ( bookname like'%%' ) LIMIT 1   [ RunTime:0.0002s ]
NOTIC: [8] Undefined variable: bookname D:\wamp\Apache24\www\BookSystem\Application\Home\Controller\BookController.class.php 第 27 行.
SQL: select * from Book where bookname like '%%' order by id limit 0,10 [ RunTime:0.0002s ]
INFO: [ app_end ] --START--
INFO: Run Behavior\ShowPageTraceBehavior [ RunTime:0.000753s ]
INFO: [ app_end ] --END-- [ RunTime:0.000834s ]

[ 2018-01-03T15:00:08+08:00 ] ::1 /booksystem/index.php/Home/Book/getPageList?page=1&limit=10
INFO: [ app_begin ] --START--
INFO: Run Behavior\ReadHtmlCacheBehavior [ RunTime:0.000499s ]
INFO: [ app_begin ] --END-- [ RunTime:0.000794s ]
SQL: SHOW COLUMNS FROM `book` [ RunTime:0.0008s ]
NOTIC: [8] Undefined variable: bookname D:\wamp\Apache24\www\BookSystem\Application\Home\Controller\BookController.class.php 第 23 行.
SQL: SELECT COUNT(*) AS tp_count FROM `book` WHERE ( bookname like'%%' ) LIMIT 1   [ RunTime:0.0004s ]
NOTIC: [8] Undefined variable: bookname D:\wamp\Apache24\www\BookSystem\Application\Home\Controller\BookController.class.php 第 27 行.
SQL: select * from Book where bookname like '%%' order by id limit 0,10 [ RunTime:0.0004s ]
INFO: [ app_end ] --START--
INFO: Run Behavior\ShowPageTraceBehavior [ RunTime:0.000559s ]
INFO: [ app_end ] --END-- [ RunTime:0.000639s ]

[ 2018-01-03T15:00:15+08:00 ] ::1 /booksystem/index.php/Home/Book/getPageList?page=1&limit=10&bookname=asdf
INFO: [ app_begin ] --START--
INFO: Run Behavior\ReadHtmlCacheBehavior [ RunTime:0.000503s ]
INFO: [ app_begin ] --END-- [ RunTime:0.000951s ]
SQL: SHOW COLUMNS FROM `book` [ RunTime:0.0004s ]
SQL: SELECT COUNT(*) AS tp_count FROM `book` WHERE ( bookname like'%asdf%' ) LIMIT 1   [ RunTime:0.0002s ]
SQL: select * from Book where bookname like '%asdf%' order by id limit 0,10 [ RunTime:0.0002s ]
INFO: [ app_end ] --START--
INFO: Run Behavior\ShowPageTraceBehavior [ RunTime:0.000523s ]
INFO: [ app_end ] --END-- [ RunTime:0.000605s ]

[ 2018-01-03T15:00:24+08:00 ] ::1 /booksystem/index.php/Home/Book/getPageList?page=1&limit=10&bookname=%E9%87%91%E7%93%B6%E6%A2%85
INFO: [ app_begin ] --START--
INFO: Run Behavior\ReadHtmlCacheBehavior [ RunTime:0.000699s ]
INFO: [ app_begin ] --END-- [ RunTime:0.002053s ]
SQL: SHOW COLUMNS FROM `book` [ RunTime:0.0006s ]
SQL: SELECT COUNT(*) AS tp_count FROM `book` WHERE ( bookname like'%金瓶梅%' ) LIMIT 1   [ RunTime:0.0003s ]
SQL: select * from Book where bookname like '%金瓶梅%' order by id limit 0,10 [ RunTime:0.0002s ]
INFO: [ app_end ] --START--
INFO: Run Behavior\ShowPageTraceBehavior [ RunTime:0.000538s ]
INFO: [ app_end ] --END-- [ RunTime:0.000615s ]

[ 2018-01-03T15:00:38+08:00 ] ::1 /booksystem/index.php/Home/Book/getPageList?page=1&limit=10
INFO: [ app_begin ] --START--
INFO: Run Behavior\ReadHtmlCacheBehavior [ RunTime:0.000450s ]
INFO: [ app_begin ] --END-- [ RunTime:0.000778s ]
SQL: SHOW COLUMNS FROM `book` [ RunTime:0.0006s ]
NOTIC: [8] Undefined variable: bookname D:\wamp\Apache24\www\BookSystem\Application\Home\Controller\BookController.class.php 第 23 行.
SQL: SELECT COUNT(*) AS tp_count FROM `book` WHERE ( bookname like'%%' ) LIMIT 1   [ RunTime:0.0003s ]
NOTIC: [8] Undefined variable: bookname D:\wamp\Apache24\www\BookSystem\Application\Home\Controller\BookController.class.php 第 27 行.
SQL: select * from Book where bookname like '%%' order by id limit 0,10 [ RunTime:0.0002s ]
INFO: [ app_end ] --START--
INFO: Run Behavior\ShowPageTraceBehavior [ RunTime:0.000548s ]
INFO: [ app_end ] --END-- [ RunTime:0.000625s ]

[ 2018-01-03T16:34:59+08:00 ] ::1 /booksystem/index.php/Home/Book/getPageList?page=1&limit=20
INFO: [ app_begin ] --START--
INFO: Run Behavior\ReadHtmlCacheBehavior [ RunTime:0.000472s ]
INFO: [ app_begin ] --END-- [ RunTime:0.000834s ]
SQL: SHOW COLUMNS FROM `book` [ RunTime:0.0008s ]
NOTIC: [8] Undefined variable: bookname D:\wamp\Apache24\www\BookSystem\Application\Home\Controller\BookController.class.php 第 23 行.
SQL: SELECT COUNT(*) AS tp_count FROM `book` WHERE ( bookname like'%%' ) LIMIT 1   [ RunTime:0.0003s ]
NOTIC: [8] Undefined variable: bookname D:\wamp\Apache24\www\BookSystem\Application\Home\Controller\BookController.class.php 第 27 行.
SQL: select * from Book where bookname like '%%' order by id limit 0,20 [ RunTime:0.0002s ]
INFO: [ app_end ] --START--
INFO: Run Behavior\ShowPageTraceBehavior [ RunTime:0.000551s ]
INFO: [ app_end ] --END-- [ RunTime:0.000627s ]

[ 2018-01-03T16:35:00+08:00 ] ::1 /booksystem/index.php/Home/Book/getPageList?page=1&limit=10
INFO: [ app_begin ] --START--
INFO: Run Behavior\ReadHtmlCacheBehavior [ RunTime:0.000463s ]
INFO: [ app_begin ] --END-- [ RunTime:0.000770s ]
SQL: SHOW COLUMNS FROM `book` [ RunTime:0.0010s ]
NOTIC: [8] Undefined variable: bookname D:\wamp\Apache24\www\BookSystem\Application\Home\Controller\BookController.class.php 第 23 行.
SQL: SELECT COUNT(*) AS tp_count FROM `book` WHERE ( bookname like'%%' ) LIMIT 1   [ RunTime:0.0003s ]
NOTIC: [8] Undefined variable: bookname D:\wamp\Apache24\www\BookSystem\Application\Home\Controller\BookController.class.php 第 27 行.
SQL: select * from Book where bookname like '%%' order by id limit 0,10 [ RunTime:0.0002s ]
INFO: [ app_end ] --START--
INFO: Run Behavior\ShowPageTraceBehavior [ RunTime:0.000548s ]
INFO: [ app_end ] --END-- [ RunTime:0.000624s ]

