[ 2018-01-02T14:26:12+08:00 ] ::1 /booksystem/
INFO: [ app_init ] --START--
INFO: Run Behavior\BuildLiteBehavior [ RunTime:0.000032s ]
INFO: [ app_init ] --END-- [ RunTime:0.001801s ]

[ 2018-01-02T14:26:16+08:00 ] ::1 /booksystem/index.php/Home/Index/checkLogin
INFO: [ app_init ] --START--
INFO: Run Behavior\BuildLiteBehavior [ RunTime:0.000020s ]
INFO: [ app_init ] --END-- [ RunTime:0.000484s ]
INFO: [ app_begin ] --START--
INFO: Run Behavior\ReadHtmlCacheBehavior [ RunTime:0.000451s ]
INFO: [ app_begin ] --END-- [ RunTime:0.000533s ]
SQL: SHOW COLUMNS FROM `user` [ RunTime:0.1180s ]
SQL: SELECT * FROM `user` WHERE ( username = 'admin' and password = '000' )  [ RunTime:0.0039s ]
SQL: select distinct p.* from userandrole ur 
                                        RIGHT JOIN roleandpower rp on ur.roleId = rp.roleId
                                        LEFT JOIN power p on rp.powerId = p.id
                                        where ur.userId = 1 
                                        order by parentid asc [ RunTime:0.0044s ]
INFO: [ app_end ] --START--
INFO: Run Behavior\ShowPageTraceBehavior [ RunTime:0.000472s ]
INFO: [ app_end ] --END-- [ RunTime:0.000560s ]

[ 2018-01-02T14:26:16+08:00 ] ::1 /booksystem/index.php/Home/Index/admin
INFO: [ app_init ] --START--
INFO: Run Behavior\BuildLiteBehavior [ RunTime:0.000032s ]
INFO: [ app_init ] --END-- [ RunTime:0.001319s ]

[ 2018-01-02T14:26:18+08:00 ] ::1 /booksystem/index.php/Home/Book/listPage
INFO: [ app_init ] --START--
INFO: Run Behavior\BuildLiteBehavior [ RunTime:0.000021s ]
INFO: [ app_init ] --END-- [ RunTime:0.000567s ]

[ 2018-01-02T14:26:18+08:00 ] ::1 /booksystem/index.php/Home/Book/getPageList?page=1&limit=10&truename=
INFO: [ app_init ] --START--
INFO: Run Behavior\BuildLiteBehavior [ RunTime:0.000024s ]
INFO: [ app_init ] --END-- [ RunTime:0.000469s ]
INFO: [ app_begin ] --START--
INFO: Run Behavior\ReadHtmlCacheBehavior [ RunTime:0.000544s ]
INFO: [ app_begin ] --END-- [ RunTime:0.000647s ]
SQL: SHOW COLUMNS FROM `book` [ RunTime:0.0084s ]
NOTIC: [8] Undefined variable: bookname D:\wamp\Apache24\www\BookSystem\Application\Home\Controller\BookController.class.php 第 23 行.
SQL: SELECT COUNT(*) AS tp_count FROM `book` WHERE ( bookname like'%%' ) LIMIT 1   [ RunTime:0.0017s ]
NOTIC: [8] Undefined variable: bookname D:\wamp\Apache24\www\BookSystem\Application\Home\Controller\BookController.class.php 第 27 行.
SQL: select * from Book where bookname like '%%' order by id limit 0,10 [ RunTime:0.0005s ]
INFO: [ app_end ] --START--
INFO: Run Behavior\ShowPageTraceBehavior [ RunTime:0.000541s ]
INFO: [ app_end ] --END-- [ RunTime:0.000634s ]

[ 2018-01-02T14:38:48+08:00 ] ::1 /booksystem/index.php/Home/Index/checkLogin
INFO: [ app_begin ] --START--
INFO: Run Behavior\ReadHtmlCacheBehavior [ RunTime:0.000465s ]
INFO: [ app_begin ] --END-- [ RunTime:0.000874s ]
SQL: SHOW COLUMNS FROM `user` [ RunTime:0.0012s ]
SQL: SELECT * FROM `user` WHERE ( username = 'admin' and password = '000' )  [ RunTime:0.0004s ]
SQL: select distinct p.* from userandrole ur 
                                        RIGHT JOIN roleandpower rp on ur.roleId = rp.roleId
                                        LEFT JOIN power p on rp.powerId = p.id
                                        where ur.userId = 1 
                                        order by parentid asc [ RunTime:0.0011s ]
INFO: [ app_end ] --START--
INFO: Run Behavior\ShowPageTraceBehavior [ RunTime:0.000536s ]
INFO: [ app_end ] --END-- [ RunTime:0.000618s ]

[ 2018-01-02T14:38:50+08:00 ] ::1 /booksystem/index.php/Home/Book/getPageList?page=1&limit=10&truename=
INFO: [ app_begin ] --START--
INFO: Run Behavior\ReadHtmlCacheBehavior [ RunTime:0.000433s ]
INFO: [ app_begin ] --END-- [ RunTime:0.000769s ]
SQL: SHOW COLUMNS FROM `book` [ RunTime:0.0009s ]
NOTIC: [8] Undefined variable: bookname D:\wamp\Apache24\www\BookSystem\Application\Home\Controller\BookController.class.php 第 23 行.
SQL: SELECT COUNT(*) AS tp_count FROM `book` WHERE ( bookname like'%%' ) LIMIT 1   [ RunTime:0.0002s ]
NOTIC: [8] Undefined variable: bookname D:\wamp\Apache24\www\BookSystem\Application\Home\Controller\BookController.class.php 第 27 行.
SQL: select * from Book where bookname like '%%' order by id limit 0,10 [ RunTime:0.0001s ]
INFO: [ app_end ] --START--
INFO: Run Behavior\ShowPageTraceBehavior [ RunTime:0.000461s ]
INFO: [ app_end ] --END-- [ RunTime:0.000541s ]

[ 2018-01-02T14:40:13+08:00 ] ::1 /booksystem/index.php/Home/Book/getPageList?page=1&limit=10&truename=
INFO: [ app_begin ] --START--
INFO: Run Behavior\ReadHtmlCacheBehavior [ RunTime:0.000612s ]
INFO: [ app_begin ] --END-- [ RunTime:0.001171s ]
SQL: SHOW COLUMNS FROM `book` [ RunTime:0.0010s ]
NOTIC: [8] Undefined variable: bookname D:\wamp\Apache24\www\BookSystem\Application\Home\Controller\BookController.class.php 第 23 行.
SQL: SELECT COUNT(*) AS tp_count FROM `book` WHERE ( bookname like'%%' ) LIMIT 1   [ RunTime:0.0012s ]
NOTIC: [8] Undefined variable: bookname D:\wamp\Apache24\www\BookSystem\Application\Home\Controller\BookController.class.php 第 27 行.
SQL: select * from Book where bookname like '%%' order by id limit 0,10 [ RunTime:0.0004s ]
INFO: [ app_end ] --START--
INFO: Run Behavior\ShowPageTraceBehavior [ RunTime:0.000715s ]
INFO: [ app_end ] --END-- [ RunTime:0.000799s ]

[ 2018-01-02T14:40:14+08:00 ] ::1 /booksystem/index.php/Home/Book/getPageList?page=1&limit=10&truename=
INFO: [ app_begin ] --START--
INFO: Run Behavior\ReadHtmlCacheBehavior [ RunTime:0.000457s ]
INFO: [ app_begin ] --END-- [ RunTime:0.001040s ]
SQL: SHOW COLUMNS FROM `book` [ RunTime:0.0008s ]
NOTIC: [8] Undefined variable: bookname D:\wamp\Apache24\www\BookSystem\Application\Home\Controller\BookController.class.php 第 23 行.
SQL: SELECT COUNT(*) AS tp_count FROM `book` WHERE ( bookname like'%%' ) LIMIT 1   [ RunTime:0.0008s ]
NOTIC: [8] Undefined variable: bookname D:\wamp\Apache24\www\BookSystem\Application\Home\Controller\BookController.class.php 第 27 行.
SQL: select * from Book where bookname like '%%' order by id limit 0,10 [ RunTime:0.0003s ]
INFO: [ app_end ] --START--
INFO: Run Behavior\ShowPageTraceBehavior [ RunTime:0.000520s ]
INFO: [ app_end ] --END-- [ RunTime:0.000599s ]

[ 2018-01-02T14:40:29+08:00 ] ::1 /booksystem/index.php/Home/Book/getPageList?page=1&limit=10&truename=
INFO: [ app_begin ] --START--
INFO: Run Behavior\ReadHtmlCacheBehavior [ RunTime:0.003077s ]
INFO: [ app_begin ] --END-- [ RunTime:0.004335s ]
SQL: SHOW COLUMNS FROM `book` [ RunTime:0.0005s ]
NOTIC: [8] Undefined variable: bookname D:\wamp\Apache24\www\BookSystem\Application\Home\Controller\BookController.class.php 第 23 行.
SQL: SELECT COUNT(*) AS tp_count FROM `book` WHERE ( bookname like'%%' ) LIMIT 1   [ RunTime:0.0002s ]
NOTIC: [8] Undefined variable: bookname D:\wamp\Apache24\www\BookSystem\Application\Home\Controller\BookController.class.php 第 27 行.
SQL: select * from Book where bookname like '%%' order by id limit 0,10 [ RunTime:0.0002s ]
INFO: [ app_end ] --START--
INFO: Run Behavior\ShowPageTraceBehavior [ RunTime:0.000495s ]
INFO: [ app_end ] --END-- [ RunTime:0.000573s ]

[ 2018-01-02T14:43:00+08:00 ] ::1 /booksystem/index.php/Home/Book/getPageList?page=1&limit=10&truename=
INFO: [ app_begin ] --START--
INFO: Run Behavior\ReadHtmlCacheBehavior [ RunTime:0.000445s ]
INFO: [ app_begin ] --END-- [ RunTime:0.000824s ]
SQL: SHOW COLUMNS FROM `book` [ RunTime:0.0010s ]
NOTIC: [8] Undefined variable: bookname D:\wamp\Apache24\www\BookSystem\Application\Home\Controller\BookController.class.php 第 23 行.
SQL: SELECT COUNT(*) AS tp_count FROM `book` WHERE ( bookname like'%%' ) LIMIT 1   [ RunTime:0.0002s ]
NOTIC: [8] Undefined variable: bookname D:\wamp\Apache24\www\BookSystem\Application\Home\Controller\BookController.class.php 第 27 行.
SQL: select * from Book where bookname like '%%' order by id limit 0,10 [ RunTime:0.0002s ]
INFO: [ app_end ] --START--
INFO: Run Behavior\ShowPageTraceBehavior [ RunTime:0.000534s ]
INFO: [ app_end ] --END-- [ RunTime:0.000612s ]

[ 2018-01-02T14:43:24+08:00 ] ::1 /booksystem/index.php/Home/Book/getPageList?page=1&limit=10&truename=
INFO: [ app_begin ] --START--
INFO: Run Behavior\ReadHtmlCacheBehavior [ RunTime:0.000707s ]
INFO: [ app_begin ] --END-- [ RunTime:0.001404s ]
SQL: SHOW COLUMNS FROM `book` [ RunTime:0.0009s ]
NOTIC: [8] Undefined variable: bookname D:\wamp\Apache24\www\BookSystem\Application\Home\Controller\BookController.class.php 第 23 行.
SQL: SELECT COUNT(*) AS tp_count FROM `book` WHERE ( bookname like'%%' ) LIMIT 1   [ RunTime:0.0002s ]
NOTIC: [8] Undefined variable: bookname D:\wamp\Apache24\www\BookSystem\Application\Home\Controller\BookController.class.php 第 27 行.
SQL: select * from Book where bookname like '%%' order by id limit 0,10 [ RunTime:0.0001s ]
INFO: [ app_end ] --START--
INFO: Run Behavior\ShowPageTraceBehavior [ RunTime:0.000601s ]
INFO: [ app_end ] --END-- [ RunTime:0.000683s ]

[ 2018-01-02T14:43:52+08:00 ] ::1 /booksystem/index.php/Home/Book/getPageList?page=1&limit=10&truename=
INFO: [ app_begin ] --START--
INFO: Run Behavior\ReadHtmlCacheBehavior [ RunTime:0.000494s ]
INFO: [ app_begin ] --END-- [ RunTime:0.000899s ]
SQL: SHOW COLUMNS FROM `book` [ RunTime:0.0010s ]
NOTIC: [8] Undefined variable: bookname D:\wamp\Apache24\www\BookSystem\Application\Home\Controller\BookController.class.php 第 23 行.
SQL: SELECT COUNT(*) AS tp_count FROM `book` WHERE ( bookname like'%%' ) LIMIT 1   [ RunTime:0.0004s ]
NOTIC: [8] Undefined variable: bookname D:\wamp\Apache24\www\BookSystem\Application\Home\Controller\BookController.class.php 第 27 行.
SQL: select * from Book where bookname like '%%' order by id limit 0,10 [ RunTime:0.0009s ]
INFO: [ app_end ] --START--
INFO: Run Behavior\ShowPageTraceBehavior [ RunTime:0.001095s ]
INFO: [ app_end ] --END-- [ RunTime:0.001274s ]

[ 2018-01-02T14:49:12+08:00 ] ::1 /booksystem/index.php/Home/Book/getPageList?page=1&limit=10&truename=
INFO: [ app_begin ] --START--
INFO: Run Behavior\ReadHtmlCacheBehavior [ RunTime:0.000449s ]
INFO: [ app_begin ] --END-- [ RunTime:0.000812s ]
SQL: SHOW COLUMNS FROM `book` [ RunTime:0.0019s ]
NOTIC: [8] Undefined variable: bookname D:\wamp\Apache24\www\BookSystem\Application\Home\Controller\BookController.class.php 第 23 行.
SQL: SELECT COUNT(*) AS tp_count FROM `book` WHERE ( bookname like'%%' ) LIMIT 1   [ RunTime:0.0003s ]
NOTIC: [8] Undefined variable: bookname D:\wamp\Apache24\www\BookSystem\Application\Home\Controller\BookController.class.php 第 27 行.
SQL: select * from Book where bookname like '%%' order by id limit 0,10 [ RunTime:0.0003s ]
INFO: [ app_end ] --START--
INFO: Run Behavior\ShowPageTraceBehavior [ RunTime:0.000511s ]
INFO: [ app_end ] --END-- [ RunTime:0.000588s ]

[ 2018-01-02T14:49:34+08:00 ] ::1 /booksystem/index.php/Home/Book/getPageList?page=1&limit=10&truename=
INFO: [ app_begin ] --START--
INFO: Run Behavior\ReadHtmlCacheBehavior [ RunTime:0.000582s ]
INFO: [ app_begin ] --END-- [ RunTime:0.000989s ]
SQL: SHOW COLUMNS FROM `book` [ RunTime:0.0009s ]
NOTIC: [8] Undefined variable: bookname D:\wamp\Apache24\www\BookSystem\Application\Home\Controller\BookController.class.php 第 23 行.
SQL: SELECT COUNT(*) AS tp_count FROM `book` WHERE ( bookname like'%%' ) LIMIT 1   [ RunTime:0.0002s ]
NOTIC: [8] Undefined variable: bookname D:\wamp\Apache24\www\BookSystem\Application\Home\Controller\BookController.class.php 第 27 行.
SQL: select * from Book where bookname like '%%' order by id limit 0,10 [ RunTime:0.0003s ]
INFO: [ app_end ] --START--
INFO: Run Behavior\ShowPageTraceBehavior [ RunTime:0.000623s ]
INFO: [ app_end ] --END-- [ RunTime:0.000705s ]

[ 2018-01-02T14:49:55+08:00 ] ::1 /booksystem/index.php/Home/Book/getPageList?page=1&limit=10&truename=
INFO: [ app_begin ] --START--
INFO: Run Behavior\ReadHtmlCacheBehavior [ RunTime:0.000382s ]
INFO: [ app_begin ] --END-- [ RunTime:0.000747s ]
SQL: SHOW COLUMNS FROM `book` [ RunTime:0.0005s ]
NOTIC: [8] Undefined variable: bookname D:\wamp\Apache24\www\BookSystem\Application\Home\Controller\BookController.class.php 第 23 行.
SQL: SELECT COUNT(*) AS tp_count FROM `book` WHERE ( bookname like'%%' ) LIMIT 1   [ RunTime:0.0002s ]
NOTIC: [8] Undefined variable: bookname D:\wamp\Apache24\www\BookSystem\Application\Home\Controller\BookController.class.php 第 27 行.
SQL: select * from Book where bookname like '%%' order by id limit 0,10 [ RunTime:0.0002s ]
INFO: [ app_end ] --START--
INFO: Run Behavior\ShowPageTraceBehavior [ RunTime:0.000615s ]
INFO: [ app_end ] --END-- [ RunTime:0.000697s ]

[ 2018-01-02T14:53:44+08:00 ] ::1 /booksystem/index.php/Home/Book/getPageList?page=1&limit=10&truename=
INFO: [ app_begin ] --START--
INFO: Run Behavior\ReadHtmlCacheBehavior [ RunTime:0.002259s ]
INFO: [ app_begin ] --END-- [ RunTime:0.004438s ]
SQL: SHOW COLUMNS FROM `book` [ RunTime:0.0009s ]
NOTIC: [8] Undefined variable: bookname D:\wamp\Apache24\www\BookSystem\Application\Home\Controller\BookController.class.php 第 23 行.
SQL: SELECT COUNT(*) AS tp_count FROM `book` WHERE ( bookname like'%%' ) LIMIT 1   [ RunTime:0.0002s ]
NOTIC: [8] Undefined variable: bookname D:\wamp\Apache24\www\BookSystem\Application\Home\Controller\BookController.class.php 第 27 行.
SQL: select * from Book where bookname like '%%' order by id limit 0,10 [ RunTime:0.0002s ]
INFO: [ app_end ] --START--
INFO: Run Behavior\ShowPageTraceBehavior [ RunTime:0.000478s ]
INFO: [ app_end ] --END-- [ RunTime:0.000554s ]

[ 2018-01-02T14:54:22+08:00 ] ::1 /booksystem/index.php/Home/Book/add
INFO: [ app_begin ] --START--
INFO: Run Behavior\ReadHtmlCacheBehavior [ RunTime:0.000522s ]
INFO: [ app_begin ] --END-- [ RunTime:0.000940s ]
SQL: SHOW COLUMNS FROM `book` [ RunTime:0.0009s ]
SQL: SELECT * FROM `book` WHERE ( barcode = "1" )  [ RunTime:0.0003s ]
SQL: INSERT INTO `book` (`barcode`,`bookName`,`author`,`num`,`price`,`bookType`) VALUES ('1','金瓶梅','奥巴马','10','56.3','1') [ RunTime:0.0442s ]
INFO: [ app_end ] --START--
INFO: Run Behavior\ShowPageTraceBehavior [ RunTime:0.000671s ]
INFO: [ app_end ] --END-- [ RunTime:0.000753s ]

[ 2018-01-02T14:54:24+08:00 ] ::1 /booksystem/index.php/Home/Book/getPageList?page=1&limit=10&truename=
INFO: [ app_begin ] --START--
INFO: Run Behavior\ReadHtmlCacheBehavior [ RunTime:0.002025s ]
INFO: [ app_begin ] --END-- [ RunTime:0.003113s ]
SQL: SHOW COLUMNS FROM `book` [ RunTime:0.0010s ]
NOTIC: [8] Undefined variable: bookname D:\wamp\Apache24\www\BookSystem\Application\Home\Controller\BookController.class.php 第 23 行.
SQL: SELECT COUNT(*) AS tp_count FROM `book` WHERE ( bookname like'%%' ) LIMIT 1   [ RunTime:0.0002s ]
NOTIC: [8] Undefined variable: bookname D:\wamp\Apache24\www\BookSystem\Application\Home\Controller\BookController.class.php 第 27 行.
SQL: select * from Book where bookname like '%%' order by id limit 0,10 [ RunTime:0.0002s ]
INFO: [ app_end ] --START--
INFO: Run Behavior\ShowPageTraceBehavior [ RunTime:0.000513s ]
INFO: [ app_end ] --END-- [ RunTime:0.000588s ]

